<?xml version="1.0" encoding="UTF-8"?>
<testsuite name="io.gg.arcade.domain.game.service.GameServiceTest" tests="2" skipped="0" failures="0" errors="0" timestamp="2022-06-08T10:55:20" hostname="Heos-MacBook-Air.local" time="0.051">
  <properties/>
  <testcase name="addGame()" classname="io.gg.arcade.domain.game.service.GameServiceTest" time="0.03"/>
  <testcase name="modifyGame()" classname="io.gg.arcade.domain.game.service.GameServiceTest" time="0.02"/>
  <system-out><![CDATA[2022-06-08 19:55:20.269  INFO 70222 --- [    Test worker] .b.t.c.SpringBootTestContextBootstrapper : Neither @ContextConfiguration nor @ContextHierarchy found for test class [io.gg.arcade.domain.game.service.GameServiceTest], using SpringBootContextLoader
2022-06-08 19:55:20.271  INFO 70222 --- [    Test worker] o.s.t.c.support.AbstractContextLoader    : Could not detect default resource locations for test class [io.gg.arcade.domain.game.service.GameServiceTest]: no resource found for suffixes {-context.xml, Context.groovy}.
2022-06-08 19:55:20.271  INFO 70222 --- [    Test worker] t.c.s.AnnotationConfigContextLoaderUtils : Could not detect default configuration classes for test class [io.gg.arcade.domain.game.service.GameServiceTest]: GameServiceTest does not declare any static, non-private, non-final, nested classes annotated with @Configuration.
2022-06-08 19:55:20.294  INFO 70222 --- [    Test worker] .b.t.c.SpringBootTestContextBootstrapper : Found @SpringBootConfiguration io.gg.arcade.Application for test class io.gg.arcade.domain.game.service.GameServiceTest
2022-06-08 19:55:20.298  INFO 70222 --- [    Test worker] .b.t.c.SpringBootTestContextBootstrapper : Loaded default TestExecutionListener class names from location [META-INF/spring.factories]: [org.springframework.boot.test.autoconfigure.restdocs.RestDocsTestExecutionListener, org.springframework.boot.test.autoconfigure.web.client.MockRestServiceServerResetTestExecutionListener, org.springframework.boot.test.autoconfigure.web.servlet.MockMvcPrintOnlyOnFailureTestExecutionListener, org.springframework.boot.test.autoconfigure.web.servlet.WebDriverTestExecutionListener, org.springframework.boot.test.autoconfigure.webservices.client.MockWebServiceServerTestExecutionListener, org.springframework.boot.test.mock.mockito.MockitoTestExecutionListener, org.springframework.boot.test.mock.mockito.ResetMocksTestExecutionListener, org.springframework.test.context.web.ServletTestExecutionListener, org.springframework.test.context.support.DirtiesContextBeforeModesTestExecutionListener, org.springframework.test.context.event.ApplicationEventsTestExecutionListener, org.springframework.test.context.support.DependencyInjectionTestExecutionListener, org.springframework.test.context.support.DirtiesContextTestExecutionListener, org.springframework.test.context.transaction.TransactionalTestExecutionListener, org.springframework.test.context.jdbc.SqlScriptsTestExecutionListener, org.springframework.test.context.event.EventPublishingTestExecutionListener]
2022-06-08 19:55:20.298  INFO 70222 --- [    Test worker] .b.t.c.SpringBootTestContextBootstrapper : Using TestExecutionListeners: [org.springframework.test.context.web.ServletTestExecutionListener@68769265, org.springframework.test.context.support.DirtiesContextBeforeModesTestExecutionListener@5e9355a6, org.springframework.test.context.event.ApplicationEventsTestExecutionListener@69f35d31, org.springframework.boot.test.mock.mockito.MockitoTestExecutionListener@68c1d547, org.springframework.boot.test.autoconfigure.SpringBootDependencyInjectionTestExecutionListener@34788780, org.springframework.test.context.support.DirtiesContextTestExecutionListener@7002dacc, org.springframework.test.context.transaction.TransactionalTestExecutionListener@36b1b28, org.springframework.test.context.jdbc.SqlScriptsTestExecutionListener@65669def, org.springframework.test.context.event.EventPublishingTestExecutionListener@15d25244, org.springframework.boot.test.autoconfigure.restdocs.RestDocsTestExecutionListener@73602e88, org.springframework.boot.test.autoconfigure.web.client.MockRestServiceServerResetTestExecutionListener@2889d997, org.springframework.boot.test.autoconfigure.web.servlet.MockMvcPrintOnlyOnFailureTestExecutionListener@7951a08c, org.springframework.boot.test.autoconfigure.web.servlet.WebDriverTestExecutionListener@7e168d90, org.springframework.boot.test.autoconfigure.webservices.client.MockWebServiceServerTestExecutionListener@cf0e8b4, org.springframework.boot.test.mock.mockito.ResetMocksTestExecutionListener@6a53cddc]
Hibernate: select next_val as id_val from hibernate_sequence for update
Hibernate: update hibernate_sequence set next_val= ? where next_val=?
Hibernate: insert into game (created_date, modified_date, status, team1_id, team1_score, team1_win, team2_id, team2_score, team2_win, id) values (?, ?, ?, ?, ?, ?, ?, ?, ?, ?)
Hibernate: select game0_.id as id1_0_, game0_.created_date as created_2_0_, game0_.modified_date as modified3_0_, game0_.status as status4_0_, game0_.team1_id as team5_0_, game0_.team1_score as team6_0_, game0_.team1_win as team7_0_, game0_.team2_id as team8_0_, game0_.team2_score as team9_0_, game0_.team2_win as team10_0_ from game game0_
2022-06-08 19:55:20.338  INFO 70222 --- [    Test worker] o.s.t.c.transaction.TransactionContext   : Began transaction (1) for test context [DefaultTestContext@58182d7 testClass = GameServiceTest, testInstance = io.gg.arcade.domain.game.service.GameServiceTest@1eedf268, testMethod = modifyGame@GameServiceTest, testException = [null], mergedContextConfiguration = [WebMergedContextConfiguration@654322b0 testClass = GameServiceTest, locations = '{}', classes = '{class io.gg.arcade.Application}', contextInitializerClasses = '[]', activeProfiles = '{}', propertySourceLocations = '{}', propertySourceProperties = '{org.springframework.boot.test.context.SpringBootTestContextBootstrapper=true}', contextCustomizers = set[org.springframework.boot.test.autoconfigure.actuate.metrics.MetricsExportContextCustomizerFactory$DisableMetricExportContextCustomizer@75459c75, org.springframework.boot.test.autoconfigure.properties.PropertyMappingContextCustomizer@0, org.springframework.boot.test.autoconfigure.web.servlet.WebDriverContextCustomizerFactory$Customizer@5f031ebd, org.springframework.boot.test.context.filter.ExcludeFilterContextCustomizer@53812a9b, org.springframework.boot.test.json.DuplicateJsonObjectContextCustomizerFactory$DuplicateJsonObjectContextCustomizer@422c3c7a, org.springframework.boot.test.mock.mockito.MockitoContextCustomizer@0, org.springframework.boot.test.web.client.TestRestTemplateContextCustomizer@7446d8d5, org.springframework.boot.test.context.SpringBootTestArgs@1, org.springframework.boot.test.context.SpringBootTestWebEnvironment@7068e664], resourceBasePath = 'src/main/webapp', contextLoader = 'org.springframework.boot.test.context.SpringBootContextLoader', parent = [null]], attributes = map['org.springframework.test.context.web.ServletTestExecutionListener.activateListener' -> true, 'org.springframework.test.context.web.ServletTestExecutionListener.populatedRequestContextHolder' -> true, 'org.springframework.test.context.web.ServletTestExecutionListener.resetRequestContextHolder' -> true, 'org.springframework.test.context.event.ApplicationEventsTestExecutionListener.recordApplicationEvents' -> false]]; transaction manager [org.springframework.orm.jpa.JpaTransactionManager@2cf97875]; rollback [true]
Hibernate: select next_val as id_val from hibernate_sequence for update
Hibernate: update hibernate_sequence set next_val= ? where next_val=?
Hibernate: insert into game (created_date, modified_date, status, team1_id, team1_score, team1_win, team2_id, team2_score, team2_win, id) values (?, ?, ?, ?, ?, ?, ?, ?, ?, ?)
Hibernate: select game0_.id as id1_0_, game0_.created_date as created_2_0_, game0_.modified_date as modified3_0_, game0_.status as status4_0_, game0_.team1_id as team5_0_, game0_.team1_score as team6_0_, game0_.team1_win as team7_0_, game0_.team2_id as team8_0_, game0_.team2_score as team9_0_, game0_.team2_win as team10_0_ from game game0_
2022-06-08 19:55:20.353  INFO 70222 --- [    Test worker] o.s.t.c.transaction.TransactionContext   : Rolled back transaction for test: [DefaultTestContext@58182d7 testClass = GameServiceTest, testInstance = io.gg.arcade.domain.game.service.GameServiceTest@1eedf268, testMethod = modifyGame@GameServiceTest, testException = [null], mergedContextConfiguration = [WebMergedContextConfiguration@654322b0 testClass = GameServiceTest, locations = '{}', classes = '{class io.gg.arcade.Application}', contextInitializerClasses = '[]', activeProfiles = '{}', propertySourceLocations = '{}', propertySourceProperties = '{org.springframework.boot.test.context.SpringBootTestContextBootstrapper=true}', contextCustomizers = set[org.springframework.boot.test.autoconfigure.actuate.metrics.MetricsExportContextCustomizerFactory$DisableMetricExportContextCustomizer@75459c75, org.springframework.boot.test.autoconfigure.properties.PropertyMappingContextCustomizer@0, org.springframework.boot.test.autoconfigure.web.servlet.WebDriverContextCustomizerFactory$Customizer@5f031ebd, org.springframework.boot.test.context.filter.ExcludeFilterContextCustomizer@53812a9b, org.springframework.boot.test.json.DuplicateJsonObjectContextCustomizerFactory$DuplicateJsonObjectContextCustomizer@422c3c7a, org.springframework.boot.test.mock.mockito.MockitoContextCustomizer@0, org.springframework.boot.test.web.client.TestRestTemplateContextCustomizer@7446d8d5, org.springframework.boot.test.context.SpringBootTestArgs@1, org.springframework.boot.test.context.SpringBootTestWebEnvironment@7068e664], resourceBasePath = 'src/main/webapp', contextLoader = 'org.springframework.boot.test.context.SpringBootContextLoader', parent = [null]], attributes = map['org.springframework.test.context.web.ServletTestExecutionListener.activateListener' -> true, 'org.springframework.test.context.web.ServletTestExecutionListener.populatedRequestContextHolder' -> true, 'org.springframework.test.context.web.ServletTestExecutionListener.resetRequestContextHolder' -> true, 'org.springframework.test.context.event.ApplicationEventsTestExecutionListener.recordApplicationEvents' -> false]]
]]></system-out>
  <system-err><![CDATA[]]></system-err>
</testsuite>
