<?xml version="1.0" encoding="UTF-8"?>
<testsuite name="io.pp.arcade.domain.slot.controller.SlotControllerTest" tests="3" skipped="0" failures="0" errors="0" timestamp="2022-06-13T03:00:19" hostname="KDHs-MacBook-Pro.local" time="0.936">
  <properties/>
  <testcase name="slotRemoveUser()" classname="io.pp.arcade.domain.slot.controller.SlotControllerTest" time="0.197"/>
  <testcase name="slotStatusList()" classname="io.pp.arcade.domain.slot.controller.SlotControllerTest" time="0.436"/>
  <testcase name="slotAddUser()" classname="io.pp.arcade.domain.slot.controller.SlotControllerTest" time="0.286"/>
  <system-out><![CDATA[2022-06-13 12:00:19.032  INFO 53749 --- [    Test worker] .b.t.c.SpringBootTestContextBootstrapper : Neither @ContextConfiguration nor @ContextHierarchy found for test class [io.pp.arcade.domain.slot.controller.SlotControllerTest], using SpringBootContextLoader
2022-06-13 12:00:19.034  INFO 53749 --- [    Test worker] o.s.t.c.support.AbstractContextLoader    : Could not detect default resource locations for test class [io.pp.arcade.domain.slot.controller.SlotControllerTest]: no resource found for suffixes {-context.xml, Context.groovy}.
2022-06-13 12:00:19.035  INFO 53749 --- [    Test worker] t.c.s.AnnotationConfigContextLoaderUtils : Could not detect default configuration classes for test class [io.pp.arcade.domain.slot.controller.SlotControllerTest]: SlotControllerTest does not declare any static, non-private, non-final, nested classes annotated with @Configuration.
2022-06-13 12:00:19.180  INFO 53749 --- [    Test worker] .b.t.c.SpringBootTestContextBootstrapper : Found @SpringBootConfiguration io.pp.arcade.Application for test class io.pp.arcade.domain.slot.controller.SlotControllerTest
2022-06-13 12:00:19.193  INFO 53749 --- [    Test worker] .b.t.c.SpringBootTestContextBootstrapper : Loaded default TestExecutionListener class names from location [META-INF/spring.factories]: [org.springframework.boot.test.autoconfigure.restdocs.RestDocsTestExecutionListener, org.springframework.boot.test.autoconfigure.web.client.MockRestServiceServerResetTestExecutionListener, org.springframework.boot.test.autoconfigure.web.servlet.MockMvcPrintOnlyOnFailureTestExecutionListener, org.springframework.boot.test.autoconfigure.web.servlet.WebDriverTestExecutionListener, org.springframework.boot.test.autoconfigure.webservices.client.MockWebServiceServerTestExecutionListener, org.springframework.boot.test.mock.mockito.MockitoTestExecutionListener, org.springframework.boot.test.mock.mockito.ResetMocksTestExecutionListener, org.springframework.test.context.web.ServletTestExecutionListener, org.springframework.test.context.support.DirtiesContextBeforeModesTestExecutionListener, org.springframework.test.context.event.ApplicationEventsTestExecutionListener, org.springframework.test.context.support.DependencyInjectionTestExecutionListener, org.springframework.test.context.support.DirtiesContextTestExecutionListener, org.springframework.test.context.transaction.TransactionalTestExecutionListener, org.springframework.test.context.jdbc.SqlScriptsTestExecutionListener, org.springframework.test.context.event.EventPublishingTestExecutionListener]
2022-06-13 12:00:19.195  INFO 53749 --- [    Test worker] .b.t.c.SpringBootTestContextBootstrapper : Using TestExecutionListeners: [org.springframework.test.context.web.ServletTestExecutionListener@815e8e3, org.springframework.test.context.support.DirtiesContextBeforeModesTestExecutionListener@566b1b0f, org.springframework.test.context.event.ApplicationEventsTestExecutionListener@20961f8b, org.springframework.boot.test.mock.mockito.MockitoTestExecutionListener@23faae85, org.springframework.boot.test.autoconfigure.SpringBootDependencyInjectionTestExecutionListener@48f08e9, org.springframework.test.context.support.DirtiesContextTestExecutionListener@ab2d814, org.springframework.test.context.transaction.TransactionalTestExecutionListener@1a48e48e, org.springframework.test.context.jdbc.SqlScriptsTestExecutionListener@6c30efc4, org.springframework.test.context.event.EventPublishingTestExecutionListener@10847aeb, org.springframework.boot.test.autoconfigure.restdocs.RestDocsTestExecutionListener@cea6297, org.springframework.boot.test.autoconfigure.web.client.MockRestServiceServerResetTestExecutionListener@51db8b10, org.springframework.boot.test.autoconfigure.web.servlet.MockMvcPrintOnlyOnFailureTestExecutionListener@3afe1020, org.springframework.boot.test.autoconfigure.web.servlet.WebDriverTestExecutionListener@91e76b6, org.springframework.boot.test.autoconfigure.webservices.client.MockWebServiceServerTestExecutionListener@563f53d8, org.springframework.boot.test.mock.mockito.ResetMocksTestExecutionListener@5bb1c104]
2022-06-13 12:00:19.242  INFO 53749 --- [    Test worker] o.s.t.c.transaction.TransactionContext   : Began transaction (1) for test context [DefaultTestContext@631ff7a2 testClass = SlotControllerTest, testInstance = io.pp.arcade.domain.slot.controller.SlotControllerTest@54353bb1, testMethod = slotRemoveUser@SlotControllerTest, testException = [null], mergedContextConfiguration = [WebMergedContextConfiguration@3a837f7 testClass = SlotControllerTest, locations = '{}', classes = '{class io.pp.arcade.Application}', contextInitializerClasses = '[]', activeProfiles = '{}', propertySourceLocations = '{}', propertySourceProperties = '{org.springframework.boot.test.context.SpringBootTestContextBootstrapper=true}', contextCustomizers = set[org.springframework.boot.test.autoconfigure.actuate.metrics.MetricsExportContextCustomizerFactory$DisableMetricExportContextCustomizer@56a4479a, org.springframework.boot.test.autoconfigure.properties.PropertyMappingContextCustomizer@63da79bb, org.springframework.boot.test.autoconfigure.web.servlet.WebDriverContextCustomizerFactory$Customizer@67ab1c47, [ImportsContextCustomizer@13ea9afc key = [@org.springframework.boot.test.context.SpringBootTest(args={}, webEnvironment=MOCK, value={}, properties={}, classes={}), @org.springframework.boot.test.autoconfigure.properties.PropertyMapping(value="spring.test.mockmvc", skip=NO), @org.springframework.context.annotation.Import(value={org.springframework.boot.autoconfigure.ImportAutoConfigurationImportSelector.class}), @org.springframework.context.annotation.Import(value={org.springframework.boot.test.autoconfigure.restdocs.RestDocumentationContextProviderRegistrar.class}), @org.springframework.boot.autoconfigure.ImportAutoConfiguration(value={}, exclude={}, classes={}), @org.springframework.boot.test.autoconfigure.properties.PropertyMapping(value="spring.test.restdocs", skip=NO), @org.springframework.boot.test.autoconfigure.web.servlet.AutoConfigureMockMvc(webDriverEnabled=true, print=DEFAULT, webClientEnabled=true, addFilters=true, printOnlyOnFailure=true), @org.springframework.boot.test.autoconfigure.restdocs.AutoConfigureRestDocs(uriScheme="http", outputDir="", uriPort=8080, value="", uriHost="localhost"), @org.springframework.test.context.BootstrapWith(value=org.springframework.boot.test.context.SpringBootTestContextBootstrapper.class), @org.springframework.context.annotation.Import(value={io.pp.arcade.RestDocsConfiguration.class})]], org.springframework.boot.test.context.filter.ExcludeFilterContextCustomizer@2a3c96e3, org.springframework.boot.test.json.DuplicateJsonObjectContextCustomizerFactory$DuplicateJsonObjectContextCustomizer@cb191ca, org.springframework.boot.test.mock.mockito.MockitoContextCustomizer@0, org.springframework.boot.test.web.client.TestRestTemplateContextCustomizer@75d0911a, org.springframework.boot.test.context.SpringBootTestArgs@1, org.springframework.boot.test.context.SpringBootTestWebEnvironment@15d49048], resourceBasePath = 'src/main/webapp', contextLoader = 'org.springframework.boot.test.context.SpringBootContextLoader', parent = [null]], attributes = map['org.springframework.test.context.web.ServletTestExecutionListener.activateListener' -> true, 'org.springframework.test.context.web.ServletTestExecutionListener.populatedRequestContextHolder' -> true, 'org.springframework.test.context.web.ServletTestExecutionListener.resetRequestContextHolder' -> true, 'org.springframework.test.context.event.ApplicationEventsTestExecutionListener.recordApplicationEvents' -> false]]; transaction manager [org.springframework.orm.jpa.JpaTransactionManager@5d4a1d2c]; rollback [true]
Hibernate: insert into user (image_uri, intra_id, ppp, racket_type, status_message) values (?, ?, ?, ?, ?)
Hibernate: insert into user (image_uri, intra_id, ppp, racket_type, status_message) values (?, ?, ?, ?, ?)
Hibernate: insert into user (image_uri, intra_id, ppp, racket_type, status_message) values (?, ?, ?, ?, ?)
Hibernate: insert into user (image_uri, intra_id, ppp, racket_type, status_message) values (?, ?, ?, ?, ?)
Hibernate: insert into user (image_uri, intra_id, ppp, racket_type, status_message) values (?, ?, ?, ?, ?)
Hibernate: insert into user (image_uri, intra_id, ppp, racket_type, status_message) values (?, ?, ?, ?, ?)
Hibernate: insert into team (head_count, score, team_ppp, user1_id, user2_id, win) values (?, ?, ?, ?, ?, ?)
Hibernate: insert into team (head_count, score, team_ppp, user1_id, user2_id, win) values (?, ?, ?, ?, ?, ?)
Hibernate: insert into slot (created_date, modified_date, game_ppp, head_count, table_id, team1_id, team2_id, time, type) values (?, ?, ?, ?, ?, ?, ?, ?, ?)
Hibernate: insert into team (head_count, score, team_ppp, user1_id, user2_id, win) values (?, ?, ?, ?, ?, ?)
Hibernate: insert into team (head_count, score, team_ppp, user1_id, user2_id, win) values (?, ?, ?, ?, ?, ?)
Hibernate: insert into slot (created_date, modified_date, game_ppp, head_count, table_id, team1_id, team2_id, time, type) values (?, ?, ?, ?, ?, ?, ?, ?, ?)
Hibernate: insert into team (head_count, score, team_ppp, user1_id, user2_id, win) values (?, ?, ?, ?, ?, ?)
Hibernate: insert into team (head_count, score, team_ppp, user1_id, user2_id, win) values (?, ?, ?, ?, ?, ?)
Hibernate: insert into slot (created_date, modified_date, game_ppp, head_count, table_id, team1_id, team2_id, time, type) values (?, ?, ?, ?, ?, ?, ?, ?, ?)
Hibernate: insert into team (head_count, score, team_ppp, user1_id, user2_id, win) values (?, ?, ?, ?, ?, ?)
Hibernate: insert into team (head_count, score, team_ppp, user1_id, user2_id, win) values (?, ?, ?, ?, ?, ?)
Hibernate: insert into slot (created_date, modified_date, game_ppp, head_count, table_id, team1_id, team2_id, time, type) values (?, ?, ?, ?, ?, ?, ?, ?, ?)
Hibernate: insert into team (head_count, score, team_ppp, user1_id, user2_id, win) values (?, ?, ?, ?, ?, ?)
Hibernate: insert into team (head_count, score, team_ppp, user1_id, user2_id, win) values (?, ?, ?, ?, ?, ?)
Hibernate: insert into slot (created_date, modified_date, game_ppp, head_count, table_id, team1_id, team2_id, time, type) values (?, ?, ?, ?, ?, ?, ?, ?, ?)
Hibernate: insert into team (head_count, score, team_ppp, user1_id, user2_id, win) values (?, ?, ?, ?, ?, ?)
Hibernate: insert into team (head_count, score, team_ppp, user1_id, user2_id, win) values (?, ?, ?, ?, ?, ?)
Hibernate: insert into slot (created_date, modified_date, game_ppp, head_count, table_id, team1_id, team2_id, time, type) values (?, ?, ?, ?, ?, ?, ?, ?, ?)
Hibernate: insert into team (head_count, score, team_ppp, user1_id, user2_id, win) values (?, ?, ?, ?, ?, ?)
Hibernate: insert into team (head_count, score, team_ppp, user1_id, user2_id, win) values (?, ?, ?, ?, ?, ?)
Hibernate: insert into slot (created_date, modified_date, game_ppp, head_count, table_id, team1_id, team2_id, time, type) values (?, ?, ?, ?, ?, ?, ?, ?, ?)
Hibernate: insert into team (head_count, score, team_ppp, user1_id, user2_id, win) values (?, ?, ?, ?, ?, ?)
Hibernate: insert into team (head_count, score, team_ppp, user1_id, user2_id, win) values (?, ?, ?, ?, ?, ?)
Hibernate: insert into slot (created_date, modified_date, game_ppp, head_count, table_id, team1_id, team2_id, time, type) values (?, ?, ?, ?, ?, ?, ?, ?, ?)
Hibernate: insert into team (head_count, score, team_ppp, user1_id, user2_id, win) values (?, ?, ?, ?, ?, ?)
Hibernate: insert into team (head_count, score, team_ppp, user1_id, user2_id, win) values (?, ?, ?, ?, ?, ?)
Hibernate: insert into slot (created_date, modified_date, game_ppp, head_count, table_id, team1_id, team2_id, time, type) values (?, ?, ?, ?, ?, ?, ?, ?, ?)
Hibernate: insert into team (head_count, score, team_ppp, user1_id, user2_id, win) values (?, ?, ?, ?, ?, ?)
Hibernate: insert into team (head_count, score, team_ppp, user1_id, user2_id, win) values (?, ?, ?, ?, ?, ?)
Hibernate: insert into slot (created_date, modified_date, game_ppp, head_count, table_id, team1_id, team2_id, time, type) values (?, ?, ?, ?, ?, ?, ?, ?, ?)
Hibernate: insert into team (head_count, score, team_ppp, user1_id, user2_id, win) values (?, ?, ?, ?, ?, ?)
Hibernate: insert into team (head_count, score, team_ppp, user1_id, user2_id, win) values (?, ?, ?, ?, ?, ?)
Hibernate: insert into slot (created_date, modified_date, game_ppp, head_count, table_id, team1_id, team2_id, time, type) values (?, ?, ?, ?, ?, ?, ?, ?, ?)
Hibernate: insert into team (head_count, score, team_ppp, user1_id, user2_id, win) values (?, ?, ?, ?, ?, ?)
Hibernate: insert into team (head_count, score, team_ppp, user1_id, user2_id, win) values (?, ?, ?, ?, ?, ?)
Hibernate: insert into slot (created_date, modified_date, game_ppp, head_count, table_id, team1_id, team2_id, time, type) values (?, ?, ?, ?, ?, ?, ?, ?, ?)
Hibernate: insert into team (head_count, score, team_ppp, user1_id, user2_id, win) values (?, ?, ?, ?, ?, ?)
Hibernate: insert into team (head_count, score, team_ppp, user1_id, user2_id, win) values (?, ?, ?, ?, ?, ?)
Hibernate: insert into slot (created_date, modified_date, game_ppp, head_count, table_id, team1_id, team2_id, time, type) values (?, ?, ?, ?, ?, ?, ?, ?, ?)
Hibernate: insert into team (head_count, score, team_ppp, user1_id, user2_id, win) values (?, ?, ?, ?, ?, ?)
Hibernate: insert into team (head_count, score, team_ppp, user1_id, user2_id, win) values (?, ?, ?, ?, ?, ?)
Hibernate: insert into slot (created_date, modified_date, game_ppp, head_count, table_id, team1_id, team2_id, time, type) values (?, ?, ?, ?, ?, ?, ?, ?, ?)
Hibernate: insert into team (head_count, score, team_ppp, user1_id, user2_id, win) values (?, ?, ?, ?, ?, ?)
Hibernate: insert into team (head_count, score, team_ppp, user1_id, user2_id, win) values (?, ?, ?, ?, ?, ?)
Hibernate: insert into slot (created_date, modified_date, game_ppp, head_count, table_id, team1_id, team2_id, time, type) values (?, ?, ?, ?, ?, ?, ?, ?, ?)
Hibernate: insert into team (head_count, score, team_ppp, user1_id, user2_id, win) values (?, ?, ?, ?, ?, ?)
Hibernate: insert into team (head_count, score, team_ppp, user1_id, user2_id, win) values (?, ?, ?, ?, ?, ?)
Hibernate: insert into slot (created_date, modified_date, game_ppp, head_count, table_id, team1_id, team2_id, time, type) values (?, ?, ?, ?, ?, ?, ?, ?, ?)
Hibernate: insert into team (head_count, score, team_ppp, user1_id, user2_id, win) values (?, ?, ?, ?, ?, ?)
Hibernate: insert into team (head_count, score, team_ppp, user1_id, user2_id, win) values (?, ?, ?, ?, ?, ?)
Hibernate: insert into slot (created_date, modified_date, game_ppp, head_count, table_id, team1_id, team2_id, time, type) values (?, ?, ?, ?, ?, ?, ?, ?, ?)
Hibernate: insert into team (head_count, score, team_ppp, user1_id, user2_id, win) values (?, ?, ?, ?, ?, ?)
Hibernate: insert into team (head_count, score, team_ppp, user1_id, user2_id, win) values (?, ?, ?, ?, ?, ?)
Hibernate: insert into slot (created_date, modified_date, game_ppp, head_count, table_id, team1_id, team2_id, time, type) values (?, ?, ?, ?, ?, ?, ?, ?, ?)
Hibernate: select slot0_.id as id1_3_, slot0_.created_date as created_2_3_, slot0_.modified_date as modified3_3_, slot0_.game_ppp as game_ppp4_3_, slot0_.head_count as head_cou5_3_, slot0_.table_id as table_id6_3_, slot0_.team1_id as team9_3_, slot0_.team2_id as team10_3_, slot0_.time as time7_3_, slot0_.type as type8_3_ from slot slot0_
Hibernate: select currentmat0_.id as id1_0_, currentmat0_.created_date as created_2_0_, currentmat0_.modified_date as modified3_0_, currentmat0_.game_id as game_id6_0_, currentmat0_.is_matched as is_match4_0_, currentmat0_.match_imminent as match_im5_0_, currentmat0_.slot_id as slot_id7_0_, currentmat0_.user_id as user_id8_0_ from current_match currentmat0_ where currentmat0_.user_id=?
Hibernate: update team set head_count=?, score=?, team_ppp=?, user1_id=?, user2_id=?, win=? where id=?
Hibernate: update slot set modified_date=?, game_ppp=?, head_count=?, table_id=?, team1_id=?, team2_id=?, time=?, type=? where id=?
Hibernate: select slot0_.id as id1_3_, slot0_.created_date as created_2_3_, slot0_.modified_date as modified3_3_, slot0_.game_ppp as game_ppp4_3_, slot0_.head_count as head_cou5_3_, slot0_.table_id as table_id6_3_, slot0_.team1_id as team9_3_, slot0_.team2_id as team10_3_, slot0_.time as time7_3_, slot0_.type as type8_3_ from slot slot0_ where slot0_.created_date>?
Hibernate: select currentmat0_.id as id1_0_, currentmat0_.created_date as created_2_0_, currentmat0_.modified_date as modified3_0_, currentmat0_.game_id as game_id6_0_, currentmat0_.is_matched as is_match4_0_, currentmat0_.match_imminent as match_im5_0_, currentmat0_.slot_id as slot_id7_0_, currentmat0_.user_id as user_id8_0_ from current_match currentmat0_ where currentmat0_.user_id=?
2022-06-13 12:00:19.422  INFO 53749 --- [    Test worker] o.s.t.c.transaction.TransactionContext   : Rolled back transaction for test: [DefaultTestContext@631ff7a2 testClass = SlotControllerTest, testInstance = io.pp.arcade.domain.slot.controller.SlotControllerTest@54353bb1, testMethod = slotRemoveUser@SlotControllerTest, testException = [null], mergedContextConfiguration = [WebMergedContextConfiguration@3a837f7 testClass = SlotControllerTest, locations = '{}', classes = '{class io.pp.arcade.Application}', contextInitializerClasses = '[]', activeProfiles = '{}', propertySourceLocations = '{}', propertySourceProperties = '{org.springframework.boot.test.context.SpringBootTestContextBootstrapper=true}', contextCustomizers = set[org.springframework.boot.test.autoconfigure.actuate.metrics.MetricsExportContextCustomizerFactory$DisableMetricExportContextCustomizer@56a4479a, org.springframework.boot.test.autoconfigure.properties.PropertyMappingContextCustomizer@63da79bb, org.springframework.boot.test.autoconfigure.web.servlet.WebDriverContextCustomizerFactory$Customizer@67ab1c47, [ImportsContextCustomizer@13ea9afc key = [@org.springframework.boot.test.context.SpringBootTest(args={}, webEnvironment=MOCK, value={}, properties={}, classes={}), @org.springframework.boot.test.autoconfigure.properties.PropertyMapping(value="spring.test.mockmvc", skip=NO), @org.springframework.context.annotation.Import(value={org.springframework.boot.autoconfigure.ImportAutoConfigurationImportSelector.class}), @org.springframework.context.annotation.Import(value={org.springframework.boot.test.autoconfigure.restdocs.RestDocumentationContextProviderRegistrar.class}), @org.springframework.boot.autoconfigure.ImportAutoConfiguration(value={}, exclude={}, classes={}), @org.springframework.boot.test.autoconfigure.properties.PropertyMapping(value="spring.test.restdocs", skip=NO), @org.springframework.boot.test.autoconfigure.web.servlet.AutoConfigureMockMvc(webDriverEnabled=true, print=DEFAULT, webClientEnabled=true, addFilters=true, printOnlyOnFailure=true), @org.springframework.boot.test.autoconfigure.restdocs.AutoConfigureRestDocs(uriScheme="http", outputDir="", uriPort=8080, value="", uriHost="localhost"), @org.springframework.test.context.BootstrapWith(value=org.springframework.boot.test.context.SpringBootTestContextBootstrapper.class), @org.springframework.context.annotation.Import(value={io.pp.arcade.RestDocsConfiguration.class})]], org.springframework.boot.test.context.filter.ExcludeFilterContextCustomizer@2a3c96e3, org.springframework.boot.test.json.DuplicateJsonObjectContextCustomizerFactory$DuplicateJsonObjectContextCustomizer@cb191ca, org.springframework.boot.test.mock.mockito.MockitoContextCustomizer@0, org.springframework.boot.test.web.client.TestRestTemplateContextCustomizer@75d0911a, org.springframework.boot.test.context.SpringBootTestArgs@1, org.springframework.boot.test.context.SpringBootTestWebEnvironment@15d49048], resourceBasePath = 'src/main/webapp', contextLoader = 'org.springframework.boot.test.context.SpringBootContextLoader', parent = [null]], attributes = map['org.springframework.test.context.web.ServletTestExecutionListener.activateListener' -> true, 'org.springframework.test.context.web.ServletTestExecutionListener.populatedRequestContextHolder' -> true, 'org.springframework.test.context.web.ServletTestExecutionListener.resetRequestContextHolder' -> true, 'org.springframework.test.context.event.ApplicationEventsTestExecutionListener.recordApplicationEvents' -> false]]
2022-06-13 12:00:19.446  INFO 53749 --- [    Test worker] o.s.t.c.transaction.TransactionContext   : Began transaction (1) for test context [DefaultTestContext@631ff7a2 testClass = SlotControllerTest, testInstance = io.pp.arcade.domain.slot.controller.SlotControllerTest@61cf810c, testMethod = slotStatusList@SlotControllerTest, testException = [null], mergedContextConfiguration = [WebMergedContextConfiguration@3a837f7 testClass = SlotControllerTest, locations = '{}', classes = '{class io.pp.arcade.Application}', contextInitializerClasses = '[]', activeProfiles = '{}', propertySourceLocations = '{}', propertySourceProperties = '{org.springframework.boot.test.context.SpringBootTestContextBootstrapper=true}', contextCustomizers = set[org.springframework.boot.test.autoconfigure.actuate.metrics.MetricsExportContextCustomizerFactory$DisableMetricExportContextCustomizer@56a4479a, org.springframework.boot.test.autoconfigure.properties.PropertyMappingContextCustomizer@63da79bb, org.springframework.boot.test.autoconfigure.web.servlet.WebDriverContextCustomizerFactory$Customizer@67ab1c47, [ImportsContextCustomizer@13ea9afc key = [@org.springframework.boot.test.context.SpringBootTest(args={}, webEnvironment=MOCK, value={}, properties={}, classes={}), @org.springframework.boot.test.autoconfigure.properties.PropertyMapping(value="spring.test.mockmvc", skip=NO), @org.springframework.context.annotation.Import(value={org.springframework.boot.autoconfigure.ImportAutoConfigurationImportSelector.class}), @org.springframework.context.annotation.Import(value={org.springframework.boot.test.autoconfigure.restdocs.RestDocumentationContextProviderRegistrar.class}), @org.springframework.boot.autoconfigure.ImportAutoConfiguration(value={}, exclude={}, classes={}), @org.springframework.boot.test.autoconfigure.properties.PropertyMapping(value="spring.test.restdocs", skip=NO), @org.springframework.boot.test.autoconfigure.web.servlet.AutoConfigureMockMvc(webDriverEnabled=true, print=DEFAULT, webClientEnabled=true, addFilters=true, printOnlyOnFailure=true), @org.springframework.boot.test.autoconfigure.restdocs.AutoConfigureRestDocs(uriScheme="http", outputDir="", uriPort=8080, value="", uriHost="localhost"), @org.springframework.test.context.BootstrapWith(value=org.springframework.boot.test.context.SpringBootTestContextBootstrapper.class), @org.springframework.context.annotation.Import(value={io.pp.arcade.RestDocsConfiguration.class})]], org.springframework.boot.test.context.filter.ExcludeFilterContextCustomizer@2a3c96e3, org.springframework.boot.test.json.DuplicateJsonObjectContextCustomizerFactory$DuplicateJsonObjectContextCustomizer@cb191ca, org.springframework.boot.test.mock.mockito.MockitoContextCustomizer@0, org.springframework.boot.test.web.client.TestRestTemplateContextCustomizer@75d0911a, org.springframework.boot.test.context.SpringBootTestArgs@1, org.springframework.boot.test.context.SpringBootTestWebEnvironment@15d49048], resourceBasePath = 'src/main/webapp', contextLoader = 'org.springframework.boot.test.context.SpringBootContextLoader', parent = [null]], attributes = map['org.springframework.test.context.web.ServletTestExecutionListener.activateListener' -> true, 'org.springframework.test.context.web.ServletTestExecutionListener.populatedRequestContextHolder' -> true, 'org.springframework.test.context.web.ServletTestExecutionListener.resetRequestContextHolder' -> true, 'org.springframework.test.context.event.ApplicationEventsTestExecutionListener.recordApplicationEvents' -> false]]; transaction manager [org.springframework.orm.jpa.JpaTransactionManager@5d4a1d2c]; rollback [true]
Hibernate: insert into user (image_uri, intra_id, ppp, racket_type, status_message) values (?, ?, ?, ?, ?)
Hibernate: insert into user (image_uri, intra_id, ppp, racket_type, status_message) values (?, ?, ?, ?, ?)
Hibernate: insert into user (image_uri, intra_id, ppp, racket_type, status_message) values (?, ?, ?, ?, ?)
Hibernate: insert into user (image_uri, intra_id, ppp, racket_type, status_message) values (?, ?, ?, ?, ?)
Hibernate: insert into user (image_uri, intra_id, ppp, racket_type, status_message) values (?, ?, ?, ?, ?)
Hibernate: insert into user (image_uri, intra_id, ppp, racket_type, status_message) values (?, ?, ?, ?, ?)
Hibernate: insert into team (head_count, score, team_ppp, user1_id, user2_id, win) values (?, ?, ?, ?, ?, ?)
Hibernate: insert into team (head_count, score, team_ppp, user1_id, user2_id, win) values (?, ?, ?, ?, ?, ?)
Hibernate: insert into slot (created_date, modified_date, game_ppp, head_count, table_id, team1_id, team2_id, time, type) values (?, ?, ?, ?, ?, ?, ?, ?, ?)
Hibernate: insert into team (head_count, score, team_ppp, user1_id, user2_id, win) values (?, ?, ?, ?, ?, ?)
Hibernate: insert into team (head_count, score, team_ppp, user1_id, user2_id, win) values (?, ?, ?, ?, ?, ?)
Hibernate: insert into slot (created_date, modified_date, game_ppp, head_count, table_id, team1_id, team2_id, time, type) values (?, ?, ?, ?, ?, ?, ?, ?, ?)
Hibernate: insert into team (head_count, score, team_ppp, user1_id, user2_id, win) values (?, ?, ?, ?, ?, ?)
Hibernate: insert into team (head_count, score, team_ppp, user1_id, user2_id, win) values (?, ?, ?, ?, ?, ?)
Hibernate: insert into slot (created_date, modified_date, game_ppp, head_count, table_id, team1_id, team2_id, time, type) values (?, ?, ?, ?, ?, ?, ?, ?, ?)
Hibernate: insert into team (head_count, score, team_ppp, user1_id, user2_id, win) values (?, ?, ?, ?, ?, ?)
Hibernate: insert into team (head_count, score, team_ppp, user1_id, user2_id, win) values (?, ?, ?, ?, ?, ?)
Hibernate: insert into slot (created_date, modified_date, game_ppp, head_count, table_id, team1_id, team2_id, time, type) values (?, ?, ?, ?, ?, ?, ?, ?, ?)
Hibernate: insert into team (head_count, score, team_ppp, user1_id, user2_id, win) values (?, ?, ?, ?, ?, ?)
Hibernate: insert into team (head_count, score, team_ppp, user1_id, user2_id, win) values (?, ?, ?, ?, ?, ?)
Hibernate: insert into slot (created_date, modified_date, game_ppp, head_count, table_id, team1_id, team2_id, time, type) values (?, ?, ?, ?, ?, ?, ?, ?, ?)
Hibernate: insert into team (head_count, score, team_ppp, user1_id, user2_id, win) values (?, ?, ?, ?, ?, ?)
Hibernate: insert into team (head_count, score, team_ppp, user1_id, user2_id, win) values (?, ?, ?, ?, ?, ?)
Hibernate: insert into slot (created_date, modified_date, game_ppp, head_count, table_id, team1_id, team2_id, time, type) values (?, ?, ?, ?, ?, ?, ?, ?, ?)
Hibernate: insert into team (head_count, score, team_ppp, user1_id, user2_id, win) values (?, ?, ?, ?, ?, ?)
Hibernate: insert into team (head_count, score, team_ppp, user1_id, user2_id, win) values (?, ?, ?, ?, ?, ?)
Hibernate: insert into slot (created_date, modified_date, game_ppp, head_count, table_id, team1_id, team2_id, time, type) values (?, ?, ?, ?, ?, ?, ?, ?, ?)
Hibernate: insert into team (head_count, score, team_ppp, user1_id, user2_id, win) values (?, ?, ?, ?, ?, ?)
Hibernate: insert into team (head_count, score, team_ppp, user1_id, user2_id, win) values (?, ?, ?, ?, ?, ?)
Hibernate: insert into slot (created_date, modified_date, game_ppp, head_count, table_id, team1_id, team2_id, time, type) values (?, ?, ?, ?, ?, ?, ?, ?, ?)
Hibernate: insert into team (head_count, score, team_ppp, user1_id, user2_id, win) values (?, ?, ?, ?, ?, ?)
Hibernate: insert into team (head_count, score, team_ppp, user1_id, user2_id, win) values (?, ?, ?, ?, ?, ?)
Hibernate: insert into slot (created_date, modified_date, game_ppp, head_count, table_id, team1_id, team2_id, time, type) values (?, ?, ?, ?, ?, ?, ?, ?, ?)
Hibernate: insert into team (head_count, score, team_ppp, user1_id, user2_id, win) values (?, ?, ?, ?, ?, ?)
Hibernate: insert into team (head_count, score, team_ppp, user1_id, user2_id, win) values (?, ?, ?, ?, ?, ?)
Hibernate: insert into slot (created_date, modified_date, game_ppp, head_count, table_id, team1_id, team2_id, time, type) values (?, ?, ?, ?, ?, ?, ?, ?, ?)
Hibernate: insert into team (head_count, score, team_ppp, user1_id, user2_id, win) values (?, ?, ?, ?, ?, ?)
Hibernate: insert into team (head_count, score, team_ppp, user1_id, user2_id, win) values (?, ?, ?, ?, ?, ?)
Hibernate: insert into slot (created_date, modified_date, game_ppp, head_count, table_id, team1_id, team2_id, time, type) values (?, ?, ?, ?, ?, ?, ?, ?, ?)
Hibernate: insert into team (head_count, score, team_ppp, user1_id, user2_id, win) values (?, ?, ?, ?, ?, ?)
Hibernate: insert into team (head_count, score, team_ppp, user1_id, user2_id, win) values (?, ?, ?, ?, ?, ?)
Hibernate: insert into slot (created_date, modified_date, game_ppp, head_count, table_id, team1_id, team2_id, time, type) values (?, ?, ?, ?, ?, ?, ?, ?, ?)
Hibernate: insert into team (head_count, score, team_ppp, user1_id, user2_id, win) values (?, ?, ?, ?, ?, ?)
Hibernate: insert into team (head_count, score, team_ppp, user1_id, user2_id, win) values (?, ?, ?, ?, ?, ?)
Hibernate: insert into slot (created_date, modified_date, game_ppp, head_count, table_id, team1_id, team2_id, time, type) values (?, ?, ?, ?, ?, ?, ?, ?, ?)
Hibernate: insert into team (head_count, score, team_ppp, user1_id, user2_id, win) values (?, ?, ?, ?, ?, ?)
Hibernate: insert into team (head_count, score, team_ppp, user1_id, user2_id, win) values (?, ?, ?, ?, ?, ?)
Hibernate: insert into slot (created_date, modified_date, game_ppp, head_count, table_id, team1_id, team2_id, time, type) values (?, ?, ?, ?, ?, ?, ?, ?, ?)
Hibernate: insert into team (head_count, score, team_ppp, user1_id, user2_id, win) values (?, ?, ?, ?, ?, ?)
Hibernate: insert into team (head_count, score, team_ppp, user1_id, user2_id, win) values (?, ?, ?, ?, ?, ?)
Hibernate: insert into slot (created_date, modified_date, game_ppp, head_count, table_id, team1_id, team2_id, time, type) values (?, ?, ?, ?, ?, ?, ?, ?, ?)
Hibernate: insert into team (head_count, score, team_ppp, user1_id, user2_id, win) values (?, ?, ?, ?, ?, ?)
Hibernate: insert into team (head_count, score, team_ppp, user1_id, user2_id, win) values (?, ?, ?, ?, ?, ?)
Hibernate: insert into slot (created_date, modified_date, game_ppp, head_count, table_id, team1_id, team2_id, time, type) values (?, ?, ?, ?, ?, ?, ?, ?, ?)
Hibernate: insert into team (head_count, score, team_ppp, user1_id, user2_id, win) values (?, ?, ?, ?, ?, ?)
Hibernate: insert into team (head_count, score, team_ppp, user1_id, user2_id, win) values (?, ?, ?, ?, ?, ?)
Hibernate: insert into slot (created_date, modified_date, game_ppp, head_count, table_id, team1_id, team2_id, time, type) values (?, ?, ?, ?, ?, ?, ?, ?, ?)
Hibernate: insert into team (head_count, score, team_ppp, user1_id, user2_id, win) values (?, ?, ?, ?, ?, ?)
Hibernate: insert into team (head_count, score, team_ppp, user1_id, user2_id, win) values (?, ?, ?, ?, ?, ?)
Hibernate: insert into slot (created_date, modified_date, game_ppp, head_count, table_id, team1_id, team2_id, time, type) values (?, ?, ?, ?, ?, ?, ?, ?, ?)
Hibernate: select slot0_.id as id1_3_, slot0_.created_date as created_2_3_, slot0_.modified_date as modified3_3_, slot0_.game_ppp as game_ppp4_3_, slot0_.head_count as head_cou5_3_, slot0_.table_id as table_id6_3_, slot0_.team1_id as team9_3_, slot0_.team2_id as team10_3_, slot0_.time as time7_3_, slot0_.type as type8_3_ from slot slot0_
Hibernate: insert into user (image_uri, intra_id, ppp, racket_type, status_message) values (?, ?, ?, ?, ?)
Hibernate: select slot0_.id as id1_3_, slot0_.created_date as created_2_3_, slot0_.modified_date as modified3_3_, slot0_.game_ppp as game_ppp4_3_, slot0_.head_count as head_cou5_3_, slot0_.table_id as table_id6_3_, slot0_.team1_id as team9_3_, slot0_.team2_id as team10_3_, slot0_.time as time7_3_, slot0_.type as type8_3_ from slot slot0_ where slot0_.created_date>?
Hibernate: select currentmat0_.id as id1_0_, currentmat0_.created_date as created_2_0_, currentmat0_.modified_date as modified3_0_, currentmat0_.game_id as game_id6_0_, currentmat0_.is_matched as is_match4_0_, currentmat0_.match_imminent as match_im5_0_, currentmat0_.slot_id as slot_id7_0_, currentmat0_.user_id as user_id8_0_ from current_match currentmat0_ where currentmat0_.user_id=?
Hibernate: update slot set modified_date=?, game_ppp=?, head_count=?, table_id=?, team1_id=?, team2_id=?, time=?, type=? where id=?
Hibernate: select slot0_.id as id1_3_, slot0_.created_date as created_2_3_, slot0_.modified_date as modified3_3_, slot0_.game_ppp as game_ppp4_3_, slot0_.head_count as head_cou5_3_, slot0_.table_id as table_id6_3_, slot0_.team1_id as team9_3_, slot0_.team2_id as team10_3_, slot0_.time as time7_3_, slot0_.type as type8_3_ from slot slot0_ where slot0_.created_date>?
Hibernate: select currentmat0_.id as id1_0_, currentmat0_.created_date as created_2_0_, currentmat0_.modified_date as modified3_0_, currentmat0_.game_id as game_id6_0_, currentmat0_.is_matched as is_match4_0_, currentmat0_.match_imminent as match_im5_0_, currentmat0_.slot_id as slot_id7_0_, currentmat0_.user_id as user_id8_0_ from current_match currentmat0_ where currentmat0_.user_id=?
Hibernate: update slot set modified_date=?, game_ppp=?, head_count=?, table_id=?, team1_id=?, team2_id=?, time=?, type=? where id=?
Hibernate: select slot0_.id as id1_3_, slot0_.created_date as created_2_3_, slot0_.modified_date as modified3_3_, slot0_.game_ppp as game_ppp4_3_, slot0_.head_count as head_cou5_3_, slot0_.table_id as table_id6_3_, slot0_.team1_id as team9_3_, slot0_.team2_id as team10_3_, slot0_.time as time7_3_, slot0_.type as type8_3_ from slot slot0_ where slot0_.created_date>?
Hibernate: select currentmat0_.id as id1_0_, currentmat0_.created_date as created_2_0_, currentmat0_.modified_date as modified3_0_, currentmat0_.game_id as game_id6_0_, currentmat0_.is_matched as is_match4_0_, currentmat0_.match_imminent as match_im5_0_, currentmat0_.slot_id as slot_id7_0_, currentmat0_.user_id as user_id8_0_ from current_match currentmat0_ where currentmat0_.user_id=?
Hibernate: update slot set modified_date=?, game_ppp=?, head_count=?, table_id=?, team1_id=?, team2_id=?, time=?, type=? where id=?
Hibernate: select slot0_.id as id1_3_, slot0_.created_date as created_2_3_, slot0_.modified_date as modified3_3_, slot0_.game_ppp as game_ppp4_3_, slot0_.head_count as head_cou5_3_, slot0_.table_id as table_id6_3_, slot0_.team1_id as team9_3_, slot0_.team2_id as team10_3_, slot0_.time as time7_3_, slot0_.type as type8_3_ from slot slot0_ where slot0_.created_date>?
Hibernate: select currentmat0_.id as id1_0_, currentmat0_.created_date as created_2_0_, currentmat0_.modified_date as modified3_0_, currentmat0_.game_id as game_id6_0_, currentmat0_.is_matched as is_match4_0_, currentmat0_.match_imminent as match_im5_0_, currentmat0_.slot_id as slot_id7_0_, currentmat0_.user_id as user_id8_0_ from current_match currentmat0_ where currentmat0_.user_id=?
Hibernate: update slot set modified_date=?, game_ppp=?, head_count=?, table_id=?, team1_id=?, team2_id=?, time=?, type=? where id=?
Hibernate: select slot0_.id as id1_3_, slot0_.created_date as created_2_3_, slot0_.modified_date as modified3_3_, slot0_.game_ppp as game_ppp4_3_, slot0_.head_count as head_cou5_3_, slot0_.table_id as table_id6_3_, slot0_.team1_id as team9_3_, slot0_.team2_id as team10_3_, slot0_.time as time7_3_, slot0_.type as type8_3_ from slot slot0_ where slot0_.created_date>?
Hibernate: select currentmat0_.id as id1_0_, currentmat0_.created_date as created_2_0_, currentmat0_.modified_date as modified3_0_, currentmat0_.game_id as game_id6_0_, currentmat0_.is_matched as is_match4_0_, currentmat0_.match_imminent as match_im5_0_, currentmat0_.slot_id as slot_id7_0_, currentmat0_.user_id as user_id8_0_ from current_match currentmat0_ where currentmat0_.user_id=?
2022-06-13 12:00:19.867  INFO 53749 --- [    Test worker] o.s.t.c.transaction.TransactionContext   : Rolled back transaction for test: [DefaultTestContext@631ff7a2 testClass = SlotControllerTest, testInstance = io.pp.arcade.domain.slot.controller.SlotControllerTest@61cf810c, testMethod = slotStatusList@SlotControllerTest, testException = [null], mergedContextConfiguration = [WebMergedContextConfiguration@3a837f7 testClass = SlotControllerTest, locations = '{}', classes = '{class io.pp.arcade.Application}', contextInitializerClasses = '[]', activeProfiles = '{}', propertySourceLocations = '{}', propertySourceProperties = '{org.springframework.boot.test.context.SpringBootTestContextBootstrapper=true}', contextCustomizers = set[org.springframework.boot.test.autoconfigure.actuate.metrics.MetricsExportContextCustomizerFactory$DisableMetricExportContextCustomizer@56a4479a, org.springframework.boot.test.autoconfigure.properties.PropertyMappingContextCustomizer@63da79bb, org.springframework.boot.test.autoconfigure.web.servlet.WebDriverContextCustomizerFactory$Customizer@67ab1c47, [ImportsContextCustomizer@13ea9afc key = [@org.springframework.boot.test.context.SpringBootTest(args={}, webEnvironment=MOCK, value={}, properties={}, classes={}), @org.springframework.boot.test.autoconfigure.properties.PropertyMapping(value="spring.test.mockmvc", skip=NO), @org.springframework.context.annotation.Import(value={org.springframework.boot.autoconfigure.ImportAutoConfigurationImportSelector.class}), @org.springframework.context.annotation.Import(value={org.springframework.boot.test.autoconfigure.restdocs.RestDocumentationContextProviderRegistrar.class}), @org.springframework.boot.autoconfigure.ImportAutoConfiguration(value={}, exclude={}, classes={}), @org.springframework.boot.test.autoconfigure.properties.PropertyMapping(value="spring.test.restdocs", skip=NO), @org.springframework.boot.test.autoconfigure.web.servlet.AutoConfigureMockMvc(webDriverEnabled=true, print=DEFAULT, webClientEnabled=true, addFilters=true, printOnlyOnFailure=true), @org.springframework.boot.test.autoconfigure.restdocs.AutoConfigureRestDocs(uriScheme="http", outputDir="", uriPort=8080, value="", uriHost="localhost"), @org.springframework.test.context.BootstrapWith(value=org.springframework.boot.test.context.SpringBootTestContextBootstrapper.class), @org.springframework.context.annotation.Import(value={io.pp.arcade.RestDocsConfiguration.class})]], org.springframework.boot.test.context.filter.ExcludeFilterContextCustomizer@2a3c96e3, org.springframework.boot.test.json.DuplicateJsonObjectContextCustomizerFactory$DuplicateJsonObjectContextCustomizer@cb191ca, org.springframework.boot.test.mock.mockito.MockitoContextCustomizer@0, org.springframework.boot.test.web.client.TestRestTemplateContextCustomizer@75d0911a, org.springframework.boot.test.context.SpringBootTestArgs@1, org.springframework.boot.test.context.SpringBootTestWebEnvironment@15d49048], resourceBasePath = 'src/main/webapp', contextLoader = 'org.springframework.boot.test.context.SpringBootContextLoader', parent = [null]], attributes = map['org.springframework.test.context.web.ServletTestExecutionListener.activateListener' -> true, 'org.springframework.test.context.web.ServletTestExecutionListener.populatedRequestContextHolder' -> true, 'org.springframework.test.context.web.ServletTestExecutionListener.resetRequestContextHolder' -> true, 'org.springframework.test.context.event.ApplicationEventsTestExecutionListener.recordApplicationEvents' -> false]]
2022-06-13 12:00:19.891  INFO 53749 --- [    Test worker] o.s.t.c.transaction.TransactionContext   : Began transaction (1) for test context [DefaultTestContext@631ff7a2 testClass = SlotControllerTest, testInstance = io.pp.arcade.domain.slot.controller.SlotControllerTest@370bd951, testMethod = slotAddUser@SlotControllerTest, testException = [null], mergedContextConfiguration = [WebMergedContextConfiguration@3a837f7 testClass = SlotControllerTest, locations = '{}', classes = '{class io.pp.arcade.Application}', contextInitializerClasses = '[]', activeProfiles = '{}', propertySourceLocations = '{}', propertySourceProperties = '{org.springframework.boot.test.context.SpringBootTestContextBootstrapper=true}', contextCustomizers = set[org.springframework.boot.test.autoconfigure.actuate.metrics.MetricsExportContextCustomizerFactory$DisableMetricExportContextCustomizer@56a4479a, org.springframework.boot.test.autoconfigure.properties.PropertyMappingContextCustomizer@63da79bb, org.springframework.boot.test.autoconfigure.web.servlet.WebDriverContextCustomizerFactory$Customizer@67ab1c47, [ImportsContextCustomizer@13ea9afc key = [@org.springframework.boot.test.context.SpringBootTest(args={}, webEnvironment=MOCK, value={}, properties={}, classes={}), @org.springframework.boot.test.autoconfigure.properties.PropertyMapping(value="spring.test.mockmvc", skip=NO), @org.springframework.context.annotation.Import(value={org.springframework.boot.autoconfigure.ImportAutoConfigurationImportSelector.class}), @org.springframework.context.annotation.Import(value={org.springframework.boot.test.autoconfigure.restdocs.RestDocumentationContextProviderRegistrar.class}), @org.springframework.boot.autoconfigure.ImportAutoConfiguration(value={}, exclude={}, classes={}), @org.springframework.boot.test.autoconfigure.properties.PropertyMapping(value="spring.test.restdocs", skip=NO), @org.springframework.boot.test.autoconfigure.web.servlet.AutoConfigureMockMvc(webDriverEnabled=true, print=DEFAULT, webClientEnabled=true, addFilters=true, printOnlyOnFailure=true), @org.springframework.boot.test.autoconfigure.restdocs.AutoConfigureRestDocs(uriScheme="http", outputDir="", uriPort=8080, value="", uriHost="localhost"), @org.springframework.test.context.BootstrapWith(value=org.springframework.boot.test.context.SpringBootTestContextBootstrapper.class), @org.springframework.context.annotation.Import(value={io.pp.arcade.RestDocsConfiguration.class})]], org.springframework.boot.test.context.filter.ExcludeFilterContextCustomizer@2a3c96e3, org.springframework.boot.test.json.DuplicateJsonObjectContextCustomizerFactory$DuplicateJsonObjectContextCustomizer@cb191ca, org.springframework.boot.test.mock.mockito.MockitoContextCustomizer@0, org.springframework.boot.test.web.client.TestRestTemplateContextCustomizer@75d0911a, org.springframework.boot.test.context.SpringBootTestArgs@1, org.springframework.boot.test.context.SpringBootTestWebEnvironment@15d49048], resourceBasePath = 'src/main/webapp', contextLoader = 'org.springframework.boot.test.context.SpringBootContextLoader', parent = [null]], attributes = map['org.springframework.test.context.web.ServletTestExecutionListener.activateListener' -> true, 'org.springframework.test.context.web.ServletTestExecutionListener.populatedRequestContextHolder' -> true, 'org.springframework.test.context.web.ServletTestExecutionListener.resetRequestContextHolder' -> true, 'org.springframework.test.context.event.ApplicationEventsTestExecutionListener.recordApplicationEvents' -> false]]; transaction manager [org.springframework.orm.jpa.JpaTransactionManager@5d4a1d2c]; rollback [true]
Hibernate: insert into user (image_uri, intra_id, ppp, racket_type, status_message) values (?, ?, ?, ?, ?)
Hibernate: insert into user (image_uri, intra_id, ppp, racket_type, status_message) values (?, ?, ?, ?, ?)
Hibernate: insert into user (image_uri, intra_id, ppp, racket_type, status_message) values (?, ?, ?, ?, ?)
Hibernate: insert into user (image_uri, intra_id, ppp, racket_type, status_message) values (?, ?, ?, ?, ?)
Hibernate: insert into user (image_uri, intra_id, ppp, racket_type, status_message) values (?, ?, ?, ?, ?)
Hibernate: insert into user (image_uri, intra_id, ppp, racket_type, status_message) values (?, ?, ?, ?, ?)
Hibernate: insert into team (head_count, score, team_ppp, user1_id, user2_id, win) values (?, ?, ?, ?, ?, ?)
Hibernate: insert into team (head_count, score, team_ppp, user1_id, user2_id, win) values (?, ?, ?, ?, ?, ?)
Hibernate: insert into slot (created_date, modified_date, game_ppp, head_count, table_id, team1_id, team2_id, time, type) values (?, ?, ?, ?, ?, ?, ?, ?, ?)
Hibernate: insert into team (head_count, score, team_ppp, user1_id, user2_id, win) values (?, ?, ?, ?, ?, ?)
Hibernate: insert into team (head_count, score, team_ppp, user1_id, user2_id, win) values (?, ?, ?, ?, ?, ?)
Hibernate: insert into slot (created_date, modified_date, game_ppp, head_count, table_id, team1_id, team2_id, time, type) values (?, ?, ?, ?, ?, ?, ?, ?, ?)
Hibernate: insert into team (head_count, score, team_ppp, user1_id, user2_id, win) values (?, ?, ?, ?, ?, ?)
Hibernate: insert into team (head_count, score, team_ppp, user1_id, user2_id, win) values (?, ?, ?, ?, ?, ?)
Hibernate: insert into slot (created_date, modified_date, game_ppp, head_count, table_id, team1_id, team2_id, time, type) values (?, ?, ?, ?, ?, ?, ?, ?, ?)
Hibernate: insert into team (head_count, score, team_ppp, user1_id, user2_id, win) values (?, ?, ?, ?, ?, ?)
Hibernate: insert into team (head_count, score, team_ppp, user1_id, user2_id, win) values (?, ?, ?, ?, ?, ?)
Hibernate: insert into slot (created_date, modified_date, game_ppp, head_count, table_id, team1_id, team2_id, time, type) values (?, ?, ?, ?, ?, ?, ?, ?, ?)
Hibernate: insert into team (head_count, score, team_ppp, user1_id, user2_id, win) values (?, ?, ?, ?, ?, ?)
Hibernate: insert into team (head_count, score, team_ppp, user1_id, user2_id, win) values (?, ?, ?, ?, ?, ?)
Hibernate: insert into slot (created_date, modified_date, game_ppp, head_count, table_id, team1_id, team2_id, time, type) values (?, ?, ?, ?, ?, ?, ?, ?, ?)
Hibernate: insert into team (head_count, score, team_ppp, user1_id, user2_id, win) values (?, ?, ?, ?, ?, ?)
Hibernate: insert into team (head_count, score, team_ppp, user1_id, user2_id, win) values (?, ?, ?, ?, ?, ?)
Hibernate: insert into slot (created_date, modified_date, game_ppp, head_count, table_id, team1_id, team2_id, time, type) values (?, ?, ?, ?, ?, ?, ?, ?, ?)
Hibernate: insert into team (head_count, score, team_ppp, user1_id, user2_id, win) values (?, ?, ?, ?, ?, ?)
Hibernate: insert into team (head_count, score, team_ppp, user1_id, user2_id, win) values (?, ?, ?, ?, ?, ?)
Hibernate: insert into slot (created_date, modified_date, game_ppp, head_count, table_id, team1_id, team2_id, time, type) values (?, ?, ?, ?, ?, ?, ?, ?, ?)
Hibernate: insert into team (head_count, score, team_ppp, user1_id, user2_id, win) values (?, ?, ?, ?, ?, ?)
Hibernate: insert into team (head_count, score, team_ppp, user1_id, user2_id, win) values (?, ?, ?, ?, ?, ?)
Hibernate: insert into slot (created_date, modified_date, game_ppp, head_count, table_id, team1_id, team2_id, time, type) values (?, ?, ?, ?, ?, ?, ?, ?, ?)
Hibernate: insert into team (head_count, score, team_ppp, user1_id, user2_id, win) values (?, ?, ?, ?, ?, ?)
Hibernate: insert into team (head_count, score, team_ppp, user1_id, user2_id, win) values (?, ?, ?, ?, ?, ?)
Hibernate: insert into slot (created_date, modified_date, game_ppp, head_count, table_id, team1_id, team2_id, time, type) values (?, ?, ?, ?, ?, ?, ?, ?, ?)
Hibernate: insert into team (head_count, score, team_ppp, user1_id, user2_id, win) values (?, ?, ?, ?, ?, ?)
Hibernate: insert into team (head_count, score, team_ppp, user1_id, user2_id, win) values (?, ?, ?, ?, ?, ?)
Hibernate: insert into slot (created_date, modified_date, game_ppp, head_count, table_id, team1_id, team2_id, time, type) values (?, ?, ?, ?, ?, ?, ?, ?, ?)
Hibernate: insert into team (head_count, score, team_ppp, user1_id, user2_id, win) values (?, ?, ?, ?, ?, ?)
Hibernate: insert into team (head_count, score, team_ppp, user1_id, user2_id, win) values (?, ?, ?, ?, ?, ?)
Hibernate: insert into slot (created_date, modified_date, game_ppp, head_count, table_id, team1_id, team2_id, time, type) values (?, ?, ?, ?, ?, ?, ?, ?, ?)
Hibernate: insert into team (head_count, score, team_ppp, user1_id, user2_id, win) values (?, ?, ?, ?, ?, ?)
Hibernate: insert into team (head_count, score, team_ppp, user1_id, user2_id, win) values (?, ?, ?, ?, ?, ?)
Hibernate: insert into slot (created_date, modified_date, game_ppp, head_count, table_id, team1_id, team2_id, time, type) values (?, ?, ?, ?, ?, ?, ?, ?, ?)
Hibernate: insert into team (head_count, score, team_ppp, user1_id, user2_id, win) values (?, ?, ?, ?, ?, ?)
Hibernate: insert into team (head_count, score, team_ppp, user1_id, user2_id, win) values (?, ?, ?, ?, ?, ?)
Hibernate: insert into slot (created_date, modified_date, game_ppp, head_count, table_id, team1_id, team2_id, time, type) values (?, ?, ?, ?, ?, ?, ?, ?, ?)
Hibernate: insert into team (head_count, score, team_ppp, user1_id, user2_id, win) values (?, ?, ?, ?, ?, ?)
Hibernate: insert into team (head_count, score, team_ppp, user1_id, user2_id, win) values (?, ?, ?, ?, ?, ?)
Hibernate: insert into slot (created_date, modified_date, game_ppp, head_count, table_id, team1_id, team2_id, time, type) values (?, ?, ?, ?, ?, ?, ?, ?, ?)
Hibernate: insert into team (head_count, score, team_ppp, user1_id, user2_id, win) values (?, ?, ?, ?, ?, ?)
Hibernate: insert into team (head_count, score, team_ppp, user1_id, user2_id, win) values (?, ?, ?, ?, ?, ?)
Hibernate: insert into slot (created_date, modified_date, game_ppp, head_count, table_id, team1_id, team2_id, time, type) values (?, ?, ?, ?, ?, ?, ?, ?, ?)
Hibernate: insert into team (head_count, score, team_ppp, user1_id, user2_id, win) values (?, ?, ?, ?, ?, ?)
Hibernate: insert into team (head_count, score, team_ppp, user1_id, user2_id, win) values (?, ?, ?, ?, ?, ?)
Hibernate: insert into slot (created_date, modified_date, game_ppp, head_count, table_id, team1_id, team2_id, time, type) values (?, ?, ?, ?, ?, ?, ?, ?, ?)
Hibernate: insert into team (head_count, score, team_ppp, user1_id, user2_id, win) values (?, ?, ?, ?, ?, ?)
Hibernate: insert into team (head_count, score, team_ppp, user1_id, user2_id, win) values (?, ?, ?, ?, ?, ?)
Hibernate: insert into slot (created_date, modified_date, game_ppp, head_count, table_id, team1_id, team2_id, time, type) values (?, ?, ?, ?, ?, ?, ?, ?, ?)
Hibernate: insert into team (head_count, score, team_ppp, user1_id, user2_id, win) values (?, ?, ?, ?, ?, ?)
Hibernate: insert into team (head_count, score, team_ppp, user1_id, user2_id, win) values (?, ?, ?, ?, ?, ?)
Hibernate: insert into slot (created_date, modified_date, game_ppp, head_count, table_id, team1_id, team2_id, time, type) values (?, ?, ?, ?, ?, ?, ?, ?, ?)
Hibernate: select slot0_.id as id1_3_, slot0_.created_date as created_2_3_, slot0_.modified_date as modified3_3_, slot0_.game_ppp as game_ppp4_3_, slot0_.head_count as head_cou5_3_, slot0_.table_id as table_id6_3_, slot0_.team1_id as team9_3_, slot0_.team2_id as team10_3_, slot0_.time as time7_3_, slot0_.type as type8_3_ from slot slot0_
Hibernate: select currentmat0_.id as id1_0_, currentmat0_.created_date as created_2_0_, currentmat0_.modified_date as modified3_0_, currentmat0_.game_id as game_id6_0_, currentmat0_.is_matched as is_match4_0_, currentmat0_.match_imminent as match_im5_0_, currentmat0_.slot_id as slot_id7_0_, currentmat0_.user_id as user_id8_0_ from current_match currentmat0_ where currentmat0_.user_id=?
Hibernate: insert into current_match (created_date, modified_date, game_id, is_matched, match_imminent, slot_id, user_id) values (?, ?, ?, ?, ?, ?, ?)
Hibernate: select currentmat0_.id as id1_0_, currentmat0_.created_date as created_2_0_, currentmat0_.modified_date as modified3_0_, currentmat0_.game_id as game_id6_0_, currentmat0_.is_matched as is_match4_0_, currentmat0_.match_imminent as match_im5_0_, currentmat0_.slot_id as slot_id7_0_, currentmat0_.user_id as user_id8_0_ from current_match currentmat0_ where currentmat0_.user_id=?
Hibernate: insert into current_match (created_date, modified_date, game_id, is_matched, match_imminent, slot_id, user_id) values (?, ?, ?, ?, ?, ?, ?)
Hibernate: select currentmat0_.id as id1_0_, currentmat0_.created_date as created_2_0_, currentmat0_.modified_date as modified3_0_, currentmat0_.game_id as game_id6_0_, currentmat0_.is_matched as is_match4_0_, currentmat0_.match_imminent as match_im5_0_, currentmat0_.slot_id as slot_id7_0_, currentmat0_.user_id as user_id8_0_ from current_match currentmat0_ where currentmat0_.user_id=?
Hibernate: update team set head_count=?, score=?, team_ppp=?, user1_id=?, user2_id=?, win=? where id=?
Hibernate: update team set head_count=?, score=?, team_ppp=?, user1_id=?, user2_id=?, win=? where id=?
Hibernate: update slot set modified_date=?, game_ppp=?, head_count=?, table_id=?, team1_id=?, team2_id=?, time=?, type=? where id=?
Hibernate: update current_match set modified_date=?, game_id=?, is_matched=?, match_imminent=?, slot_id=?, user_id=? where id=?
Hibernate: select currentmat0_.id as id1_0_, currentmat0_.created_date as created_2_0_, currentmat0_.modified_date as modified3_0_, currentmat0_.game_id as game_id6_0_, currentmat0_.is_matched as is_match4_0_, currentmat0_.match_imminent as match_im5_0_, currentmat0_.slot_id as slot_id7_0_, currentmat0_.user_id as user_id8_0_ from current_match currentmat0_ where currentmat0_.user_id=?
Hibernate: update current_match set modified_date=?, game_id=?, is_matched=?, match_imminent=?, slot_id=?, user_id=? where id=?
Hibernate: select currentmat0_.id as id1_0_, currentmat0_.created_date as created_2_0_, currentmat0_.modified_date as modified3_0_, currentmat0_.game_id as game_id6_0_, currentmat0_.is_matched as is_match4_0_, currentmat0_.match_imminent as match_im5_0_, currentmat0_.slot_id as slot_id7_0_, currentmat0_.user_id as user_id8_0_ from current_match currentmat0_ where currentmat0_.user_id=?
Hibernate: select slot0_.id as id1_3_, slot0_.created_date as created_2_3_, slot0_.modified_date as modified3_3_, slot0_.game_ppp as game_ppp4_3_, slot0_.head_count as head_cou5_3_, slot0_.table_id as table_id6_3_, slot0_.team1_id as team9_3_, slot0_.team2_id as team10_3_, slot0_.time as time7_3_, slot0_.type as type8_3_ from slot slot0_ where slot0_.created_date>?
Hibernate: select currentmat0_.id as id1_0_, currentmat0_.created_date as created_2_0_, currentmat0_.modified_date as modified3_0_, currentmat0_.game_id as game_id6_0_, currentmat0_.is_matched as is_match4_0_, currentmat0_.match_imminent as match_im5_0_, currentmat0_.slot_id as slot_id7_0_, currentmat0_.user_id as user_id8_0_ from current_match currentmat0_ where currentmat0_.user_id=?
Hibernate: select currentmat0_.id as id1_0_, currentmat0_.created_date as created_2_0_, currentmat0_.modified_date as modified3_0_, currentmat0_.game_id as game_id6_0_, currentmat0_.is_matched as is_match4_0_, currentmat0_.match_imminent as match_im5_0_, currentmat0_.slot_id as slot_id7_0_, currentmat0_.user_id as user_id8_0_ from current_match currentmat0_ where currentmat0_.user_id=?
2022-06-13 12:00:20.164  INFO 53749 --- [    Test worker] o.s.t.c.transaction.TransactionContext   : Rolled back transaction for test: [DefaultTestContext@631ff7a2 testClass = SlotControllerTest, testInstance = io.pp.arcade.domain.slot.controller.SlotControllerTest@370bd951, testMethod = slotAddUser@SlotControllerTest, testException = [null], mergedContextConfiguration = [WebMergedContextConfiguration@3a837f7 testClass = SlotControllerTest, locations = '{}', classes = '{class io.pp.arcade.Application}', contextInitializerClasses = '[]', activeProfiles = '{}', propertySourceLocations = '{}', propertySourceProperties = '{org.springframework.boot.test.context.SpringBootTestContextBootstrapper=true}', contextCustomizers = set[org.springframework.boot.test.autoconfigure.actuate.metrics.MetricsExportContextCustomizerFactory$DisableMetricExportContextCustomizer@56a4479a, org.springframework.boot.test.autoconfigure.properties.PropertyMappingContextCustomizer@63da79bb, org.springframework.boot.test.autoconfigure.web.servlet.WebDriverContextCustomizerFactory$Customizer@67ab1c47, [ImportsContextCustomizer@13ea9afc key = [@org.springframework.boot.test.context.SpringBootTest(args={}, webEnvironment=MOCK, value={}, properties={}, classes={}), @org.springframework.boot.test.autoconfigure.properties.PropertyMapping(value="spring.test.mockmvc", skip=NO), @org.springframework.context.annotation.Import(value={org.springframework.boot.autoconfigure.ImportAutoConfigurationImportSelector.class}), @org.springframework.context.annotation.Import(value={org.springframework.boot.test.autoconfigure.restdocs.RestDocumentationContextProviderRegistrar.class}), @org.springframework.boot.autoconfigure.ImportAutoConfiguration(value={}, exclude={}, classes={}), @org.springframework.boot.test.autoconfigure.properties.PropertyMapping(value="spring.test.restdocs", skip=NO), @org.springframework.boot.test.autoconfigure.web.servlet.AutoConfigureMockMvc(webDriverEnabled=true, print=DEFAULT, webClientEnabled=true, addFilters=true, printOnlyOnFailure=true), @org.springframework.boot.test.autoconfigure.restdocs.AutoConfigureRestDocs(uriScheme="http", outputDir="", uriPort=8080, value="", uriHost="localhost"), @org.springframework.test.context.BootstrapWith(value=org.springframework.boot.test.context.SpringBootTestContextBootstrapper.class), @org.springframework.context.annotation.Import(value={io.pp.arcade.RestDocsConfiguration.class})]], org.springframework.boot.test.context.filter.ExcludeFilterContextCustomizer@2a3c96e3, org.springframework.boot.test.json.DuplicateJsonObjectContextCustomizerFactory$DuplicateJsonObjectContextCustomizer@cb191ca, org.springframework.boot.test.mock.mockito.MockitoContextCustomizer@0, org.springframework.boot.test.web.client.TestRestTemplateContextCustomizer@75d0911a, org.springframework.boot.test.context.SpringBootTestArgs@1, org.springframework.boot.test.context.SpringBootTestWebEnvironment@15d49048], resourceBasePath = 'src/main/webapp', contextLoader = 'org.springframework.boot.test.context.SpringBootContextLoader', parent = [null]], attributes = map['org.springframework.test.context.web.ServletTestExecutionListener.activateListener' -> true, 'org.springframework.test.context.web.ServletTestExecutionListener.populatedRequestContextHolder' -> true, 'org.springframework.test.context.web.ServletTestExecutionListener.resetRequestContextHolder' -> true, 'org.springframework.test.context.event.ApplicationEventsTestExecutionListener.recordApplicationEvents' -> false]]
]]></system-out>
  <system-err><![CDATA[유저가 3명이라 터졌을지도!
]]></system-err>
</testsuite>
