<?xml version="1.0" encoding="UTF-8"?>
<testsuite name="io.pp.arcade.domain.slot.SlotServiceTest" tests="5" skipped="0" failures="0" errors="0" timestamp="2022-06-14T07:26:40" hostname="KDHs-MacBook-Pro.local" time="0.238">
  <properties/>
  <testcase name="removeUserInSlot()" classname="io.pp.arcade.domain.slot.SlotServiceTest" time="0.039"/>
  <testcase name="addSlot()" classname="io.pp.arcade.domain.slot.SlotServiceTest" time="0.024"/>
  <testcase name="findSlotById()" classname="io.pp.arcade.domain.slot.SlotServiceTest" time="0.026"/>
  <testcase name="findSlotsStatus()" classname="io.pp.arcade.domain.slot.SlotServiceTest" time="0.123"/>
  <testcase name="addUserInSlot()" classname="io.pp.arcade.domain.slot.SlotServiceTest" time="0.021"/>
  <system-out><![CDATA[2022-06-14 16:26:40.341  INFO 68227 --- [    Test worker] .b.t.c.SpringBootTestContextBootstrapper : Neither @ContextConfiguration nor @ContextHierarchy found for test class [io.pp.arcade.domain.slot.SlotServiceTest], using SpringBootContextLoader
2022-06-14 16:26:40.343  INFO 68227 --- [    Test worker] o.s.t.c.support.AbstractContextLoader    : Could not detect default resource locations for test class [io.pp.arcade.domain.slot.SlotServiceTest]: no resource found for suffixes {-context.xml, Context.groovy}.
2022-06-14 16:26:40.344  INFO 68227 --- [    Test worker] t.c.s.AnnotationConfigContextLoaderUtils : Could not detect default configuration classes for test class [io.pp.arcade.domain.slot.SlotServiceTest]: SlotServiceTest does not declare any static, non-private, non-final, nested classes annotated with @Configuration.
2022-06-14 16:26:40.348  INFO 68227 --- [    Test worker] .b.t.c.SpringBootTestContextBootstrapper : Found @SpringBootConfiguration io.pp.arcade.Application for test class io.pp.arcade.domain.slot.SlotServiceTest
2022-06-14 16:26:40.350  INFO 68227 --- [    Test worker] .b.t.c.SpringBootTestContextBootstrapper : Loaded default TestExecutionListener class names from location [META-INF/spring.factories]: [org.springframework.boot.test.autoconfigure.restdocs.RestDocsTestExecutionListener, org.springframework.boot.test.autoconfigure.web.client.MockRestServiceServerResetTestExecutionListener, org.springframework.boot.test.autoconfigure.web.servlet.MockMvcPrintOnlyOnFailureTestExecutionListener, org.springframework.boot.test.autoconfigure.web.servlet.WebDriverTestExecutionListener, org.springframework.boot.test.autoconfigure.webservices.client.MockWebServiceServerTestExecutionListener, org.springframework.boot.test.mock.mockito.MockitoTestExecutionListener, org.springframework.boot.test.mock.mockito.ResetMocksTestExecutionListener, org.springframework.test.context.web.ServletTestExecutionListener, org.springframework.test.context.support.DirtiesContextBeforeModesTestExecutionListener, org.springframework.test.context.event.ApplicationEventsTestExecutionListener, org.springframework.test.context.support.DependencyInjectionTestExecutionListener, org.springframework.test.context.support.DirtiesContextTestExecutionListener, org.springframework.test.context.transaction.TransactionalTestExecutionListener, org.springframework.test.context.jdbc.SqlScriptsTestExecutionListener, org.springframework.test.context.event.EventPublishingTestExecutionListener]
2022-06-14 16:26:40.351  INFO 68227 --- [    Test worker] .b.t.c.SpringBootTestContextBootstrapper : Using TestExecutionListeners: [org.springframework.test.context.web.ServletTestExecutionListener@6224872f, org.springframework.test.context.support.DirtiesContextBeforeModesTestExecutionListener@222e5e72, org.springframework.test.context.event.ApplicationEventsTestExecutionListener@419e46bb, org.springframework.boot.test.mock.mockito.MockitoTestExecutionListener@1531fbc8, org.springframework.boot.test.autoconfigure.SpringBootDependencyInjectionTestExecutionListener@536a0bbe, org.springframework.test.context.support.DirtiesContextTestExecutionListener@367026f, org.springframework.test.context.transaction.TransactionalTestExecutionListener@30ff3726, org.springframework.test.context.jdbc.SqlScriptsTestExecutionListener@2a0a654a, org.springframework.test.context.event.EventPublishingTestExecutionListener@29beac4e, org.springframework.boot.test.autoconfigure.restdocs.RestDocsTestExecutionListener@12f1b76c, org.springframework.boot.test.autoconfigure.web.client.MockRestServiceServerResetTestExecutionListener@5b7ee413, org.springframework.boot.test.autoconfigure.web.servlet.MockMvcPrintOnlyOnFailureTestExecutionListener@2227fa03, org.springframework.boot.test.autoconfigure.web.servlet.WebDriverTestExecutionListener@7ea7fed5, org.springframework.boot.test.autoconfigure.webservices.client.MockWebServiceServerTestExecutionListener@61f26cba, org.springframework.boot.test.mock.mockito.ResetMocksTestExecutionListener@4d0042eb]
2022-06-14 16:26:40.355  INFO 68227 --- [    Test worker] o.s.t.c.transaction.TransactionContext   : Began transaction (1) for test context [DefaultTestContext@2e5affb3 testClass = SlotServiceTest, testInstance = io.pp.arcade.domain.slot.SlotServiceTest@6d7a6abf, testMethod = removeUserInSlot@SlotServiceTest, testException = [null], mergedContextConfiguration = [WebMergedContextConfiguration@752daa1f testClass = SlotServiceTest, locations = '{}', classes = '{class io.pp.arcade.Application}', contextInitializerClasses = '[]', activeProfiles = '{}', propertySourceLocations = '{}', propertySourceProperties = '{org.springframework.boot.test.context.SpringBootTestContextBootstrapper=true}', contextCustomizers = set[org.springframework.boot.test.autoconfigure.actuate.metrics.MetricsExportContextCustomizerFactory$DisableMetricExportContextCustomizer@6821ea29, org.springframework.boot.test.autoconfigure.properties.PropertyMappingContextCustomizer@0, org.springframework.boot.test.autoconfigure.web.servlet.WebDriverContextCustomizerFactory$Customizer@e077866, org.springframework.boot.test.context.filter.ExcludeFilterContextCustomizer@36546a22, org.springframework.boot.test.json.DuplicateJsonObjectContextCustomizerFactory$DuplicateJsonObjectContextCustomizer@3918c187, org.springframework.boot.test.mock.mockito.MockitoContextCustomizer@0, org.springframework.boot.test.web.client.TestRestTemplateContextCustomizer@12dae582, org.springframework.boot.test.context.SpringBootTestArgs@1, org.springframework.boot.test.context.SpringBootTestWebEnvironment@68878f6d], resourceBasePath = 'src/main/webapp', contextLoader = 'org.springframework.boot.test.context.SpringBootContextLoader', parent = [null]], attributes = map['org.springframework.test.context.web.ServletTestExecutionListener.activateListener' -> true, 'org.springframework.test.context.web.ServletTestExecutionListener.populatedRequestContextHolder' -> true, 'org.springframework.test.context.web.ServletTestExecutionListener.resetRequestContextHolder' -> true, 'org.springframework.test.context.event.ApplicationEventsTestExecutionListener.recordApplicationEvents' -> false]]; transaction manager [org.springframework.orm.jpa.JpaTransactionManager@4ae45ff]; rollback [true]
Hibernate: insert into user (image_uri, intra_id, ppp, racket_type, status_message) values (?, ?, ?, ?, ?)
Hibernate: insert into user (image_uri, intra_id, ppp, racket_type, status_message) values (?, ?, ?, ?, ?)
Hibernate: insert into user (image_uri, intra_id, ppp, racket_type, status_message) values (?, ?, ?, ?, ?)
Hibernate: insert into user (image_uri, intra_id, ppp, racket_type, status_message) values (?, ?, ?, ?, ?)
Hibernate: insert into team (head_count, score, team_ppp, user1_id, user2_id, win) values (?, ?, ?, ?, ?, ?)
Hibernate: insert into team (head_count, score, team_ppp, user1_id, user2_id, win) values (?, ?, ?, ?, ?, ?)
Hibernate: insert into slot (created_date, modified_date, game_ppp, head_count, table_id, team1_id, team2_id, time, type) values (?, ?, ?, ?, ?, ?, ?, ?, ?)
Hibernate: insert into slot (created_date, modified_date, game_ppp, head_count, table_id, team1_id, team2_id, time, type) values (?, ?, ?, ?, ?, ?, ?, ?, ?)
2022-06-14 16:26:40.392  INFO 68227 --- [    Test worker] o.s.t.c.transaction.TransactionContext   : Rolled back transaction for test: [DefaultTestContext@2e5affb3 testClass = SlotServiceTest, testInstance = io.pp.arcade.domain.slot.SlotServiceTest@6d7a6abf, testMethod = removeUserInSlot@SlotServiceTest, testException = [null], mergedContextConfiguration = [WebMergedContextConfiguration@752daa1f testClass = SlotServiceTest, locations = '{}', classes = '{class io.pp.arcade.Application}', contextInitializerClasses = '[]', activeProfiles = '{}', propertySourceLocations = '{}', propertySourceProperties = '{org.springframework.boot.test.context.SpringBootTestContextBootstrapper=true}', contextCustomizers = set[org.springframework.boot.test.autoconfigure.actuate.metrics.MetricsExportContextCustomizerFactory$DisableMetricExportContextCustomizer@6821ea29, org.springframework.boot.test.autoconfigure.properties.PropertyMappingContextCustomizer@0, org.springframework.boot.test.autoconfigure.web.servlet.WebDriverContextCustomizerFactory$Customizer@e077866, org.springframework.boot.test.context.filter.ExcludeFilterContextCustomizer@36546a22, org.springframework.boot.test.json.DuplicateJsonObjectContextCustomizerFactory$DuplicateJsonObjectContextCustomizer@3918c187, org.springframework.boot.test.mock.mockito.MockitoContextCustomizer@0, org.springframework.boot.test.web.client.TestRestTemplateContextCustomizer@12dae582, org.springframework.boot.test.context.SpringBootTestArgs@1, org.springframework.boot.test.context.SpringBootTestWebEnvironment@68878f6d], resourceBasePath = 'src/main/webapp', contextLoader = 'org.springframework.boot.test.context.SpringBootContextLoader', parent = [null]], attributes = map['org.springframework.test.context.web.ServletTestExecutionListener.activateListener' -> true, 'org.springframework.test.context.web.ServletTestExecutionListener.populatedRequestContextHolder' -> true, 'org.springframework.test.context.web.ServletTestExecutionListener.resetRequestContextHolder' -> true, 'org.springframework.test.context.event.ApplicationEventsTestExecutionListener.recordApplicationEvents' -> false]]
2022-06-14 16:26:40.396  INFO 68227 --- [    Test worker] o.s.t.c.transaction.TransactionContext   : Began transaction (1) for test context [DefaultTestContext@2e5affb3 testClass = SlotServiceTest, testInstance = io.pp.arcade.domain.slot.SlotServiceTest@6074f8f9, testMethod = addSlot@SlotServiceTest, testException = [null], mergedContextConfiguration = [WebMergedContextConfiguration@752daa1f testClass = SlotServiceTest, locations = '{}', classes = '{class io.pp.arcade.Application}', contextInitializerClasses = '[]', activeProfiles = '{}', propertySourceLocations = '{}', propertySourceProperties = '{org.springframework.boot.test.context.SpringBootTestContextBootstrapper=true}', contextCustomizers = set[org.springframework.boot.test.autoconfigure.actuate.metrics.MetricsExportContextCustomizerFactory$DisableMetricExportContextCustomizer@6821ea29, org.springframework.boot.test.autoconfigure.properties.PropertyMappingContextCustomizer@0, org.springframework.boot.test.autoconfigure.web.servlet.WebDriverContextCustomizerFactory$Customizer@e077866, org.springframework.boot.test.context.filter.ExcludeFilterContextCustomizer@36546a22, org.springframework.boot.test.json.DuplicateJsonObjectContextCustomizerFactory$DuplicateJsonObjectContextCustomizer@3918c187, org.springframework.boot.test.mock.mockito.MockitoContextCustomizer@0, org.springframework.boot.test.web.client.TestRestTemplateContextCustomizer@12dae582, org.springframework.boot.test.context.SpringBootTestArgs@1, org.springframework.boot.test.context.SpringBootTestWebEnvironment@68878f6d], resourceBasePath = 'src/main/webapp', contextLoader = 'org.springframework.boot.test.context.SpringBootContextLoader', parent = [null]], attributes = map['org.springframework.test.context.web.ServletTestExecutionListener.activateListener' -> true, 'org.springframework.test.context.web.ServletTestExecutionListener.populatedRequestContextHolder' -> true, 'org.springframework.test.context.web.ServletTestExecutionListener.resetRequestContextHolder' -> true, 'org.springframework.test.context.event.ApplicationEventsTestExecutionListener.recordApplicationEvents' -> false]]; transaction manager [org.springframework.orm.jpa.JpaTransactionManager@4ae45ff]; rollback [true]
Hibernate: insert into user (image_uri, intra_id, ppp, racket_type, status_message) values (?, ?, ?, ?, ?)
Hibernate: insert into user (image_uri, intra_id, ppp, racket_type, status_message) values (?, ?, ?, ?, ?)
Hibernate: insert into user (image_uri, intra_id, ppp, racket_type, status_message) values (?, ?, ?, ?, ?)
Hibernate: insert into user (image_uri, intra_id, ppp, racket_type, status_message) values (?, ?, ?, ?, ?)
Hibernate: insert into team (head_count, score, team_ppp, user1_id, user2_id, win) values (?, ?, ?, ?, ?, ?)
Hibernate: insert into team (head_count, score, team_ppp, user1_id, user2_id, win) values (?, ?, ?, ?, ?, ?)
Hibernate: insert into slot (created_date, modified_date, game_ppp, head_count, table_id, team1_id, team2_id, time, type) values (?, ?, ?, ?, ?, ?, ?, ?, ?)
Hibernate: insert into team (head_count, score, team_ppp, user1_id, user2_id, win) values (?, ?, ?, ?, ?, ?)
Hibernate: insert into team (head_count, score, team_ppp, user1_id, user2_id, win) values (?, ?, ?, ?, ?, ?)
Hibernate: insert into slot (created_date, modified_date, game_ppp, head_count, table_id, team1_id, team2_id, time, type) values (?, ?, ?, ?, ?, ?, ?, ?, ?)
Hibernate: select slot0_.id as id1_5_, slot0_.created_date as created_2_5_, slot0_.modified_date as modified3_5_, slot0_.game_ppp as game_ppp4_5_, slot0_.head_count as head_cou5_5_, slot0_.table_id as table_id6_5_, slot0_.team1_id as team9_5_, slot0_.team2_id as team10_5_, slot0_.time as time7_5_, slot0_.type as type8_5_ from slot slot0_
2022-06-14 16:26:40.417  INFO 68227 --- [    Test worker] o.s.t.c.transaction.TransactionContext   : Rolled back transaction for test: [DefaultTestContext@2e5affb3 testClass = SlotServiceTest, testInstance = io.pp.arcade.domain.slot.SlotServiceTest@6074f8f9, testMethod = addSlot@SlotServiceTest, testException = [null], mergedContextConfiguration = [WebMergedContextConfiguration@752daa1f testClass = SlotServiceTest, locations = '{}', classes = '{class io.pp.arcade.Application}', contextInitializerClasses = '[]', activeProfiles = '{}', propertySourceLocations = '{}', propertySourceProperties = '{org.springframework.boot.test.context.SpringBootTestContextBootstrapper=true}', contextCustomizers = set[org.springframework.boot.test.autoconfigure.actuate.metrics.MetricsExportContextCustomizerFactory$DisableMetricExportContextCustomizer@6821ea29, org.springframework.boot.test.autoconfigure.properties.PropertyMappingContextCustomizer@0, org.springframework.boot.test.autoconfigure.web.servlet.WebDriverContextCustomizerFactory$Customizer@e077866, org.springframework.boot.test.context.filter.ExcludeFilterContextCustomizer@36546a22, org.springframework.boot.test.json.DuplicateJsonObjectContextCustomizerFactory$DuplicateJsonObjectContextCustomizer@3918c187, org.springframework.boot.test.mock.mockito.MockitoContextCustomizer@0, org.springframework.boot.test.web.client.TestRestTemplateContextCustomizer@12dae582, org.springframework.boot.test.context.SpringBootTestArgs@1, org.springframework.boot.test.context.SpringBootTestWebEnvironment@68878f6d], resourceBasePath = 'src/main/webapp', contextLoader = 'org.springframework.boot.test.context.SpringBootContextLoader', parent = [null]], attributes = map['org.springframework.test.context.web.ServletTestExecutionListener.activateListener' -> true, 'org.springframework.test.context.web.ServletTestExecutionListener.populatedRequestContextHolder' -> true, 'org.springframework.test.context.web.ServletTestExecutionListener.resetRequestContextHolder' -> true, 'org.springframework.test.context.event.ApplicationEventsTestExecutionListener.recordApplicationEvents' -> false]]
2022-06-14 16:26:40.421  INFO 68227 --- [    Test worker] o.s.t.c.transaction.TransactionContext   : Began transaction (1) for test context [DefaultTestContext@2e5affb3 testClass = SlotServiceTest, testInstance = io.pp.arcade.domain.slot.SlotServiceTest@4b7feb38, testMethod = findSlotById@SlotServiceTest, testException = [null], mergedContextConfiguration = [WebMergedContextConfiguration@752daa1f testClass = SlotServiceTest, locations = '{}', classes = '{class io.pp.arcade.Application}', contextInitializerClasses = '[]', activeProfiles = '{}', propertySourceLocations = '{}', propertySourceProperties = '{org.springframework.boot.test.context.SpringBootTestContextBootstrapper=true}', contextCustomizers = set[org.springframework.boot.test.autoconfigure.actuate.metrics.MetricsExportContextCustomizerFactory$DisableMetricExportContextCustomizer@6821ea29, org.springframework.boot.test.autoconfigure.properties.PropertyMappingContextCustomizer@0, org.springframework.boot.test.autoconfigure.web.servlet.WebDriverContextCustomizerFactory$Customizer@e077866, org.springframework.boot.test.context.filter.ExcludeFilterContextCustomizer@36546a22, org.springframework.boot.test.json.DuplicateJsonObjectContextCustomizerFactory$DuplicateJsonObjectContextCustomizer@3918c187, org.springframework.boot.test.mock.mockito.MockitoContextCustomizer@0, org.springframework.boot.test.web.client.TestRestTemplateContextCustomizer@12dae582, org.springframework.boot.test.context.SpringBootTestArgs@1, org.springframework.boot.test.context.SpringBootTestWebEnvironment@68878f6d], resourceBasePath = 'src/main/webapp', contextLoader = 'org.springframework.boot.test.context.SpringBootContextLoader', parent = [null]], attributes = map['org.springframework.test.context.web.ServletTestExecutionListener.activateListener' -> true, 'org.springframework.test.context.web.ServletTestExecutionListener.populatedRequestContextHolder' -> true, 'org.springframework.test.context.web.ServletTestExecutionListener.resetRequestContextHolder' -> true, 'org.springframework.test.context.event.ApplicationEventsTestExecutionListener.recordApplicationEvents' -> false]]; transaction manager [org.springframework.orm.jpa.JpaTransactionManager@4ae45ff]; rollback [true]
Hibernate: insert into user (image_uri, intra_id, ppp, racket_type, status_message) values (?, ?, ?, ?, ?)
Hibernate: insert into user (image_uri, intra_id, ppp, racket_type, status_message) values (?, ?, ?, ?, ?)
Hibernate: insert into user (image_uri, intra_id, ppp, racket_type, status_message) values (?, ?, ?, ?, ?)
Hibernate: insert into user (image_uri, intra_id, ppp, racket_type, status_message) values (?, ?, ?, ?, ?)
Hibernate: insert into team (head_count, score, team_ppp, user1_id, user2_id, win) values (?, ?, ?, ?, ?, ?)
Hibernate: insert into team (head_count, score, team_ppp, user1_id, user2_id, win) values (?, ?, ?, ?, ?, ?)
Hibernate: insert into slot (created_date, modified_date, game_ppp, head_count, table_id, team1_id, team2_id, time, type) values (?, ?, ?, ?, ?, ?, ?, ?, ?)
2022-06-14 16:26:40.445  INFO 68227 --- [    Test worker] o.s.t.c.transaction.TransactionContext   : Rolled back transaction for test: [DefaultTestContext@2e5affb3 testClass = SlotServiceTest, testInstance = io.pp.arcade.domain.slot.SlotServiceTest@4b7feb38, testMethod = findSlotById@SlotServiceTest, testException = [null], mergedContextConfiguration = [WebMergedContextConfiguration@752daa1f testClass = SlotServiceTest, locations = '{}', classes = '{class io.pp.arcade.Application}', contextInitializerClasses = '[]', activeProfiles = '{}', propertySourceLocations = '{}', propertySourceProperties = '{org.springframework.boot.test.context.SpringBootTestContextBootstrapper=true}', contextCustomizers = set[org.springframework.boot.test.autoconfigure.actuate.metrics.MetricsExportContextCustomizerFactory$DisableMetricExportContextCustomizer@6821ea29, org.springframework.boot.test.autoconfigure.properties.PropertyMappingContextCustomizer@0, org.springframework.boot.test.autoconfigure.web.servlet.WebDriverContextCustomizerFactory$Customizer@e077866, org.springframework.boot.test.context.filter.ExcludeFilterContextCustomizer@36546a22, org.springframework.boot.test.json.DuplicateJsonObjectContextCustomizerFactory$DuplicateJsonObjectContextCustomizer@3918c187, org.springframework.boot.test.mock.mockito.MockitoContextCustomizer@0, org.springframework.boot.test.web.client.TestRestTemplateContextCustomizer@12dae582, org.springframework.boot.test.context.SpringBootTestArgs@1, org.springframework.boot.test.context.SpringBootTestWebEnvironment@68878f6d], resourceBasePath = 'src/main/webapp', contextLoader = 'org.springframework.boot.test.context.SpringBootContextLoader', parent = [null]], attributes = map['org.springframework.test.context.web.ServletTestExecutionListener.activateListener' -> true, 'org.springframework.test.context.web.ServletTestExecutionListener.populatedRequestContextHolder' -> true, 'org.springframework.test.context.web.ServletTestExecutionListener.resetRequestContextHolder' -> true, 'org.springframework.test.context.event.ApplicationEventsTestExecutionListener.recordApplicationEvents' -> false]]
2022-06-14 16:26:40.448  INFO 68227 --- [    Test worker] o.s.t.c.transaction.TransactionContext   : Began transaction (1) for test context [DefaultTestContext@2e5affb3 testClass = SlotServiceTest, testInstance = io.pp.arcade.domain.slot.SlotServiceTest@65e503a7, testMethod = findSlotsStatus@SlotServiceTest, testException = [null], mergedContextConfiguration = [WebMergedContextConfiguration@752daa1f testClass = SlotServiceTest, locations = '{}', classes = '{class io.pp.arcade.Application}', contextInitializerClasses = '[]', activeProfiles = '{}', propertySourceLocations = '{}', propertySourceProperties = '{org.springframework.boot.test.context.SpringBootTestContextBootstrapper=true}', contextCustomizers = set[org.springframework.boot.test.autoconfigure.actuate.metrics.MetricsExportContextCustomizerFactory$DisableMetricExportContextCustomizer@6821ea29, org.springframework.boot.test.autoconfigure.properties.PropertyMappingContextCustomizer@0, org.springframework.boot.test.autoconfigure.web.servlet.WebDriverContextCustomizerFactory$Customizer@e077866, org.springframework.boot.test.context.filter.ExcludeFilterContextCustomizer@36546a22, org.springframework.boot.test.json.DuplicateJsonObjectContextCustomizerFactory$DuplicateJsonObjectContextCustomizer@3918c187, org.springframework.boot.test.mock.mockito.MockitoContextCustomizer@0, org.springframework.boot.test.web.client.TestRestTemplateContextCustomizer@12dae582, org.springframework.boot.test.context.SpringBootTestArgs@1, org.springframework.boot.test.context.SpringBootTestWebEnvironment@68878f6d], resourceBasePath = 'src/main/webapp', contextLoader = 'org.springframework.boot.test.context.SpringBootContextLoader', parent = [null]], attributes = map['org.springframework.test.context.web.ServletTestExecutionListener.activateListener' -> true, 'org.springframework.test.context.web.ServletTestExecutionListener.populatedRequestContextHolder' -> true, 'org.springframework.test.context.web.ServletTestExecutionListener.resetRequestContextHolder' -> true, 'org.springframework.test.context.event.ApplicationEventsTestExecutionListener.recordApplicationEvents' -> false]]; transaction manager [org.springframework.orm.jpa.JpaTransactionManager@4ae45ff]; rollback [true]
Hibernate: insert into user (image_uri, intra_id, ppp, racket_type, status_message) values (?, ?, ?, ?, ?)
Hibernate: insert into user (image_uri, intra_id, ppp, racket_type, status_message) values (?, ?, ?, ?, ?)
Hibernate: insert into user (image_uri, intra_id, ppp, racket_type, status_message) values (?, ?, ?, ?, ?)
Hibernate: insert into user (image_uri, intra_id, ppp, racket_type, status_message) values (?, ?, ?, ?, ?)
Hibernate: insert into team (head_count, score, team_ppp, user1_id, user2_id, win) values (?, ?, ?, ?, ?, ?)
Hibernate: insert into team (head_count, score, team_ppp, user1_id, user2_id, win) values (?, ?, ?, ?, ?, ?)
Hibernate: insert into slot (created_date, modified_date, game_ppp, head_count, table_id, team1_id, team2_id, time, type) values (?, ?, ?, ?, ?, ?, ?, ?, ?)
Hibernate: insert into team (head_count, score, team_ppp, user1_id, user2_id, win) values (?, ?, ?, ?, ?, ?)
Hibernate: insert into team (head_count, score, team_ppp, user1_id, user2_id, win) values (?, ?, ?, ?, ?, ?)
Hibernate: insert into team (head_count, score, team_ppp, user1_id, user2_id, win) values (?, ?, ?, ?, ?, ?)
Hibernate: insert into team (head_count, score, team_ppp, user1_id, user2_id, win) values (?, ?, ?, ?, ?, ?)
Hibernate: insert into slot (created_date, modified_date, game_ppp, head_count, table_id, team1_id, team2_id, time, type) values (?, ?, ?, ?, ?, ?, ?, ?, ?)
Hibernate: insert into team (head_count, score, team_ppp, user1_id, user2_id, win) values (?, ?, ?, ?, ?, ?)
Hibernate: insert into team (head_count, score, team_ppp, user1_id, user2_id, win) values (?, ?, ?, ?, ?, ?)
Hibernate: insert into team (head_count, score, team_ppp, user1_id, user2_id, win) values (?, ?, ?, ?, ?, ?)
Hibernate: insert into team (head_count, score, team_ppp, user1_id, user2_id, win) values (?, ?, ?, ?, ?, ?)
Hibernate: insert into slot (created_date, modified_date, game_ppp, head_count, table_id, team1_id, team2_id, time, type) values (?, ?, ?, ?, ?, ?, ?, ?, ?)
Hibernate: insert into team (head_count, score, team_ppp, user1_id, user2_id, win) values (?, ?, ?, ?, ?, ?)
Hibernate: insert into team (head_count, score, team_ppp, user1_id, user2_id, win) values (?, ?, ?, ?, ?, ?)
Hibernate: insert into team (head_count, score, team_ppp, user1_id, user2_id, win) values (?, ?, ?, ?, ?, ?)
Hibernate: insert into team (head_count, score, team_ppp, user1_id, user2_id, win) values (?, ?, ?, ?, ?, ?)
Hibernate: insert into slot (created_date, modified_date, game_ppp, head_count, table_id, team1_id, team2_id, time, type) values (?, ?, ?, ?, ?, ?, ?, ?, ?)
Hibernate: insert into team (head_count, score, team_ppp, user1_id, user2_id, win) values (?, ?, ?, ?, ?, ?)
Hibernate: insert into team (head_count, score, team_ppp, user1_id, user2_id, win) values (?, ?, ?, ?, ?, ?)
Hibernate: insert into team (head_count, score, team_ppp, user1_id, user2_id, win) values (?, ?, ?, ?, ?, ?)
Hibernate: insert into team (head_count, score, team_ppp, user1_id, user2_id, win) values (?, ?, ?, ?, ?, ?)
Hibernate: insert into slot (created_date, modified_date, game_ppp, head_count, table_id, team1_id, team2_id, time, type) values (?, ?, ?, ?, ?, ?, ?, ?, ?)
Hibernate: insert into team (head_count, score, team_ppp, user1_id, user2_id, win) values (?, ?, ?, ?, ?, ?)
Hibernate: insert into team (head_count, score, team_ppp, user1_id, user2_id, win) values (?, ?, ?, ?, ?, ?)
Hibernate: insert into team (head_count, score, team_ppp, user1_id, user2_id, win) values (?, ?, ?, ?, ?, ?)
Hibernate: insert into team (head_count, score, team_ppp, user1_id, user2_id, win) values (?, ?, ?, ?, ?, ?)
Hibernate: insert into slot (created_date, modified_date, game_ppp, head_count, table_id, team1_id, team2_id, time, type) values (?, ?, ?, ?, ?, ?, ?, ?, ?)
Hibernate: insert into team (head_count, score, team_ppp, user1_id, user2_id, win) values (?, ?, ?, ?, ?, ?)
Hibernate: insert into team (head_count, score, team_ppp, user1_id, user2_id, win) values (?, ?, ?, ?, ?, ?)
Hibernate: insert into team (head_count, score, team_ppp, user1_id, user2_id, win) values (?, ?, ?, ?, ?, ?)
Hibernate: insert into team (head_count, score, team_ppp, user1_id, user2_id, win) values (?, ?, ?, ?, ?, ?)
Hibernate: insert into slot (created_date, modified_date, game_ppp, head_count, table_id, team1_id, team2_id, time, type) values (?, ?, ?, ?, ?, ?, ?, ?, ?)
Hibernate: insert into team (head_count, score, team_ppp, user1_id, user2_id, win) values (?, ?, ?, ?, ?, ?)
Hibernate: insert into team (head_count, score, team_ppp, user1_id, user2_id, win) values (?, ?, ?, ?, ?, ?)
Hibernate: insert into team (head_count, score, team_ppp, user1_id, user2_id, win) values (?, ?, ?, ?, ?, ?)
Hibernate: insert into team (head_count, score, team_ppp, user1_id, user2_id, win) values (?, ?, ?, ?, ?, ?)
Hibernate: insert into slot (created_date, modified_date, game_ppp, head_count, table_id, team1_id, team2_id, time, type) values (?, ?, ?, ?, ?, ?, ?, ?, ?)
Hibernate: insert into team (head_count, score, team_ppp, user1_id, user2_id, win) values (?, ?, ?, ?, ?, ?)
Hibernate: insert into team (head_count, score, team_ppp, user1_id, user2_id, win) values (?, ?, ?, ?, ?, ?)
Hibernate: insert into team (head_count, score, team_ppp, user1_id, user2_id, win) values (?, ?, ?, ?, ?, ?)
Hibernate: insert into team (head_count, score, team_ppp, user1_id, user2_id, win) values (?, ?, ?, ?, ?, ?)
Hibernate: insert into slot (created_date, modified_date, game_ppp, head_count, table_id, team1_id, team2_id, time, type) values (?, ?, ?, ?, ?, ?, ?, ?, ?)
Hibernate: insert into team (head_count, score, team_ppp, user1_id, user2_id, win) values (?, ?, ?, ?, ?, ?)
Hibernate: insert into team (head_count, score, team_ppp, user1_id, user2_id, win) values (?, ?, ?, ?, ?, ?)
Hibernate: insert into team (head_count, score, team_ppp, user1_id, user2_id, win) values (?, ?, ?, ?, ?, ?)
Hibernate: insert into team (head_count, score, team_ppp, user1_id, user2_id, win) values (?, ?, ?, ?, ?, ?)
Hibernate: insert into slot (created_date, modified_date, game_ppp, head_count, table_id, team1_id, team2_id, time, type) values (?, ?, ?, ?, ?, ?, ?, ?, ?)
Hibernate: insert into team (head_count, score, team_ppp, user1_id, user2_id, win) values (?, ?, ?, ?, ?, ?)
Hibernate: insert into team (head_count, score, team_ppp, user1_id, user2_id, win) values (?, ?, ?, ?, ?, ?)
Hibernate: insert into team (head_count, score, team_ppp, user1_id, user2_id, win) values (?, ?, ?, ?, ?, ?)
Hibernate: insert into team (head_count, score, team_ppp, user1_id, user2_id, win) values (?, ?, ?, ?, ?, ?)
Hibernate: insert into slot (created_date, modified_date, game_ppp, head_count, table_id, team1_id, team2_id, time, type) values (?, ?, ?, ?, ?, ?, ?, ?, ?)
Hibernate: insert into team (head_count, score, team_ppp, user1_id, user2_id, win) values (?, ?, ?, ?, ?, ?)
Hibernate: insert into team (head_count, score, team_ppp, user1_id, user2_id, win) values (?, ?, ?, ?, ?, ?)
Hibernate: insert into team (head_count, score, team_ppp, user1_id, user2_id, win) values (?, ?, ?, ?, ?, ?)
Hibernate: insert into team (head_count, score, team_ppp, user1_id, user2_id, win) values (?, ?, ?, ?, ?, ?)
Hibernate: insert into slot (created_date, modified_date, game_ppp, head_count, table_id, team1_id, team2_id, time, type) values (?, ?, ?, ?, ?, ?, ?, ?, ?)
Hibernate: insert into team (head_count, score, team_ppp, user1_id, user2_id, win) values (?, ?, ?, ?, ?, ?)
Hibernate: insert into team (head_count, score, team_ppp, user1_id, user2_id, win) values (?, ?, ?, ?, ?, ?)
Hibernate: insert into team (head_count, score, team_ppp, user1_id, user2_id, win) values (?, ?, ?, ?, ?, ?)
Hibernate: insert into team (head_count, score, team_ppp, user1_id, user2_id, win) values (?, ?, ?, ?, ?, ?)
Hibernate: insert into slot (created_date, modified_date, game_ppp, head_count, table_id, team1_id, team2_id, time, type) values (?, ?, ?, ?, ?, ?, ?, ?, ?)
Hibernate: insert into team (head_count, score, team_ppp, user1_id, user2_id, win) values (?, ?, ?, ?, ?, ?)
Hibernate: insert into team (head_count, score, team_ppp, user1_id, user2_id, win) values (?, ?, ?, ?, ?, ?)
Hibernate: insert into team (head_count, score, team_ppp, user1_id, user2_id, win) values (?, ?, ?, ?, ?, ?)
Hibernate: insert into team (head_count, score, team_ppp, user1_id, user2_id, win) values (?, ?, ?, ?, ?, ?)
Hibernate: insert into slot (created_date, modified_date, game_ppp, head_count, table_id, team1_id, team2_id, time, type) values (?, ?, ?, ?, ?, ?, ?, ?, ?)
Hibernate: insert into team (head_count, score, team_ppp, user1_id, user2_id, win) values (?, ?, ?, ?, ?, ?)
Hibernate: insert into team (head_count, score, team_ppp, user1_id, user2_id, win) values (?, ?, ?, ?, ?, ?)
Hibernate: insert into team (head_count, score, team_ppp, user1_id, user2_id, win) values (?, ?, ?, ?, ?, ?)
Hibernate: insert into team (head_count, score, team_ppp, user1_id, user2_id, win) values (?, ?, ?, ?, ?, ?)
Hibernate: insert into slot (created_date, modified_date, game_ppp, head_count, table_id, team1_id, team2_id, time, type) values (?, ?, ?, ?, ?, ?, ?, ?, ?)
Hibernate: insert into team (head_count, score, team_ppp, user1_id, user2_id, win) values (?, ?, ?, ?, ?, ?)
Hibernate: insert into team (head_count, score, team_ppp, user1_id, user2_id, win) values (?, ?, ?, ?, ?, ?)
Hibernate: insert into team (head_count, score, team_ppp, user1_id, user2_id, win) values (?, ?, ?, ?, ?, ?)
Hibernate: insert into team (head_count, score, team_ppp, user1_id, user2_id, win) values (?, ?, ?, ?, ?, ?)
Hibernate: insert into slot (created_date, modified_date, game_ppp, head_count, table_id, team1_id, team2_id, time, type) values (?, ?, ?, ?, ?, ?, ?, ?, ?)
Hibernate: insert into team (head_count, score, team_ppp, user1_id, user2_id, win) values (?, ?, ?, ?, ?, ?)
Hibernate: insert into team (head_count, score, team_ppp, user1_id, user2_id, win) values (?, ?, ?, ?, ?, ?)
Hibernate: insert into team (head_count, score, team_ppp, user1_id, user2_id, win) values (?, ?, ?, ?, ?, ?)
Hibernate: insert into team (head_count, score, team_ppp, user1_id, user2_id, win) values (?, ?, ?, ?, ?, ?)
Hibernate: insert into slot (created_date, modified_date, game_ppp, head_count, table_id, team1_id, team2_id, time, type) values (?, ?, ?, ?, ?, ?, ?, ?, ?)
Hibernate: insert into team (head_count, score, team_ppp, user1_id, user2_id, win) values (?, ?, ?, ?, ?, ?)
Hibernate: insert into team (head_count, score, team_ppp, user1_id, user2_id, win) values (?, ?, ?, ?, ?, ?)
Hibernate: insert into team (head_count, score, team_ppp, user1_id, user2_id, win) values (?, ?, ?, ?, ?, ?)
Hibernate: insert into team (head_count, score, team_ppp, user1_id, user2_id, win) values (?, ?, ?, ?, ?, ?)
Hibernate: insert into slot (created_date, modified_date, game_ppp, head_count, table_id, team1_id, team2_id, time, type) values (?, ?, ?, ?, ?, ?, ?, ?, ?)
Hibernate: insert into team (head_count, score, team_ppp, user1_id, user2_id, win) values (?, ?, ?, ?, ?, ?)
Hibernate: insert into team (head_count, score, team_ppp, user1_id, user2_id, win) values (?, ?, ?, ?, ?, ?)
Hibernate: insert into team (head_count, score, team_ppp, user1_id, user2_id, win) values (?, ?, ?, ?, ?, ?)
Hibernate: insert into team (head_count, score, team_ppp, user1_id, user2_id, win) values (?, ?, ?, ?, ?, ?)
Hibernate: insert into slot (created_date, modified_date, game_ppp, head_count, table_id, team1_id, team2_id, time, type) values (?, ?, ?, ?, ?, ?, ?, ?, ?)
Hibernate: select slot0_.id as id1_5_, slot0_.created_date as created_2_5_, slot0_.modified_date as modified3_5_, slot0_.game_ppp as game_ppp4_5_, slot0_.head_count as head_cou5_5_, slot0_.table_id as table_id6_5_, slot0_.team1_id as team9_5_, slot0_.team2_id as team10_5_, slot0_.time as time7_5_, slot0_.type as type8_5_ from slot slot0_
Hibernate: update slot set modified_date=?, game_ppp=?, head_count=?, table_id=?, team1_id=?, team2_id=?, time=?, type=? where id=?
Hibernate: update slot set modified_date=?, game_ppp=?, head_count=?, table_id=?, team1_id=?, team2_id=?, time=?, type=? where id=?
Hibernate: update slot set modified_date=?, game_ppp=?, head_count=?, table_id=?, team1_id=?, team2_id=?, time=?, type=? where id=?
Hibernate: select slot0_.id as id1_5_, slot0_.created_date as created_2_5_, slot0_.modified_date as modified3_5_, slot0_.game_ppp as game_ppp4_5_, slot0_.head_count as head_cou5_5_, slot0_.table_id as table_id6_5_, slot0_.team1_id as team9_5_, slot0_.team2_id as team10_5_, slot0_.time as time7_5_, slot0_.type as type8_5_ from slot slot0_ where slot0_.created_date>?
Hibernate: select currentmat0_.id as id1_0_, currentmat0_.created_date as created_2_0_, currentmat0_.modified_date as modified3_0_, currentmat0_.game_id as game_id6_0_, currentmat0_.is_matched as is_match4_0_, currentmat0_.match_imminent as match_im5_0_, currentmat0_.slot_id as slot_id7_0_, currentmat0_.user_id as user_id8_0_ from current_match currentmat0_ where currentmat0_.user_id=?
close
close
open
open
open
open
open
open
open
open
open
open
open
open
open
open
open
open
open
2022-06-14 16:26:40.568  INFO 68227 --- [    Test worker] o.s.t.c.transaction.TransactionContext   : Rolled back transaction for test: [DefaultTestContext@2e5affb3 testClass = SlotServiceTest, testInstance = io.pp.arcade.domain.slot.SlotServiceTest@65e503a7, testMethod = findSlotsStatus@SlotServiceTest, testException = [null], mergedContextConfiguration = [WebMergedContextConfiguration@752daa1f testClass = SlotServiceTest, locations = '{}', classes = '{class io.pp.arcade.Application}', contextInitializerClasses = '[]', activeProfiles = '{}', propertySourceLocations = '{}', propertySourceProperties = '{org.springframework.boot.test.context.SpringBootTestContextBootstrapper=true}', contextCustomizers = set[org.springframework.boot.test.autoconfigure.actuate.metrics.MetricsExportContextCustomizerFactory$DisableMetricExportContextCustomizer@6821ea29, org.springframework.boot.test.autoconfigure.properties.PropertyMappingContextCustomizer@0, org.springframework.boot.test.autoconfigure.web.servlet.WebDriverContextCustomizerFactory$Customizer@e077866, org.springframework.boot.test.context.filter.ExcludeFilterContextCustomizer@36546a22, org.springframework.boot.test.json.DuplicateJsonObjectContextCustomizerFactory$DuplicateJsonObjectContextCustomizer@3918c187, org.springframework.boot.test.mock.mockito.MockitoContextCustomizer@0, org.springframework.boot.test.web.client.TestRestTemplateContextCustomizer@12dae582, org.springframework.boot.test.context.SpringBootTestArgs@1, org.springframework.boot.test.context.SpringBootTestWebEnvironment@68878f6d], resourceBasePath = 'src/main/webapp', contextLoader = 'org.springframework.boot.test.context.SpringBootContextLoader', parent = [null]], attributes = map['org.springframework.test.context.web.ServletTestExecutionListener.activateListener' -> true, 'org.springframework.test.context.web.ServletTestExecutionListener.populatedRequestContextHolder' -> true, 'org.springframework.test.context.web.ServletTestExecutionListener.resetRequestContextHolder' -> true, 'org.springframework.test.context.event.ApplicationEventsTestExecutionListener.recordApplicationEvents' -> false]]
2022-06-14 16:26:40.572  INFO 68227 --- [    Test worker] o.s.t.c.transaction.TransactionContext   : Began transaction (1) for test context [DefaultTestContext@2e5affb3 testClass = SlotServiceTest, testInstance = io.pp.arcade.domain.slot.SlotServiceTest@76f58d0, testMethod = addUserInSlot@SlotServiceTest, testException = [null], mergedContextConfiguration = [WebMergedContextConfiguration@752daa1f testClass = SlotServiceTest, locations = '{}', classes = '{class io.pp.arcade.Application}', contextInitializerClasses = '[]', activeProfiles = '{}', propertySourceLocations = '{}', propertySourceProperties = '{org.springframework.boot.test.context.SpringBootTestContextBootstrapper=true}', contextCustomizers = set[org.springframework.boot.test.autoconfigure.actuate.metrics.MetricsExportContextCustomizerFactory$DisableMetricExportContextCustomizer@6821ea29, org.springframework.boot.test.autoconfigure.properties.PropertyMappingContextCustomizer@0, org.springframework.boot.test.autoconfigure.web.servlet.WebDriverContextCustomizerFactory$Customizer@e077866, org.springframework.boot.test.context.filter.ExcludeFilterContextCustomizer@36546a22, org.springframework.boot.test.json.DuplicateJsonObjectContextCustomizerFactory$DuplicateJsonObjectContextCustomizer@3918c187, org.springframework.boot.test.mock.mockito.MockitoContextCustomizer@0, org.springframework.boot.test.web.client.TestRestTemplateContextCustomizer@12dae582, org.springframework.boot.test.context.SpringBootTestArgs@1, org.springframework.boot.test.context.SpringBootTestWebEnvironment@68878f6d], resourceBasePath = 'src/main/webapp', contextLoader = 'org.springframework.boot.test.context.SpringBootContextLoader', parent = [null]], attributes = map['org.springframework.test.context.web.ServletTestExecutionListener.activateListener' -> true, 'org.springframework.test.context.web.ServletTestExecutionListener.populatedRequestContextHolder' -> true, 'org.springframework.test.context.web.ServletTestExecutionListener.resetRequestContextHolder' -> true, 'org.springframework.test.context.event.ApplicationEventsTestExecutionListener.recordApplicationEvents' -> false]]; transaction manager [org.springframework.orm.jpa.JpaTransactionManager@4ae45ff]; rollback [true]
Hibernate: insert into user (image_uri, intra_id, ppp, racket_type, status_message) values (?, ?, ?, ?, ?)
Hibernate: insert into user (image_uri, intra_id, ppp, racket_type, status_message) values (?, ?, ?, ?, ?)
Hibernate: insert into user (image_uri, intra_id, ppp, racket_type, status_message) values (?, ?, ?, ?, ?)
Hibernate: insert into user (image_uri, intra_id, ppp, racket_type, status_message) values (?, ?, ?, ?, ?)
Hibernate: insert into team (head_count, score, team_ppp, user1_id, user2_id, win) values (?, ?, ?, ?, ?, ?)
Hibernate: insert into team (head_count, score, team_ppp, user1_id, user2_id, win) values (?, ?, ?, ?, ?, ?)
Hibernate: insert into slot (created_date, modified_date, game_ppp, head_count, table_id, team1_id, team2_id, time, type) values (?, ?, ?, ?, ?, ?, ?, ?, ?)
2022-06-14 16:26:40.591  INFO 68227 --- [    Test worker] o.s.t.c.transaction.TransactionContext   : Rolled back transaction for test: [DefaultTestContext@2e5affb3 testClass = SlotServiceTest, testInstance = io.pp.arcade.domain.slot.SlotServiceTest@76f58d0, testMethod = addUserInSlot@SlotServiceTest, testException = [null], mergedContextConfiguration = [WebMergedContextConfiguration@752daa1f testClass = SlotServiceTest, locations = '{}', classes = '{class io.pp.arcade.Application}', contextInitializerClasses = '[]', activeProfiles = '{}', propertySourceLocations = '{}', propertySourceProperties = '{org.springframework.boot.test.context.SpringBootTestContextBootstrapper=true}', contextCustomizers = set[org.springframework.boot.test.autoconfigure.actuate.metrics.MetricsExportContextCustomizerFactory$DisableMetricExportContextCustomizer@6821ea29, org.springframework.boot.test.autoconfigure.properties.PropertyMappingContextCustomizer@0, org.springframework.boot.test.autoconfigure.web.servlet.WebDriverContextCustomizerFactory$Customizer@e077866, org.springframework.boot.test.context.filter.ExcludeFilterContextCustomizer@36546a22, org.springframework.boot.test.json.DuplicateJsonObjectContextCustomizerFactory$DuplicateJsonObjectContextCustomizer@3918c187, org.springframework.boot.test.mock.mockito.MockitoContextCustomizer@0, org.springframework.boot.test.web.client.TestRestTemplateContextCustomizer@12dae582, org.springframework.boot.test.context.SpringBootTestArgs@1, org.springframework.boot.test.context.SpringBootTestWebEnvironment@68878f6d], resourceBasePath = 'src/main/webapp', contextLoader = 'org.springframework.boot.test.context.SpringBootContextLoader', parent = [null]], attributes = map['org.springframework.test.context.web.ServletTestExecutionListener.activateListener' -> true, 'org.springframework.test.context.web.ServletTestExecutionListener.populatedRequestContextHolder' -> true, 'org.springframework.test.context.web.ServletTestExecutionListener.resetRequestContextHolder' -> true, 'org.springframework.test.context.event.ApplicationEventsTestExecutionListener.recordApplicationEvents' -> false]]
]]></system-out>
  <system-err><![CDATA[]]></system-err>
</testsuite>
