<?xml version="1.0" encoding="UTF-8"?>
<testsuite name="io.pp.arcade.domain.slot.SlotServiceTest" tests="5" skipped="0" failures="0" errors="0" timestamp="2022-06-13T01:30:16" hostname="Heos-MacBook-Air.local" time="0.301">
  <properties/>
  <testcase name="removeUserInSlot()" classname="io.pp.arcade.domain.slot.SlotServiceTest" time="0.017"/>
  <testcase name="addSlot()" classname="io.pp.arcade.domain.slot.SlotServiceTest" time="0.033"/>
  <testcase name="findSlotById()" classname="io.pp.arcade.domain.slot.SlotServiceTest" time="0.011"/>
  <testcase name="findSlotsStatus()" classname="io.pp.arcade.domain.slot.SlotServiceTest" time="0.176"/>
  <testcase name="addUserInSlot()" classname="io.pp.arcade.domain.slot.SlotServiceTest" time="0.051"/>
  <system-out><![CDATA[2022-06-13 10:30:16.637  INFO 93221 --- [    Test worker] .b.t.c.SpringBootTestContextBootstrapper : Neither @ContextConfiguration nor @ContextHierarchy found for test class [io.pp.arcade.domain.slot.SlotServiceTest], using SpringBootContextLoader
2022-06-13 10:30:16.637  INFO 93221 --- [    Test worker] o.s.t.c.support.AbstractContextLoader    : Could not detect default resource locations for test class [io.pp.arcade.domain.slot.SlotServiceTest]: no resource found for suffixes {-context.xml, Context.groovy}.
2022-06-13 10:30:16.637  INFO 93221 --- [    Test worker] t.c.s.AnnotationConfigContextLoaderUtils : Could not detect default configuration classes for test class [io.pp.arcade.domain.slot.SlotServiceTest]: SlotServiceTest does not declare any static, non-private, non-final, nested classes annotated with @Configuration.
2022-06-13 10:30:16.643  INFO 93221 --- [    Test worker] .b.t.c.SpringBootTestContextBootstrapper : Found @SpringBootConfiguration io.pp.arcade.Application for test class io.pp.arcade.domain.slot.SlotServiceTest
2022-06-13 10:30:16.645  INFO 93221 --- [    Test worker] .b.t.c.SpringBootTestContextBootstrapper : Loaded default TestExecutionListener class names from location [META-INF/spring.factories]: [org.springframework.boot.test.autoconfigure.restdocs.RestDocsTestExecutionListener, org.springframework.boot.test.autoconfigure.web.client.MockRestServiceServerResetTestExecutionListener, org.springframework.boot.test.autoconfigure.web.servlet.MockMvcPrintOnlyOnFailureTestExecutionListener, org.springframework.boot.test.autoconfigure.web.servlet.WebDriverTestExecutionListener, org.springframework.boot.test.autoconfigure.webservices.client.MockWebServiceServerTestExecutionListener, org.springframework.boot.test.mock.mockito.MockitoTestExecutionListener, org.springframework.boot.test.mock.mockito.ResetMocksTestExecutionListener, org.springframework.test.context.web.ServletTestExecutionListener, org.springframework.test.context.support.DirtiesContextBeforeModesTestExecutionListener, org.springframework.test.context.event.ApplicationEventsTestExecutionListener, org.springframework.test.context.support.DependencyInjectionTestExecutionListener, org.springframework.test.context.support.DirtiesContextTestExecutionListener, org.springframework.test.context.transaction.TransactionalTestExecutionListener, org.springframework.test.context.jdbc.SqlScriptsTestExecutionListener, org.springframework.test.context.event.EventPublishingTestExecutionListener]
2022-06-13 10:30:16.645  INFO 93221 --- [    Test worker] .b.t.c.SpringBootTestContextBootstrapper : Using TestExecutionListeners: [org.springframework.test.context.web.ServletTestExecutionListener@5c863996, org.springframework.test.context.support.DirtiesContextBeforeModesTestExecutionListener@1000303a, org.springframework.test.context.event.ApplicationEventsTestExecutionListener@46763680, org.springframework.boot.test.mock.mockito.MockitoTestExecutionListener@6b0796d4, org.springframework.boot.test.autoconfigure.SpringBootDependencyInjectionTestExecutionListener@62048ab, org.springframework.test.context.support.DirtiesContextTestExecutionListener@173039b5, org.springframework.test.context.transaction.TransactionalTestExecutionListener@6005cfe5, org.springframework.test.context.jdbc.SqlScriptsTestExecutionListener@37635407, org.springframework.test.context.event.EventPublishingTestExecutionListener@33822750, org.springframework.boot.test.autoconfigure.restdocs.RestDocsTestExecutionListener@25e95d04, org.springframework.boot.test.autoconfigure.web.client.MockRestServiceServerResetTestExecutionListener@6b5dc4bb, org.springframework.boot.test.autoconfigure.web.servlet.MockMvcPrintOnlyOnFailureTestExecutionListener@46b376bb, org.springframework.boot.test.autoconfigure.web.servlet.WebDriverTestExecutionListener@64a9719a, org.springframework.boot.test.autoconfigure.webservices.client.MockWebServiceServerTestExecutionListener@bc70176, org.springframework.boot.test.mock.mockito.ResetMocksTestExecutionListener@eba64a9]
2022-06-13 10:30:16.650  INFO 93221 --- [    Test worker] o.s.t.c.transaction.TransactionContext   : Began transaction (1) for test context [DefaultTestContext@4f8186a5 testClass = SlotServiceTest, testInstance = io.pp.arcade.domain.slot.SlotServiceTest@69554e5a, testMethod = removeUserInSlot@SlotServiceTest, testException = [null], mergedContextConfiguration = [WebMergedContextConfiguration@7244d87 testClass = SlotServiceTest, locations = '{}', classes = '{class io.pp.arcade.Application}', contextInitializerClasses = '[]', activeProfiles = '{}', propertySourceLocations = '{}', propertySourceProperties = '{org.springframework.boot.test.context.SpringBootTestContextBootstrapper=true}', contextCustomizers = set[org.springframework.boot.test.autoconfigure.actuate.metrics.MetricsExportContextCustomizerFactory$DisableMetricExportContextCustomizer@56a4479a, org.springframework.boot.test.autoconfigure.properties.PropertyMappingContextCustomizer@0, org.springframework.boot.test.autoconfigure.web.servlet.WebDriverContextCustomizerFactory$Customizer@67ab1c47, org.springframework.boot.test.context.filter.ExcludeFilterContextCustomizer@2a3c96e3, org.springframework.boot.test.json.DuplicateJsonObjectContextCustomizerFactory$DuplicateJsonObjectContextCustomizer@cb191ca, org.springframework.boot.test.mock.mockito.MockitoContextCustomizer@0, org.springframework.boot.test.web.client.TestRestTemplateContextCustomizer@75d0911a, org.springframework.boot.test.context.SpringBootTestArgs@1, org.springframework.boot.test.context.SpringBootTestWebEnvironment@15d49048], resourceBasePath = 'src/main/webapp', contextLoader = 'org.springframework.boot.test.context.SpringBootContextLoader', parent = [null]], attributes = map['org.springframework.test.context.web.ServletTestExecutionListener.activateListener' -> true, 'org.springframework.test.context.web.ServletTestExecutionListener.populatedRequestContextHolder' -> true, 'org.springframework.test.context.web.ServletTestExecutionListener.resetRequestContextHolder' -> true, 'org.springframework.test.context.event.ApplicationEventsTestExecutionListener.recordApplicationEvents' -> false]]; transaction manager [org.springframework.orm.jpa.JpaTransactionManager@69374e28]; rollback [true]
Hibernate: insert into user (image_uri, intra_id, ppp, racket_type, status_message) values (?, ?, ?, ?, ?)
Hibernate: insert into user (image_uri, intra_id, ppp, racket_type, status_message) values (?, ?, ?, ?, ?)
Hibernate: insert into user (image_uri, intra_id, ppp, racket_type, status_message) values (?, ?, ?, ?, ?)
Hibernate: insert into user (image_uri, intra_id, ppp, racket_type, status_message) values (?, ?, ?, ?, ?)
Hibernate: insert into team (head_count, score, team_ppp, user1_id, user2_id, win) values (?, ?, ?, ?, ?, ?)
Hibernate: insert into team (head_count, score, team_ppp, user1_id, user2_id, win) values (?, ?, ?, ?, ?, ?)
Hibernate: insert into slot (created_date, modified_date, game_ppp, head_count, table_id, team1_id, team2_id, time, type) values (?, ?, ?, ?, ?, ?, ?, ?, ?)
Hibernate: insert into slot (created_date, modified_date, game_ppp, head_count, table_id, team1_id, team2_id, time, type) values (?, ?, ?, ?, ?, ?, ?, ?, ?)
2022-06-13 10:30:16.665  INFO 93221 --- [    Test worker] o.s.t.c.transaction.TransactionContext   : Rolled back transaction for test: [DefaultTestContext@4f8186a5 testClass = SlotServiceTest, testInstance = io.pp.arcade.domain.slot.SlotServiceTest@69554e5a, testMethod = removeUserInSlot@SlotServiceTest, testException = [null], mergedContextConfiguration = [WebMergedContextConfiguration@7244d87 testClass = SlotServiceTest, locations = '{}', classes = '{class io.pp.arcade.Application}', contextInitializerClasses = '[]', activeProfiles = '{}', propertySourceLocations = '{}', propertySourceProperties = '{org.springframework.boot.test.context.SpringBootTestContextBootstrapper=true}', contextCustomizers = set[org.springframework.boot.test.autoconfigure.actuate.metrics.MetricsExportContextCustomizerFactory$DisableMetricExportContextCustomizer@56a4479a, org.springframework.boot.test.autoconfigure.properties.PropertyMappingContextCustomizer@0, org.springframework.boot.test.autoconfigure.web.servlet.WebDriverContextCustomizerFactory$Customizer@67ab1c47, org.springframework.boot.test.context.filter.ExcludeFilterContextCustomizer@2a3c96e3, org.springframework.boot.test.json.DuplicateJsonObjectContextCustomizerFactory$DuplicateJsonObjectContextCustomizer@cb191ca, org.springframework.boot.test.mock.mockito.MockitoContextCustomizer@0, org.springframework.boot.test.web.client.TestRestTemplateContextCustomizer@75d0911a, org.springframework.boot.test.context.SpringBootTestArgs@1, org.springframework.boot.test.context.SpringBootTestWebEnvironment@15d49048], resourceBasePath = 'src/main/webapp', contextLoader = 'org.springframework.boot.test.context.SpringBootContextLoader', parent = [null]], attributes = map['org.springframework.test.context.web.ServletTestExecutionListener.activateListener' -> true, 'org.springframework.test.context.web.ServletTestExecutionListener.populatedRequestContextHolder' -> true, 'org.springframework.test.context.web.ServletTestExecutionListener.resetRequestContextHolder' -> true, 'org.springframework.test.context.event.ApplicationEventsTestExecutionListener.recordApplicationEvents' -> false]]
2022-06-13 10:30:16.668  INFO 93221 --- [    Test worker] o.s.t.c.transaction.TransactionContext   : Began transaction (1) for test context [DefaultTestContext@4f8186a5 testClass = SlotServiceTest, testInstance = io.pp.arcade.domain.slot.SlotServiceTest@6eb506d0, testMethod = addSlot@SlotServiceTest, testException = [null], mergedContextConfiguration = [WebMergedContextConfiguration@7244d87 testClass = SlotServiceTest, locations = '{}', classes = '{class io.pp.arcade.Application}', contextInitializerClasses = '[]', activeProfiles = '{}', propertySourceLocations = '{}', propertySourceProperties = '{org.springframework.boot.test.context.SpringBootTestContextBootstrapper=true}', contextCustomizers = set[org.springframework.boot.test.autoconfigure.actuate.metrics.MetricsExportContextCustomizerFactory$DisableMetricExportContextCustomizer@56a4479a, org.springframework.boot.test.autoconfigure.properties.PropertyMappingContextCustomizer@0, org.springframework.boot.test.autoconfigure.web.servlet.WebDriverContextCustomizerFactory$Customizer@67ab1c47, org.springframework.boot.test.context.filter.ExcludeFilterContextCustomizer@2a3c96e3, org.springframework.boot.test.json.DuplicateJsonObjectContextCustomizerFactory$DuplicateJsonObjectContextCustomizer@cb191ca, org.springframework.boot.test.mock.mockito.MockitoContextCustomizer@0, org.springframework.boot.test.web.client.TestRestTemplateContextCustomizer@75d0911a, org.springframework.boot.test.context.SpringBootTestArgs@1, org.springframework.boot.test.context.SpringBootTestWebEnvironment@15d49048], resourceBasePath = 'src/main/webapp', contextLoader = 'org.springframework.boot.test.context.SpringBootContextLoader', parent = [null]], attributes = map['org.springframework.test.context.web.ServletTestExecutionListener.activateListener' -> true, 'org.springframework.test.context.web.ServletTestExecutionListener.populatedRequestContextHolder' -> true, 'org.springframework.test.context.web.ServletTestExecutionListener.resetRequestContextHolder' -> true, 'org.springframework.test.context.event.ApplicationEventsTestExecutionListener.recordApplicationEvents' -> false]]; transaction manager [org.springframework.orm.jpa.JpaTransactionManager@69374e28]; rollback [true]
Hibernate: insert into user (image_uri, intra_id, ppp, racket_type, status_message) values (?, ?, ?, ?, ?)
Hibernate: insert into user (image_uri, intra_id, ppp, racket_type, status_message) values (?, ?, ?, ?, ?)
Hibernate: insert into user (image_uri, intra_id, ppp, racket_type, status_message) values (?, ?, ?, ?, ?)
Hibernate: insert into user (image_uri, intra_id, ppp, racket_type, status_message) values (?, ?, ?, ?, ?)
Hibernate: insert into team (head_count, score, team_ppp, user1_id, user2_id, win) values (?, ?, ?, ?, ?, ?)
Hibernate: insert into team (head_count, score, team_ppp, user1_id, user2_id, win) values (?, ?, ?, ?, ?, ?)
Hibernate: insert into slot (created_date, modified_date, game_ppp, head_count, table_id, team1_id, team2_id, time, type) values (?, ?, ?, ?, ?, ?, ?, ?, ?)
Hibernate: insert into team (head_count, score, team_ppp, user1_id, user2_id, win) values (?, ?, ?, ?, ?, ?)
Hibernate: insert into team (head_count, score, team_ppp, user1_id, user2_id, win) values (?, ?, ?, ?, ?, ?)
Hibernate: insert into slot (created_date, modified_date, game_ppp, head_count, table_id, team1_id, team2_id, time, type) values (?, ?, ?, ?, ?, ?, ?, ?, ?)
Hibernate: select slot0_.id as id1_3_, slot0_.created_date as created_2_3_, slot0_.modified_date as modified3_3_, slot0_.game_ppp as game_ppp4_3_, slot0_.head_count as head_cou5_3_, slot0_.table_id as table_id6_3_, slot0_.team1_id as team9_3_, slot0_.team2_id as team10_3_, slot0_.time as time7_3_, slot0_.type as type8_3_ from slot slot0_
2022-06-13 10:30:16.699  INFO 93221 --- [    Test worker] o.s.t.c.transaction.TransactionContext   : Rolled back transaction for test: [DefaultTestContext@4f8186a5 testClass = SlotServiceTest, testInstance = io.pp.arcade.domain.slot.SlotServiceTest@6eb506d0, testMethod = addSlot@SlotServiceTest, testException = [null], mergedContextConfiguration = [WebMergedContextConfiguration@7244d87 testClass = SlotServiceTest, locations = '{}', classes = '{class io.pp.arcade.Application}', contextInitializerClasses = '[]', activeProfiles = '{}', propertySourceLocations = '{}', propertySourceProperties = '{org.springframework.boot.test.context.SpringBootTestContextBootstrapper=true}', contextCustomizers = set[org.springframework.boot.test.autoconfigure.actuate.metrics.MetricsExportContextCustomizerFactory$DisableMetricExportContextCustomizer@56a4479a, org.springframework.boot.test.autoconfigure.properties.PropertyMappingContextCustomizer@0, org.springframework.boot.test.autoconfigure.web.servlet.WebDriverContextCustomizerFactory$Customizer@67ab1c47, org.springframework.boot.test.context.filter.ExcludeFilterContextCustomizer@2a3c96e3, org.springframework.boot.test.json.DuplicateJsonObjectContextCustomizerFactory$DuplicateJsonObjectContextCustomizer@cb191ca, org.springframework.boot.test.mock.mockito.MockitoContextCustomizer@0, org.springframework.boot.test.web.client.TestRestTemplateContextCustomizer@75d0911a, org.springframework.boot.test.context.SpringBootTestArgs@1, org.springframework.boot.test.context.SpringBootTestWebEnvironment@15d49048], resourceBasePath = 'src/main/webapp', contextLoader = 'org.springframework.boot.test.context.SpringBootContextLoader', parent = [null]], attributes = map['org.springframework.test.context.web.ServletTestExecutionListener.activateListener' -> true, 'org.springframework.test.context.web.ServletTestExecutionListener.populatedRequestContextHolder' -> true, 'org.springframework.test.context.web.ServletTestExecutionListener.resetRequestContextHolder' -> true, 'org.springframework.test.context.event.ApplicationEventsTestExecutionListener.recordApplicationEvents' -> false]]
2022-06-13 10:30:16.701  INFO 93221 --- [    Test worker] o.s.t.c.transaction.TransactionContext   : Began transaction (1) for test context [DefaultTestContext@4f8186a5 testClass = SlotServiceTest, testInstance = io.pp.arcade.domain.slot.SlotServiceTest@57dee2b9, testMethod = findSlotById@SlotServiceTest, testException = [null], mergedContextConfiguration = [WebMergedContextConfiguration@7244d87 testClass = SlotServiceTest, locations = '{}', classes = '{class io.pp.arcade.Application}', contextInitializerClasses = '[]', activeProfiles = '{}', propertySourceLocations = '{}', propertySourceProperties = '{org.springframework.boot.test.context.SpringBootTestContextBootstrapper=true}', contextCustomizers = set[org.springframework.boot.test.autoconfigure.actuate.metrics.MetricsExportContextCustomizerFactory$DisableMetricExportContextCustomizer@56a4479a, org.springframework.boot.test.autoconfigure.properties.PropertyMappingContextCustomizer@0, org.springframework.boot.test.autoconfigure.web.servlet.WebDriverContextCustomizerFactory$Customizer@67ab1c47, org.springframework.boot.test.context.filter.ExcludeFilterContextCustomizer@2a3c96e3, org.springframework.boot.test.json.DuplicateJsonObjectContextCustomizerFactory$DuplicateJsonObjectContextCustomizer@cb191ca, org.springframework.boot.test.mock.mockito.MockitoContextCustomizer@0, org.springframework.boot.test.web.client.TestRestTemplateContextCustomizer@75d0911a, org.springframework.boot.test.context.SpringBootTestArgs@1, org.springframework.boot.test.context.SpringBootTestWebEnvironment@15d49048], resourceBasePath = 'src/main/webapp', contextLoader = 'org.springframework.boot.test.context.SpringBootContextLoader', parent = [null]], attributes = map['org.springframework.test.context.web.ServletTestExecutionListener.activateListener' -> true, 'org.springframework.test.context.web.ServletTestExecutionListener.populatedRequestContextHolder' -> true, 'org.springframework.test.context.web.ServletTestExecutionListener.resetRequestContextHolder' -> true, 'org.springframework.test.context.event.ApplicationEventsTestExecutionListener.recordApplicationEvents' -> false]]; transaction manager [org.springframework.orm.jpa.JpaTransactionManager@69374e28]; rollback [true]
Hibernate: insert into user (image_uri, intra_id, ppp, racket_type, status_message) values (?, ?, ?, ?, ?)
Hibernate: insert into user (image_uri, intra_id, ppp, racket_type, status_message) values (?, ?, ?, ?, ?)
Hibernate: insert into user (image_uri, intra_id, ppp, racket_type, status_message) values (?, ?, ?, ?, ?)
Hibernate: insert into user (image_uri, intra_id, ppp, racket_type, status_message) values (?, ?, ?, ?, ?)
Hibernate: insert into team (head_count, score, team_ppp, user1_id, user2_id, win) values (?, ?, ?, ?, ?, ?)
Hibernate: insert into team (head_count, score, team_ppp, user1_id, user2_id, win) values (?, ?, ?, ?, ?, ?)
Hibernate: insert into slot (created_date, modified_date, game_ppp, head_count, table_id, team1_id, team2_id, time, type) values (?, ?, ?, ?, ?, ?, ?, ?, ?)
2022-06-13 10:30:16.711  INFO 93221 --- [    Test worker] o.s.t.c.transaction.TransactionContext   : Rolled back transaction for test: [DefaultTestContext@4f8186a5 testClass = SlotServiceTest, testInstance = io.pp.arcade.domain.slot.SlotServiceTest@57dee2b9, testMethod = findSlotById@SlotServiceTest, testException = [null], mergedContextConfiguration = [WebMergedContextConfiguration@7244d87 testClass = SlotServiceTest, locations = '{}', classes = '{class io.pp.arcade.Application}', contextInitializerClasses = '[]', activeProfiles = '{}', propertySourceLocations = '{}', propertySourceProperties = '{org.springframework.boot.test.context.SpringBootTestContextBootstrapper=true}', contextCustomizers = set[org.springframework.boot.test.autoconfigure.actuate.metrics.MetricsExportContextCustomizerFactory$DisableMetricExportContextCustomizer@56a4479a, org.springframework.boot.test.autoconfigure.properties.PropertyMappingContextCustomizer@0, org.springframework.boot.test.autoconfigure.web.servlet.WebDriverContextCustomizerFactory$Customizer@67ab1c47, org.springframework.boot.test.context.filter.ExcludeFilterContextCustomizer@2a3c96e3, org.springframework.boot.test.json.DuplicateJsonObjectContextCustomizerFactory$DuplicateJsonObjectContextCustomizer@cb191ca, org.springframework.boot.test.mock.mockito.MockitoContextCustomizer@0, org.springframework.boot.test.web.client.TestRestTemplateContextCustomizer@75d0911a, org.springframework.boot.test.context.SpringBootTestArgs@1, org.springframework.boot.test.context.SpringBootTestWebEnvironment@15d49048], resourceBasePath = 'src/main/webapp', contextLoader = 'org.springframework.boot.test.context.SpringBootContextLoader', parent = [null]], attributes = map['org.springframework.test.context.web.ServletTestExecutionListener.activateListener' -> true, 'org.springframework.test.context.web.ServletTestExecutionListener.populatedRequestContextHolder' -> true, 'org.springframework.test.context.web.ServletTestExecutionListener.resetRequestContextHolder' -> true, 'org.springframework.test.context.event.ApplicationEventsTestExecutionListener.recordApplicationEvents' -> false]]
2022-06-13 10:30:16.712  INFO 93221 --- [    Test worker] o.s.t.c.transaction.TransactionContext   : Began transaction (1) for test context [DefaultTestContext@4f8186a5 testClass = SlotServiceTest, testInstance = io.pp.arcade.domain.slot.SlotServiceTest@64514009, testMethod = findSlotsStatus@SlotServiceTest, testException = [null], mergedContextConfiguration = [WebMergedContextConfiguration@7244d87 testClass = SlotServiceTest, locations = '{}', classes = '{class io.pp.arcade.Application}', contextInitializerClasses = '[]', activeProfiles = '{}', propertySourceLocations = '{}', propertySourceProperties = '{org.springframework.boot.test.context.SpringBootTestContextBootstrapper=true}', contextCustomizers = set[org.springframework.boot.test.autoconfigure.actuate.metrics.MetricsExportContextCustomizerFactory$DisableMetricExportContextCustomizer@56a4479a, org.springframework.boot.test.autoconfigure.properties.PropertyMappingContextCustomizer@0, org.springframework.boot.test.autoconfigure.web.servlet.WebDriverContextCustomizerFactory$Customizer@67ab1c47, org.springframework.boot.test.context.filter.ExcludeFilterContextCustomizer@2a3c96e3, org.springframework.boot.test.json.DuplicateJsonObjectContextCustomizerFactory$DuplicateJsonObjectContextCustomizer@cb191ca, org.springframework.boot.test.mock.mockito.MockitoContextCustomizer@0, org.springframework.boot.test.web.client.TestRestTemplateContextCustomizer@75d0911a, org.springframework.boot.test.context.SpringBootTestArgs@1, org.springframework.boot.test.context.SpringBootTestWebEnvironment@15d49048], resourceBasePath = 'src/main/webapp', contextLoader = 'org.springframework.boot.test.context.SpringBootContextLoader', parent = [null]], attributes = map['org.springframework.test.context.web.ServletTestExecutionListener.activateListener' -> true, 'org.springframework.test.context.web.ServletTestExecutionListener.populatedRequestContextHolder' -> true, 'org.springframework.test.context.web.ServletTestExecutionListener.resetRequestContextHolder' -> true, 'org.springframework.test.context.event.ApplicationEventsTestExecutionListener.recordApplicationEvents' -> false]]; transaction manager [org.springframework.orm.jpa.JpaTransactionManager@69374e28]; rollback [true]
Hibernate: insert into user (image_uri, intra_id, ppp, racket_type, status_message) values (?, ?, ?, ?, ?)
Hibernate: insert into user (image_uri, intra_id, ppp, racket_type, status_message) values (?, ?, ?, ?, ?)
Hibernate: insert into user (image_uri, intra_id, ppp, racket_type, status_message) values (?, ?, ?, ?, ?)
Hibernate: insert into user (image_uri, intra_id, ppp, racket_type, status_message) values (?, ?, ?, ?, ?)
Hibernate: insert into team (head_count, score, team_ppp, user1_id, user2_id, win) values (?, ?, ?, ?, ?, ?)
Hibernate: insert into team (head_count, score, team_ppp, user1_id, user2_id, win) values (?, ?, ?, ?, ?, ?)
Hibernate: insert into slot (created_date, modified_date, game_ppp, head_count, table_id, team1_id, team2_id, time, type) values (?, ?, ?, ?, ?, ?, ?, ?, ?)
Hibernate: insert into team (head_count, score, team_ppp, user1_id, user2_id, win) values (?, ?, ?, ?, ?, ?)
Hibernate: insert into team (head_count, score, team_ppp, user1_id, user2_id, win) values (?, ?, ?, ?, ?, ?)
Hibernate: insert into team (head_count, score, team_ppp, user1_id, user2_id, win) values (?, ?, ?, ?, ?, ?)
Hibernate: insert into team (head_count, score, team_ppp, user1_id, user2_id, win) values (?, ?, ?, ?, ?, ?)
Hibernate: insert into slot (created_date, modified_date, game_ppp, head_count, table_id, team1_id, team2_id, time, type) values (?, ?, ?, ?, ?, ?, ?, ?, ?)
Hibernate: insert into team (head_count, score, team_ppp, user1_id, user2_id, win) values (?, ?, ?, ?, ?, ?)
Hibernate: insert into team (head_count, score, team_ppp, user1_id, user2_id, win) values (?, ?, ?, ?, ?, ?)
Hibernate: insert into team (head_count, score, team_ppp, user1_id, user2_id, win) values (?, ?, ?, ?, ?, ?)
Hibernate: insert into team (head_count, score, team_ppp, user1_id, user2_id, win) values (?, ?, ?, ?, ?, ?)
Hibernate: insert into slot (created_date, modified_date, game_ppp, head_count, table_id, team1_id, team2_id, time, type) values (?, ?, ?, ?, ?, ?, ?, ?, ?)
Hibernate: insert into team (head_count, score, team_ppp, user1_id, user2_id, win) values (?, ?, ?, ?, ?, ?)
Hibernate: insert into team (head_count, score, team_ppp, user1_id, user2_id, win) values (?, ?, ?, ?, ?, ?)
Hibernate: insert into team (head_count, score, team_ppp, user1_id, user2_id, win) values (?, ?, ?, ?, ?, ?)
Hibernate: insert into team (head_count, score, team_ppp, user1_id, user2_id, win) values (?, ?, ?, ?, ?, ?)
Hibernate: insert into slot (created_date, modified_date, game_ppp, head_count, table_id, team1_id, team2_id, time, type) values (?, ?, ?, ?, ?, ?, ?, ?, ?)
Hibernate: insert into team (head_count, score, team_ppp, user1_id, user2_id, win) values (?, ?, ?, ?, ?, ?)
Hibernate: insert into team (head_count, score, team_ppp, user1_id, user2_id, win) values (?, ?, ?, ?, ?, ?)
Hibernate: insert into team (head_count, score, team_ppp, user1_id, user2_id, win) values (?, ?, ?, ?, ?, ?)
Hibernate: insert into team (head_count, score, team_ppp, user1_id, user2_id, win) values (?, ?, ?, ?, ?, ?)
Hibernate: insert into slot (created_date, modified_date, game_ppp, head_count, table_id, team1_id, team2_id, time, type) values (?, ?, ?, ?, ?, ?, ?, ?, ?)
Hibernate: insert into team (head_count, score, team_ppp, user1_id, user2_id, win) values (?, ?, ?, ?, ?, ?)
Hibernate: insert into team (head_count, score, team_ppp, user1_id, user2_id, win) values (?, ?, ?, ?, ?, ?)
Hibernate: insert into team (head_count, score, team_ppp, user1_id, user2_id, win) values (?, ?, ?, ?, ?, ?)
Hibernate: insert into team (head_count, score, team_ppp, user1_id, user2_id, win) values (?, ?, ?, ?, ?, ?)
Hibernate: insert into slot (created_date, modified_date, game_ppp, head_count, table_id, team1_id, team2_id, time, type) values (?, ?, ?, ?, ?, ?, ?, ?, ?)
Hibernate: insert into team (head_count, score, team_ppp, user1_id, user2_id, win) values (?, ?, ?, ?, ?, ?)
Hibernate: insert into team (head_count, score, team_ppp, user1_id, user2_id, win) values (?, ?, ?, ?, ?, ?)
Hibernate: insert into team (head_count, score, team_ppp, user1_id, user2_id, win) values (?, ?, ?, ?, ?, ?)
Hibernate: insert into team (head_count, score, team_ppp, user1_id, user2_id, win) values (?, ?, ?, ?, ?, ?)
Hibernate: insert into slot (created_date, modified_date, game_ppp, head_count, table_id, team1_id, team2_id, time, type) values (?, ?, ?, ?, ?, ?, ?, ?, ?)
Hibernate: insert into team (head_count, score, team_ppp, user1_id, user2_id, win) values (?, ?, ?, ?, ?, ?)
Hibernate: insert into team (head_count, score, team_ppp, user1_id, user2_id, win) values (?, ?, ?, ?, ?, ?)
Hibernate: insert into team (head_count, score, team_ppp, user1_id, user2_id, win) values (?, ?, ?, ?, ?, ?)
Hibernate: insert into team (head_count, score, team_ppp, user1_id, user2_id, win) values (?, ?, ?, ?, ?, ?)
Hibernate: insert into slot (created_date, modified_date, game_ppp, head_count, table_id, team1_id, team2_id, time, type) values (?, ?, ?, ?, ?, ?, ?, ?, ?)
Hibernate: insert into team (head_count, score, team_ppp, user1_id, user2_id, win) values (?, ?, ?, ?, ?, ?)
Hibernate: insert into team (head_count, score, team_ppp, user1_id, user2_id, win) values (?, ?, ?, ?, ?, ?)
Hibernate: insert into team (head_count, score, team_ppp, user1_id, user2_id, win) values (?, ?, ?, ?, ?, ?)
Hibernate: insert into team (head_count, score, team_ppp, user1_id, user2_id, win) values (?, ?, ?, ?, ?, ?)
Hibernate: insert into slot (created_date, modified_date, game_ppp, head_count, table_id, team1_id, team2_id, time, type) values (?, ?, ?, ?, ?, ?, ?, ?, ?)
Hibernate: insert into team (head_count, score, team_ppp, user1_id, user2_id, win) values (?, ?, ?, ?, ?, ?)
Hibernate: insert into team (head_count, score, team_ppp, user1_id, user2_id, win) values (?, ?, ?, ?, ?, ?)
Hibernate: insert into team (head_count, score, team_ppp, user1_id, user2_id, win) values (?, ?, ?, ?, ?, ?)
Hibernate: insert into team (head_count, score, team_ppp, user1_id, user2_id, win) values (?, ?, ?, ?, ?, ?)
Hibernate: insert into slot (created_date, modified_date, game_ppp, head_count, table_id, team1_id, team2_id, time, type) values (?, ?, ?, ?, ?, ?, ?, ?, ?)
Hibernate: insert into team (head_count, score, team_ppp, user1_id, user2_id, win) values (?, ?, ?, ?, ?, ?)
Hibernate: insert into team (head_count, score, team_ppp, user1_id, user2_id, win) values (?, ?, ?, ?, ?, ?)
Hibernate: insert into team (head_count, score, team_ppp, user1_id, user2_id, win) values (?, ?, ?, ?, ?, ?)
Hibernate: insert into team (head_count, score, team_ppp, user1_id, user2_id, win) values (?, ?, ?, ?, ?, ?)
Hibernate: insert into slot (created_date, modified_date, game_ppp, head_count, table_id, team1_id, team2_id, time, type) values (?, ?, ?, ?, ?, ?, ?, ?, ?)
Hibernate: insert into team (head_count, score, team_ppp, user1_id, user2_id, win) values (?, ?, ?, ?, ?, ?)
Hibernate: insert into team (head_count, score, team_ppp, user1_id, user2_id, win) values (?, ?, ?, ?, ?, ?)
Hibernate: insert into team (head_count, score, team_ppp, user1_id, user2_id, win) values (?, ?, ?, ?, ?, ?)
Hibernate: insert into team (head_count, score, team_ppp, user1_id, user2_id, win) values (?, ?, ?, ?, ?, ?)
Hibernate: insert into slot (created_date, modified_date, game_ppp, head_count, table_id, team1_id, team2_id, time, type) values (?, ?, ?, ?, ?, ?, ?, ?, ?)
Hibernate: insert into team (head_count, score, team_ppp, user1_id, user2_id, win) values (?, ?, ?, ?, ?, ?)
Hibernate: insert into team (head_count, score, team_ppp, user1_id, user2_id, win) values (?, ?, ?, ?, ?, ?)
Hibernate: insert into team (head_count, score, team_ppp, user1_id, user2_id, win) values (?, ?, ?, ?, ?, ?)
Hibernate: insert into team (head_count, score, team_ppp, user1_id, user2_id, win) values (?, ?, ?, ?, ?, ?)
Hibernate: insert into slot (created_date, modified_date, game_ppp, head_count, table_id, team1_id, team2_id, time, type) values (?, ?, ?, ?, ?, ?, ?, ?, ?)
Hibernate: insert into team (head_count, score, team_ppp, user1_id, user2_id, win) values (?, ?, ?, ?, ?, ?)
Hibernate: insert into team (head_count, score, team_ppp, user1_id, user2_id, win) values (?, ?, ?, ?, ?, ?)
Hibernate: insert into team (head_count, score, team_ppp, user1_id, user2_id, win) values (?, ?, ?, ?, ?, ?)
Hibernate: insert into team (head_count, score, team_ppp, user1_id, user2_id, win) values (?, ?, ?, ?, ?, ?)
Hibernate: insert into slot (created_date, modified_date, game_ppp, head_count, table_id, team1_id, team2_id, time, type) values (?, ?, ?, ?, ?, ?, ?, ?, ?)
Hibernate: insert into team (head_count, score, team_ppp, user1_id, user2_id, win) values (?, ?, ?, ?, ?, ?)
Hibernate: insert into team (head_count, score, team_ppp, user1_id, user2_id, win) values (?, ?, ?, ?, ?, ?)
Hibernate: insert into team (head_count, score, team_ppp, user1_id, user2_id, win) values (?, ?, ?, ?, ?, ?)
Hibernate: insert into team (head_count, score, team_ppp, user1_id, user2_id, win) values (?, ?, ?, ?, ?, ?)
Hibernate: insert into slot (created_date, modified_date, game_ppp, head_count, table_id, team1_id, team2_id, time, type) values (?, ?, ?, ?, ?, ?, ?, ?, ?)
Hibernate: insert into team (head_count, score, team_ppp, user1_id, user2_id, win) values (?, ?, ?, ?, ?, ?)
Hibernate: insert into team (head_count, score, team_ppp, user1_id, user2_id, win) values (?, ?, ?, ?, ?, ?)
Hibernate: insert into team (head_count, score, team_ppp, user1_id, user2_id, win) values (?, ?, ?, ?, ?, ?)
Hibernate: insert into team (head_count, score, team_ppp, user1_id, user2_id, win) values (?, ?, ?, ?, ?, ?)
Hibernate: insert into slot (created_date, modified_date, game_ppp, head_count, table_id, team1_id, team2_id, time, type) values (?, ?, ?, ?, ?, ?, ?, ?, ?)
Hibernate: insert into team (head_count, score, team_ppp, user1_id, user2_id, win) values (?, ?, ?, ?, ?, ?)
Hibernate: insert into team (head_count, score, team_ppp, user1_id, user2_id, win) values (?, ?, ?, ?, ?, ?)
Hibernate: insert into team (head_count, score, team_ppp, user1_id, user2_id, win) values (?, ?, ?, ?, ?, ?)
Hibernate: insert into team (head_count, score, team_ppp, user1_id, user2_id, win) values (?, ?, ?, ?, ?, ?)
Hibernate: insert into slot (created_date, modified_date, game_ppp, head_count, table_id, team1_id, team2_id, time, type) values (?, ?, ?, ?, ?, ?, ?, ?, ?)
Hibernate: insert into team (head_count, score, team_ppp, user1_id, user2_id, win) values (?, ?, ?, ?, ?, ?)
Hibernate: insert into team (head_count, score, team_ppp, user1_id, user2_id, win) values (?, ?, ?, ?, ?, ?)
Hibernate: insert into team (head_count, score, team_ppp, user1_id, user2_id, win) values (?, ?, ?, ?, ?, ?)
Hibernate: insert into team (head_count, score, team_ppp, user1_id, user2_id, win) values (?, ?, ?, ?, ?, ?)
Hibernate: insert into slot (created_date, modified_date, game_ppp, head_count, table_id, team1_id, team2_id, time, type) values (?, ?, ?, ?, ?, ?, ?, ?, ?)
Hibernate: insert into team (head_count, score, team_ppp, user1_id, user2_id, win) values (?, ?, ?, ?, ?, ?)
Hibernate: insert into team (head_count, score, team_ppp, user1_id, user2_id, win) values (?, ?, ?, ?, ?, ?)
Hibernate: insert into team (head_count, score, team_ppp, user1_id, user2_id, win) values (?, ?, ?, ?, ?, ?)
Hibernate: insert into team (head_count, score, team_ppp, user1_id, user2_id, win) values (?, ?, ?, ?, ?, ?)
Hibernate: insert into slot (created_date, modified_date, game_ppp, head_count, table_id, team1_id, team2_id, time, type) values (?, ?, ?, ?, ?, ?, ?, ?, ?)
Hibernate: select slot0_.id as id1_3_, slot0_.created_date as created_2_3_, slot0_.modified_date as modified3_3_, slot0_.game_ppp as game_ppp4_3_, slot0_.head_count as head_cou5_3_, slot0_.table_id as table_id6_3_, slot0_.team1_id as team9_3_, slot0_.team2_id as team10_3_, slot0_.time as time7_3_, slot0_.type as type8_3_ from slot slot0_
Hibernate: update slot set modified_date=?, game_ppp=?, head_count=?, table_id=?, team1_id=?, team2_id=?, time=?, type=? where id=?
Hibernate: update slot set modified_date=?, game_ppp=?, head_count=?, table_id=?, team1_id=?, team2_id=?, time=?, type=? where id=?
Hibernate: update slot set modified_date=?, game_ppp=?, head_count=?, table_id=?, team1_id=?, team2_id=?, time=?, type=? where id=?
Hibernate: select slot0_.id as id1_3_, slot0_.created_date as created_2_3_, slot0_.modified_date as modified3_3_, slot0_.game_ppp as game_ppp4_3_, slot0_.head_count as head_cou5_3_, slot0_.table_id as table_id6_3_, slot0_.team1_id as team9_3_, slot0_.team2_id as team10_3_, slot0_.time as time7_3_, slot0_.type as type8_3_ from slot slot0_ where slot0_.created_date>?
Hibernate: select currentmat0_.id as id1_0_, currentmat0_.created_date as created_2_0_, currentmat0_.modified_date as modified3_0_, currentmat0_.game_id as game_id6_0_, currentmat0_.is_matched as is_match4_0_, currentmat0_.match_imminent as match_im5_0_, currentmat0_.slot_id as slot_id7_0_, currentmat0_.user_id as user_id8_0_ from current_match currentmat0_ where currentmat0_.user_id=?
close
close
open
open
open
open
open
open
open
open
open
open
open
open
open
open
open
open
open
2022-06-13 10:30:16.887  INFO 93221 --- [    Test worker] o.s.t.c.transaction.TransactionContext   : Rolled back transaction for test: [DefaultTestContext@4f8186a5 testClass = SlotServiceTest, testInstance = io.pp.arcade.domain.slot.SlotServiceTest@64514009, testMethod = findSlotsStatus@SlotServiceTest, testException = [null], mergedContextConfiguration = [WebMergedContextConfiguration@7244d87 testClass = SlotServiceTest, locations = '{}', classes = '{class io.pp.arcade.Application}', contextInitializerClasses = '[]', activeProfiles = '{}', propertySourceLocations = '{}', propertySourceProperties = '{org.springframework.boot.test.context.SpringBootTestContextBootstrapper=true}', contextCustomizers = set[org.springframework.boot.test.autoconfigure.actuate.metrics.MetricsExportContextCustomizerFactory$DisableMetricExportContextCustomizer@56a4479a, org.springframework.boot.test.autoconfigure.properties.PropertyMappingContextCustomizer@0, org.springframework.boot.test.autoconfigure.web.servlet.WebDriverContextCustomizerFactory$Customizer@67ab1c47, org.springframework.boot.test.context.filter.ExcludeFilterContextCustomizer@2a3c96e3, org.springframework.boot.test.json.DuplicateJsonObjectContextCustomizerFactory$DuplicateJsonObjectContextCustomizer@cb191ca, org.springframework.boot.test.mock.mockito.MockitoContextCustomizer@0, org.springframework.boot.test.web.client.TestRestTemplateContextCustomizer@75d0911a, org.springframework.boot.test.context.SpringBootTestArgs@1, org.springframework.boot.test.context.SpringBootTestWebEnvironment@15d49048], resourceBasePath = 'src/main/webapp', contextLoader = 'org.springframework.boot.test.context.SpringBootContextLoader', parent = [null]], attributes = map['org.springframework.test.context.web.ServletTestExecutionListener.activateListener' -> true, 'org.springframework.test.context.web.ServletTestExecutionListener.populatedRequestContextHolder' -> true, 'org.springframework.test.context.web.ServletTestExecutionListener.resetRequestContextHolder' -> true, 'org.springframework.test.context.event.ApplicationEventsTestExecutionListener.recordApplicationEvents' -> false]]
2022-06-13 10:30:16.907  INFO 93221 --- [    Test worker] o.s.t.c.transaction.TransactionContext   : Began transaction (1) for test context [DefaultTestContext@4f8186a5 testClass = SlotServiceTest, testInstance = io.pp.arcade.domain.slot.SlotServiceTest@2692910f, testMethod = addUserInSlot@SlotServiceTest, testException = [null], mergedContextConfiguration = [WebMergedContextConfiguration@7244d87 testClass = SlotServiceTest, locations = '{}', classes = '{class io.pp.arcade.Application}', contextInitializerClasses = '[]', activeProfiles = '{}', propertySourceLocations = '{}', propertySourceProperties = '{org.springframework.boot.test.context.SpringBootTestContextBootstrapper=true}', contextCustomizers = set[org.springframework.boot.test.autoconfigure.actuate.metrics.MetricsExportContextCustomizerFactory$DisableMetricExportContextCustomizer@56a4479a, org.springframework.boot.test.autoconfigure.properties.PropertyMappingContextCustomizer@0, org.springframework.boot.test.autoconfigure.web.servlet.WebDriverContextCustomizerFactory$Customizer@67ab1c47, org.springframework.boot.test.context.filter.ExcludeFilterContextCustomizer@2a3c96e3, org.springframework.boot.test.json.DuplicateJsonObjectContextCustomizerFactory$DuplicateJsonObjectContextCustomizer@cb191ca, org.springframework.boot.test.mock.mockito.MockitoContextCustomizer@0, org.springframework.boot.test.web.client.TestRestTemplateContextCustomizer@75d0911a, org.springframework.boot.test.context.SpringBootTestArgs@1, org.springframework.boot.test.context.SpringBootTestWebEnvironment@15d49048], resourceBasePath = 'src/main/webapp', contextLoader = 'org.springframework.boot.test.context.SpringBootContextLoader', parent = [null]], attributes = map['org.springframework.test.context.web.ServletTestExecutionListener.activateListener' -> true, 'org.springframework.test.context.web.ServletTestExecutionListener.populatedRequestContextHolder' -> true, 'org.springframework.test.context.web.ServletTestExecutionListener.resetRequestContextHolder' -> true, 'org.springframework.test.context.event.ApplicationEventsTestExecutionListener.recordApplicationEvents' -> false]]; transaction manager [org.springframework.orm.jpa.JpaTransactionManager@69374e28]; rollback [true]
Hibernate: insert into user (image_uri, intra_id, ppp, racket_type, status_message) values (?, ?, ?, ?, ?)
Hibernate: insert into user (image_uri, intra_id, ppp, racket_type, status_message) values (?, ?, ?, ?, ?)
Hibernate: insert into user (image_uri, intra_id, ppp, racket_type, status_message) values (?, ?, ?, ?, ?)
Hibernate: insert into user (image_uri, intra_id, ppp, racket_type, status_message) values (?, ?, ?, ?, ?)
Hibernate: insert into team (head_count, score, team_ppp, user1_id, user2_id, win) values (?, ?, ?, ?, ?, ?)
Hibernate: insert into team (head_count, score, team_ppp, user1_id, user2_id, win) values (?, ?, ?, ?, ?, ?)
Hibernate: insert into slot (created_date, modified_date, game_ppp, head_count, table_id, team1_id, team2_id, time, type) values (?, ?, ?, ?, ?, ?, ?, ?, ?)
2022-06-13 10:30:16.947  INFO 93221 --- [    Test worker] o.s.t.c.transaction.TransactionContext   : Rolled back transaction for test: [DefaultTestContext@4f8186a5 testClass = SlotServiceTest, testInstance = io.pp.arcade.domain.slot.SlotServiceTest@2692910f, testMethod = addUserInSlot@SlotServiceTest, testException = [null], mergedContextConfiguration = [WebMergedContextConfiguration@7244d87 testClass = SlotServiceTest, locations = '{}', classes = '{class io.pp.arcade.Application}', contextInitializerClasses = '[]', activeProfiles = '{}', propertySourceLocations = '{}', propertySourceProperties = '{org.springframework.boot.test.context.SpringBootTestContextBootstrapper=true}', contextCustomizers = set[org.springframework.boot.test.autoconfigure.actuate.metrics.MetricsExportContextCustomizerFactory$DisableMetricExportContextCustomizer@56a4479a, org.springframework.boot.test.autoconfigure.properties.PropertyMappingContextCustomizer@0, org.springframework.boot.test.autoconfigure.web.servlet.WebDriverContextCustomizerFactory$Customizer@67ab1c47, org.springframework.boot.test.context.filter.ExcludeFilterContextCustomizer@2a3c96e3, org.springframework.boot.test.json.DuplicateJsonObjectContextCustomizerFactory$DuplicateJsonObjectContextCustomizer@cb191ca, org.springframework.boot.test.mock.mockito.MockitoContextCustomizer@0, org.springframework.boot.test.web.client.TestRestTemplateContextCustomizer@75d0911a, org.springframework.boot.test.context.SpringBootTestArgs@1, org.springframework.boot.test.context.SpringBootTestWebEnvironment@15d49048], resourceBasePath = 'src/main/webapp', contextLoader = 'org.springframework.boot.test.context.SpringBootContextLoader', parent = [null]], attributes = map['org.springframework.test.context.web.ServletTestExecutionListener.activateListener' -> true, 'org.springframework.test.context.web.ServletTestExecutionListener.populatedRequestContextHolder' -> true, 'org.springframework.test.context.web.ServletTestExecutionListener.resetRequestContextHolder' -> true, 'org.springframework.test.context.event.ApplicationEventsTestExecutionListener.recordApplicationEvents' -> false]]
]]></system-out>
  <system-err><![CDATA[]]></system-err>
</testsuite>
