<?xml version="1.0" encoding="UTF-8"?>
<testsuite name="io.gg.arcade.ApplicationTests" tests="1" skipped="0" failures="0" errors="0" timestamp="2022-06-08T10:55:19" hostname="Heos-MacBook-Air.local" time="0.003">
  <properties/>
  <testcase name="contextLoads()" classname="io.gg.arcade.ApplicationTests" time="0.003"/>
  <system-out><![CDATA[2022-06-08 19:55:19.670  INFO 70222 --- [    Test worker] .b.t.c.SpringBootTestContextBootstrapper : Neither @ContextConfiguration nor @ContextHierarchy found for test class [io.gg.arcade.ApplicationTests], using SpringBootContextLoader
2022-06-08 19:55:19.674  INFO 70222 --- [    Test worker] o.s.t.c.support.AbstractContextLoader    : Could not detect default resource locations for test class [io.gg.arcade.ApplicationTests]: no resource found for suffixes {-context.xml, Context.groovy}.
2022-06-08 19:55:19.674  INFO 70222 --- [    Test worker] t.c.s.AnnotationConfigContextLoaderUtils : Could not detect default configuration classes for test class [io.gg.arcade.ApplicationTests]: ApplicationTests does not declare any static, non-private, non-final, nested classes annotated with @Configuration.
2022-06-08 19:55:19.678  INFO 70222 --- [    Test worker] .b.t.c.SpringBootTestContextBootstrapper : Found @SpringBootConfiguration io.gg.arcade.Application for test class io.gg.arcade.ApplicationTests
2022-06-08 19:55:19.679  INFO 70222 --- [    Test worker] .b.t.c.SpringBootTestContextBootstrapper : Loaded default TestExecutionListener class names from location [META-INF/spring.factories]: [org.springframework.boot.test.autoconfigure.restdocs.RestDocsTestExecutionListener, org.springframework.boot.test.autoconfigure.web.client.MockRestServiceServerResetTestExecutionListener, org.springframework.boot.test.autoconfigure.web.servlet.MockMvcPrintOnlyOnFailureTestExecutionListener, org.springframework.boot.test.autoconfigure.web.servlet.WebDriverTestExecutionListener, org.springframework.boot.test.autoconfigure.webservices.client.MockWebServiceServerTestExecutionListener, org.springframework.boot.test.mock.mockito.MockitoTestExecutionListener, org.springframework.boot.test.mock.mockito.ResetMocksTestExecutionListener, org.springframework.test.context.web.ServletTestExecutionListener, org.springframework.test.context.support.DirtiesContextBeforeModesTestExecutionListener, org.springframework.test.context.event.ApplicationEventsTestExecutionListener, org.springframework.test.context.support.DependencyInjectionTestExecutionListener, org.springframework.test.context.support.DirtiesContextTestExecutionListener, org.springframework.test.context.transaction.TransactionalTestExecutionListener, org.springframework.test.context.jdbc.SqlScriptsTestExecutionListener, org.springframework.test.context.event.EventPublishingTestExecutionListener]
2022-06-08 19:55:19.679  INFO 70222 --- [    Test worker] .b.t.c.SpringBootTestContextBootstrapper : Using TestExecutionListeners: [org.springframework.test.context.web.ServletTestExecutionListener@32c7495, org.springframework.test.context.support.DirtiesContextBeforeModesTestExecutionListener@2640f5ea, org.springframework.test.context.event.ApplicationEventsTestExecutionListener@45accb5, org.springframework.boot.test.mock.mockito.MockitoTestExecutionListener@1b32aaca, org.springframework.boot.test.autoconfigure.SpringBootDependencyInjectionTestExecutionListener@7b5afde5, org.springframework.test.context.support.DirtiesContextTestExecutionListener@5a14a8c1, org.springframework.test.context.transaction.TransactionalTestExecutionListener@879f852, org.springframework.test.context.jdbc.SqlScriptsTestExecutionListener@693676d, org.springframework.test.context.event.EventPublishingTestExecutionListener@2a0a178f, org.springframework.boot.test.autoconfigure.restdocs.RestDocsTestExecutionListener@55a7f0af, org.springframework.boot.test.autoconfigure.web.client.MockRestServiceServerResetTestExecutionListener@12db2921, org.springframework.boot.test.autoconfigure.web.servlet.MockMvcPrintOnlyOnFailureTestExecutionListener@f6e9c18, org.springframework.boot.test.autoconfigure.web.servlet.WebDriverTestExecutionListener@75225415, org.springframework.boot.test.autoconfigure.webservices.client.MockWebServiceServerTestExecutionListener@1f6af096, org.springframework.boot.test.mock.mockito.ResetMocksTestExecutionListener@54b3407b]
]]></system-out>
  <system-err><![CDATA[]]></system-err>
</testsuite>
