<?xml version="1.0" encoding="UTF-8"?>
<testsuite name="io.pp.arcade.domain.season.SeasonServiceTest" tests="3" skipped="0" failures="0" errors="0" timestamp="2022-06-14T07:26:40" hostname="KDHs-MacBook-Pro.local" time="0.085">
  <properties/>
  <testcase name="addCurrentSeason()" classname="io.pp.arcade.domain.season.SeasonServiceTest" time="0.035"/>
  <testcase name="findCurrentSeason()" classname="io.pp.arcade.domain.season.SeasonServiceTest" time="0.026"/>
  <testcase name="deleteCurrentSeason()" classname="io.pp.arcade.domain.season.SeasonServiceTest" time="0.02"/>
  <system-out><![CDATA[2022-06-14 16:26:40.234  INFO 68227 --- [    Test worker] .b.t.c.SpringBootTestContextBootstrapper : Neither @ContextConfiguration nor @ContextHierarchy found for test class [io.pp.arcade.domain.season.SeasonServiceTest], using SpringBootContextLoader
2022-06-14 16:26:40.243  INFO 68227 --- [    Test worker] o.s.t.c.support.AbstractContextLoader    : Could not detect default resource locations for test class [io.pp.arcade.domain.season.SeasonServiceTest]: no resource found for suffixes {-context.xml, Context.groovy}.
2022-06-14 16:26:40.243  INFO 68227 --- [    Test worker] t.c.s.AnnotationConfigContextLoaderUtils : Could not detect default configuration classes for test class [io.pp.arcade.domain.season.SeasonServiceTest]: SeasonServiceTest does not declare any static, non-private, non-final, nested classes annotated with @Configuration.
2022-06-14 16:26:40.247  INFO 68227 --- [    Test worker] .b.t.c.SpringBootTestContextBootstrapper : Found @SpringBootConfiguration io.pp.arcade.Application for test class io.pp.arcade.domain.season.SeasonServiceTest
2022-06-14 16:26:40.251  INFO 68227 --- [    Test worker] .b.t.c.SpringBootTestContextBootstrapper : Loaded default TestExecutionListener class names from location [META-INF/spring.factories]: [org.springframework.boot.test.autoconfigure.restdocs.RestDocsTestExecutionListener, org.springframework.boot.test.autoconfigure.web.client.MockRestServiceServerResetTestExecutionListener, org.springframework.boot.test.autoconfigure.web.servlet.MockMvcPrintOnlyOnFailureTestExecutionListener, org.springframework.boot.test.autoconfigure.web.servlet.WebDriverTestExecutionListener, org.springframework.boot.test.autoconfigure.webservices.client.MockWebServiceServerTestExecutionListener, org.springframework.boot.test.mock.mockito.MockitoTestExecutionListener, org.springframework.boot.test.mock.mockito.ResetMocksTestExecutionListener, org.springframework.test.context.web.ServletTestExecutionListener, org.springframework.test.context.support.DirtiesContextBeforeModesTestExecutionListener, org.springframework.test.context.event.ApplicationEventsTestExecutionListener, org.springframework.test.context.support.DependencyInjectionTestExecutionListener, org.springframework.test.context.support.DirtiesContextTestExecutionListener, org.springframework.test.context.transaction.TransactionalTestExecutionListener, org.springframework.test.context.jdbc.SqlScriptsTestExecutionListener, org.springframework.test.context.event.EventPublishingTestExecutionListener]
2022-06-14 16:26:40.251  INFO 68227 --- [    Test worker] .b.t.c.SpringBootTestContextBootstrapper : Using TestExecutionListeners: [org.springframework.test.context.web.ServletTestExecutionListener@5a8a50b8, org.springframework.test.context.support.DirtiesContextBeforeModesTestExecutionListener@5e7026b9, org.springframework.test.context.event.ApplicationEventsTestExecutionListener@a426150, org.springframework.boot.test.mock.mockito.MockitoTestExecutionListener@fc6c83a, org.springframework.boot.test.autoconfigure.SpringBootDependencyInjectionTestExecutionListener@7c156ea, org.springframework.test.context.support.DirtiesContextTestExecutionListener@585bfd45, org.springframework.test.context.transaction.TransactionalTestExecutionListener@418a4fff, org.springframework.test.context.jdbc.SqlScriptsTestExecutionListener@7834d8ec, org.springframework.test.context.event.EventPublishingTestExecutionListener@754fa706, org.springframework.boot.test.autoconfigure.restdocs.RestDocsTestExecutionListener@72f9cd3f, org.springframework.boot.test.autoconfigure.web.client.MockRestServiceServerResetTestExecutionListener@611f8128, org.springframework.boot.test.autoconfigure.web.servlet.MockMvcPrintOnlyOnFailureTestExecutionListener@3f32c65f, org.springframework.boot.test.autoconfigure.web.servlet.WebDriverTestExecutionListener@374d3128, org.springframework.boot.test.autoconfigure.webservices.client.MockWebServiceServerTestExecutionListener@b6182cb, org.springframework.boot.test.mock.mockito.ResetMocksTestExecutionListener@16ea544e]
2022-06-14 16:26:40.256  INFO 68227 --- [    Test worker] o.s.t.c.transaction.TransactionContext   : Began transaction (1) for test context [DefaultTestContext@66a97b79 testClass = SeasonServiceTest, testInstance = io.pp.arcade.domain.season.SeasonServiceTest@22251bc6, testMethod = addCurrentSeason@SeasonServiceTest, testException = [null], mergedContextConfiguration = [WebMergedContextConfiguration@685e398 testClass = SeasonServiceTest, locations = '{}', classes = '{class io.pp.arcade.Application}', contextInitializerClasses = '[]', activeProfiles = '{}', propertySourceLocations = '{}', propertySourceProperties = '{org.springframework.boot.test.context.SpringBootTestContextBootstrapper=true}', contextCustomizers = set[org.springframework.boot.test.autoconfigure.actuate.metrics.MetricsExportContextCustomizerFactory$DisableMetricExportContextCustomizer@6821ea29, org.springframework.boot.test.autoconfigure.properties.PropertyMappingContextCustomizer@0, org.springframework.boot.test.autoconfigure.web.servlet.WebDriverContextCustomizerFactory$Customizer@e077866, org.springframework.boot.test.context.filter.ExcludeFilterContextCustomizer@36546a22, org.springframework.boot.test.json.DuplicateJsonObjectContextCustomizerFactory$DuplicateJsonObjectContextCustomizer@3918c187, org.springframework.boot.test.mock.mockito.MockitoContextCustomizer@0, org.springframework.boot.test.web.client.TestRestTemplateContextCustomizer@12dae582, org.springframework.boot.test.context.SpringBootTestArgs@1, org.springframework.boot.test.context.SpringBootTestWebEnvironment@68878f6d], resourceBasePath = 'src/main/webapp', contextLoader = 'org.springframework.boot.test.context.SpringBootContextLoader', parent = [null]], attributes = map['org.springframework.test.context.web.ServletTestExecutionListener.activateListener' -> true, 'org.springframework.test.context.web.ServletTestExecutionListener.populatedRequestContextHolder' -> true, 'org.springframework.test.context.web.ServletTestExecutionListener.resetRequestContextHolder' -> true, 'org.springframework.test.context.event.ApplicationEventsTestExecutionListener.recordApplicationEvents' -> false]]; transaction manager [org.springframework.orm.jpa.JpaTransactionManager@4ae45ff]; rollback [true]
Hibernate: insert into season (end_time, season_name, start_ppp, start_time) values (?, ?, ?, ?)
Hibernate: insert into season (end_time, season_name, start_ppp, start_time) values (?, ?, ?, ?)
Hibernate: insert into season (end_time, season_name, start_ppp, start_time) values (?, ?, ?, ?)
Hibernate: insert into season (end_time, season_name, start_ppp, start_time) values (?, ?, ?, ?)
Hibernate: select season0_.id as id1_4_, season0_.end_time as end_time2_4_, season0_.season_name as season_n3_4_, season0_.start_ppp as start_pp4_4_, season0_.start_time as start_ti5_4_ from season season0_
2022-06-14 16:26:40.289  INFO 68227 --- [    Test worker] o.s.t.c.transaction.TransactionContext   : Rolled back transaction for test: [DefaultTestContext@66a97b79 testClass = SeasonServiceTest, testInstance = io.pp.arcade.domain.season.SeasonServiceTest@22251bc6, testMethod = addCurrentSeason@SeasonServiceTest, testException = [null], mergedContextConfiguration = [WebMergedContextConfiguration@685e398 testClass = SeasonServiceTest, locations = '{}', classes = '{class io.pp.arcade.Application}', contextInitializerClasses = '[]', activeProfiles = '{}', propertySourceLocations = '{}', propertySourceProperties = '{org.springframework.boot.test.context.SpringBootTestContextBootstrapper=true}', contextCustomizers = set[org.springframework.boot.test.autoconfigure.actuate.metrics.MetricsExportContextCustomizerFactory$DisableMetricExportContextCustomizer@6821ea29, org.springframework.boot.test.autoconfigure.properties.PropertyMappingContextCustomizer@0, org.springframework.boot.test.autoconfigure.web.servlet.WebDriverContextCustomizerFactory$Customizer@e077866, org.springframework.boot.test.context.filter.ExcludeFilterContextCustomizer@36546a22, org.springframework.boot.test.json.DuplicateJsonObjectContextCustomizerFactory$DuplicateJsonObjectContextCustomizer@3918c187, org.springframework.boot.test.mock.mockito.MockitoContextCustomizer@0, org.springframework.boot.test.web.client.TestRestTemplateContextCustomizer@12dae582, org.springframework.boot.test.context.SpringBootTestArgs@1, org.springframework.boot.test.context.SpringBootTestWebEnvironment@68878f6d], resourceBasePath = 'src/main/webapp', contextLoader = 'org.springframework.boot.test.context.SpringBootContextLoader', parent = [null]], attributes = map['org.springframework.test.context.web.ServletTestExecutionListener.activateListener' -> true, 'org.springframework.test.context.web.ServletTestExecutionListener.populatedRequestContextHolder' -> true, 'org.springframework.test.context.web.ServletTestExecutionListener.resetRequestContextHolder' -> true, 'org.springframework.test.context.event.ApplicationEventsTestExecutionListener.recordApplicationEvents' -> false]]
2022-06-14 16:26:40.293  INFO 68227 --- [    Test worker] o.s.t.c.transaction.TransactionContext   : Began transaction (1) for test context [DefaultTestContext@66a97b79 testClass = SeasonServiceTest, testInstance = io.pp.arcade.domain.season.SeasonServiceTest@1946d235, testMethod = findCurrentSeason@SeasonServiceTest, testException = [null], mergedContextConfiguration = [WebMergedContextConfiguration@685e398 testClass = SeasonServiceTest, locations = '{}', classes = '{class io.pp.arcade.Application}', contextInitializerClasses = '[]', activeProfiles = '{}', propertySourceLocations = '{}', propertySourceProperties = '{org.springframework.boot.test.context.SpringBootTestContextBootstrapper=true}', contextCustomizers = set[org.springframework.boot.test.autoconfigure.actuate.metrics.MetricsExportContextCustomizerFactory$DisableMetricExportContextCustomizer@6821ea29, org.springframework.boot.test.autoconfigure.properties.PropertyMappingContextCustomizer@0, org.springframework.boot.test.autoconfigure.web.servlet.WebDriverContextCustomizerFactory$Customizer@e077866, org.springframework.boot.test.context.filter.ExcludeFilterContextCustomizer@36546a22, org.springframework.boot.test.json.DuplicateJsonObjectContextCustomizerFactory$DuplicateJsonObjectContextCustomizer@3918c187, org.springframework.boot.test.mock.mockito.MockitoContextCustomizer@0, org.springframework.boot.test.web.client.TestRestTemplateContextCustomizer@12dae582, org.springframework.boot.test.context.SpringBootTestArgs@1, org.springframework.boot.test.context.SpringBootTestWebEnvironment@68878f6d], resourceBasePath = 'src/main/webapp', contextLoader = 'org.springframework.boot.test.context.SpringBootContextLoader', parent = [null]], attributes = map['org.springframework.test.context.web.ServletTestExecutionListener.activateListener' -> true, 'org.springframework.test.context.web.ServletTestExecutionListener.populatedRequestContextHolder' -> true, 'org.springframework.test.context.web.ServletTestExecutionListener.resetRequestContextHolder' -> true, 'org.springframework.test.context.event.ApplicationEventsTestExecutionListener.recordApplicationEvents' -> false]]; transaction manager [org.springframework.orm.jpa.JpaTransactionManager@4ae45ff]; rollback [true]
Hibernate: insert into season (end_time, season_name, start_ppp, start_time) values (?, ?, ?, ?)
Hibernate: insert into season (end_time, season_name, start_ppp, start_time) values (?, ?, ?, ?)
Hibernate: insert into season (end_time, season_name, start_ppp, start_time) values (?, ?, ?, ?)
Hibernate: select season0_.id as id1_4_, season0_.end_time as end_time2_4_, season0_.season_name as season_n3_4_, season0_.start_ppp as start_pp4_4_, season0_.start_time as start_ti5_4_ from season season0_ where season0_.start_time<? and season0_.end_time>?
2022-06-14 16:26:40.317  INFO 68227 --- [    Test worker] o.s.t.c.transaction.TransactionContext   : Rolled back transaction for test: [DefaultTestContext@66a97b79 testClass = SeasonServiceTest, testInstance = io.pp.arcade.domain.season.SeasonServiceTest@1946d235, testMethod = findCurrentSeason@SeasonServiceTest, testException = [null], mergedContextConfiguration = [WebMergedContextConfiguration@685e398 testClass = SeasonServiceTest, locations = '{}', classes = '{class io.pp.arcade.Application}', contextInitializerClasses = '[]', activeProfiles = '{}', propertySourceLocations = '{}', propertySourceProperties = '{org.springframework.boot.test.context.SpringBootTestContextBootstrapper=true}', contextCustomizers = set[org.springframework.boot.test.autoconfigure.actuate.metrics.MetricsExportContextCustomizerFactory$DisableMetricExportContextCustomizer@6821ea29, org.springframework.boot.test.autoconfigure.properties.PropertyMappingContextCustomizer@0, org.springframework.boot.test.autoconfigure.web.servlet.WebDriverContextCustomizerFactory$Customizer@e077866, org.springframework.boot.test.context.filter.ExcludeFilterContextCustomizer@36546a22, org.springframework.boot.test.json.DuplicateJsonObjectContextCustomizerFactory$DuplicateJsonObjectContextCustomizer@3918c187, org.springframework.boot.test.mock.mockito.MockitoContextCustomizer@0, org.springframework.boot.test.web.client.TestRestTemplateContextCustomizer@12dae582, org.springframework.boot.test.context.SpringBootTestArgs@1, org.springframework.boot.test.context.SpringBootTestWebEnvironment@68878f6d], resourceBasePath = 'src/main/webapp', contextLoader = 'org.springframework.boot.test.context.SpringBootContextLoader', parent = [null]], attributes = map['org.springframework.test.context.web.ServletTestExecutionListener.activateListener' -> true, 'org.springframework.test.context.web.ServletTestExecutionListener.populatedRequestContextHolder' -> true, 'org.springframework.test.context.web.ServletTestExecutionListener.resetRequestContextHolder' -> true, 'org.springframework.test.context.event.ApplicationEventsTestExecutionListener.recordApplicationEvents' -> false]]
2022-06-14 16:26:40.321  INFO 68227 --- [    Test worker] o.s.t.c.transaction.TransactionContext   : Began transaction (1) for test context [DefaultTestContext@66a97b79 testClass = SeasonServiceTest, testInstance = io.pp.arcade.domain.season.SeasonServiceTest@4015ebf1, testMethod = deleteCurrentSeason@SeasonServiceTest, testException = [null], mergedContextConfiguration = [WebMergedContextConfiguration@685e398 testClass = SeasonServiceTest, locations = '{}', classes = '{class io.pp.arcade.Application}', contextInitializerClasses = '[]', activeProfiles = '{}', propertySourceLocations = '{}', propertySourceProperties = '{org.springframework.boot.test.context.SpringBootTestContextBootstrapper=true}', contextCustomizers = set[org.springframework.boot.test.autoconfigure.actuate.metrics.MetricsExportContextCustomizerFactory$DisableMetricExportContextCustomizer@6821ea29, org.springframework.boot.test.autoconfigure.properties.PropertyMappingContextCustomizer@0, org.springframework.boot.test.autoconfigure.web.servlet.WebDriverContextCustomizerFactory$Customizer@e077866, org.springframework.boot.test.context.filter.ExcludeFilterContextCustomizer@36546a22, org.springframework.boot.test.json.DuplicateJsonObjectContextCustomizerFactory$DuplicateJsonObjectContextCustomizer@3918c187, org.springframework.boot.test.mock.mockito.MockitoContextCustomizer@0, org.springframework.boot.test.web.client.TestRestTemplateContextCustomizer@12dae582, org.springframework.boot.test.context.SpringBootTestArgs@1, org.springframework.boot.test.context.SpringBootTestWebEnvironment@68878f6d], resourceBasePath = 'src/main/webapp', contextLoader = 'org.springframework.boot.test.context.SpringBootContextLoader', parent = [null]], attributes = map['org.springframework.test.context.web.ServletTestExecutionListener.activateListener' -> true, 'org.springframework.test.context.web.ServletTestExecutionListener.populatedRequestContextHolder' -> true, 'org.springframework.test.context.web.ServletTestExecutionListener.resetRequestContextHolder' -> true, 'org.springframework.test.context.event.ApplicationEventsTestExecutionListener.recordApplicationEvents' -> false]]; transaction manager [org.springframework.orm.jpa.JpaTransactionManager@4ae45ff]; rollback [true]
Hibernate: insert into season (end_time, season_name, start_ppp, start_time) values (?, ?, ?, ?)
Hibernate: insert into season (end_time, season_name, start_ppp, start_time) values (?, ?, ?, ?)
Hibernate: insert into season (end_time, season_name, start_ppp, start_time) values (?, ?, ?, ?)
Hibernate: delete from season where id=?
Hibernate: select season0_.id as id1_4_, season0_.end_time as end_time2_4_, season0_.season_name as season_n3_4_, season0_.start_ppp as start_pp4_4_, season0_.start_time as start_ti5_4_ from season season0_
2022-06-14 16:26:40.339  INFO 68227 --- [    Test worker] o.s.t.c.transaction.TransactionContext   : Rolled back transaction for test: [DefaultTestContext@66a97b79 testClass = SeasonServiceTest, testInstance = io.pp.arcade.domain.season.SeasonServiceTest@4015ebf1, testMethod = deleteCurrentSeason@SeasonServiceTest, testException = [null], mergedContextConfiguration = [WebMergedContextConfiguration@685e398 testClass = SeasonServiceTest, locations = '{}', classes = '{class io.pp.arcade.Application}', contextInitializerClasses = '[]', activeProfiles = '{}', propertySourceLocations = '{}', propertySourceProperties = '{org.springframework.boot.test.context.SpringBootTestContextBootstrapper=true}', contextCustomizers = set[org.springframework.boot.test.autoconfigure.actuate.metrics.MetricsExportContextCustomizerFactory$DisableMetricExportContextCustomizer@6821ea29, org.springframework.boot.test.autoconfigure.properties.PropertyMappingContextCustomizer@0, org.springframework.boot.test.autoconfigure.web.servlet.WebDriverContextCustomizerFactory$Customizer@e077866, org.springframework.boot.test.context.filter.ExcludeFilterContextCustomizer@36546a22, org.springframework.boot.test.json.DuplicateJsonObjectContextCustomizerFactory$DuplicateJsonObjectContextCustomizer@3918c187, org.springframework.boot.test.mock.mockito.MockitoContextCustomizer@0, org.springframework.boot.test.web.client.TestRestTemplateContextCustomizer@12dae582, org.springframework.boot.test.context.SpringBootTestArgs@1, org.springframework.boot.test.context.SpringBootTestWebEnvironment@68878f6d], resourceBasePath = 'src/main/webapp', contextLoader = 'org.springframework.boot.test.context.SpringBootContextLoader', parent = [null]], attributes = map['org.springframework.test.context.web.ServletTestExecutionListener.activateListener' -> true, 'org.springframework.test.context.web.ServletTestExecutionListener.populatedRequestContextHolder' -> true, 'org.springframework.test.context.web.ServletTestExecutionListener.resetRequestContextHolder' -> true, 'org.springframework.test.context.event.ApplicationEventsTestExecutionListener.recordApplicationEvents' -> false]]
]]></system-out>
  <system-err><![CDATA[]]></system-err>
</testsuite>
