<?xml version="1.0" encoding="UTF-8"?>
<testsuite name="io.gg.arcade.domain.game.controller.GameControllerTest" tests="1" skipped="0" failures="0" errors="0" timestamp="2022-06-08T10:55:19" hostname="Heos-MacBook-Air.local" time="0.385">
  <properties/>
  <testcase name="saveGameResult()" classname="io.gg.arcade.domain.game.controller.GameControllerTest" time="0.385"/>
  <system-out><![CDATA[2022-06-08 19:55:19.689  INFO 70222 --- [    Test worker] .b.t.c.SpringBootTestContextBootstrapper : Neither @ContextConfiguration nor @ContextHierarchy found for test class [io.gg.arcade.domain.game.controller.GameControllerTest], using SpringBootContextLoader
2022-06-08 19:55:19.690  INFO 70222 --- [    Test worker] o.s.t.c.support.AbstractContextLoader    : Could not detect default resource locations for test class [io.gg.arcade.domain.game.controller.GameControllerTest]: no resource found for suffixes {-context.xml, Context.groovy}.
2022-06-08 19:55:19.690  INFO 70222 --- [    Test worker] t.c.s.AnnotationConfigContextLoaderUtils : Could not detect default configuration classes for test class [io.gg.arcade.domain.game.controller.GameControllerTest]: GameControllerTest does not declare any static, non-private, non-final, nested classes annotated with @Configuration.
2022-06-08 19:55:19.711  INFO 70222 --- [    Test worker] .b.t.c.SpringBootTestContextBootstrapper : Found @SpringBootConfiguration io.gg.arcade.Application for test class io.gg.arcade.domain.game.controller.GameControllerTest
2022-06-08 19:55:19.714  INFO 70222 --- [    Test worker] .b.t.c.SpringBootTestContextBootstrapper : Loaded default TestExecutionListener class names from location [META-INF/spring.factories]: [org.springframework.boot.test.autoconfigure.restdocs.RestDocsTestExecutionListener, org.springframework.boot.test.autoconfigure.web.client.MockRestServiceServerResetTestExecutionListener, org.springframework.boot.test.autoconfigure.web.servlet.MockMvcPrintOnlyOnFailureTestExecutionListener, org.springframework.boot.test.autoconfigure.web.servlet.WebDriverTestExecutionListener, org.springframework.boot.test.autoconfigure.webservices.client.MockWebServiceServerTestExecutionListener, org.springframework.boot.test.mock.mockito.MockitoTestExecutionListener, org.springframework.boot.test.mock.mockito.ResetMocksTestExecutionListener, org.springframework.test.context.web.ServletTestExecutionListener, org.springframework.test.context.support.DirtiesContextBeforeModesTestExecutionListener, org.springframework.test.context.event.ApplicationEventsTestExecutionListener, org.springframework.test.context.support.DependencyInjectionTestExecutionListener, org.springframework.test.context.support.DirtiesContextTestExecutionListener, org.springframework.test.context.transaction.TransactionalTestExecutionListener, org.springframework.test.context.jdbc.SqlScriptsTestExecutionListener, org.springframework.test.context.event.EventPublishingTestExecutionListener]
2022-06-08 19:55:19.715  INFO 70222 --- [    Test worker] .b.t.c.SpringBootTestContextBootstrapper : Using TestExecutionListeners: [org.springframework.test.context.web.ServletTestExecutionListener@45cd5c56, org.springframework.test.context.support.DirtiesContextBeforeModesTestExecutionListener@8fe054, org.springframework.test.context.event.ApplicationEventsTestExecutionListener@629fc74d, org.springframework.boot.test.mock.mockito.MockitoTestExecutionListener@12dab9a8, org.springframework.boot.test.autoconfigure.SpringBootDependencyInjectionTestExecutionListener@3d5a6849, org.springframework.test.context.support.DirtiesContextTestExecutionListener@4228a2f6, org.springframework.test.context.transaction.TransactionalTestExecutionListener@5e91b051, org.springframework.test.context.jdbc.SqlScriptsTestExecutionListener@19c145d2, org.springframework.test.context.event.EventPublishingTestExecutionListener@77376e83, org.springframework.boot.test.autoconfigure.restdocs.RestDocsTestExecutionListener@708f4d81, org.springframework.boot.test.autoconfigure.web.client.MockRestServiceServerResetTestExecutionListener@23cf78f9, org.springframework.boot.test.autoconfigure.web.servlet.MockMvcPrintOnlyOnFailureTestExecutionListener@30b35687, org.springframework.boot.test.autoconfigure.web.servlet.WebDriverTestExecutionListener@7c3c6564, org.springframework.boot.test.autoconfigure.webservices.client.MockWebServiceServerTestExecutionListener@7655dc27, org.springframework.boot.test.mock.mockito.ResetMocksTestExecutionListener@2e856aa4]
Hibernate: insert into slot (created_date, modified_date, game_ppp, head_count, team1_id, team2_id, time, type) values (?, ?, ?, ?, ?, ?, ?, ?)
Hibernate: insert into slot (created_date, modified_date, game_ppp, head_count, team1_id, team2_id, time, type) values (?, ?, ?, ?, ?, ?, ?, ?)
Hibernate: insert into slot (created_date, modified_date, game_ppp, head_count, team1_id, team2_id, time, type) values (?, ?, ?, ?, ?, ?, ?, ?)
Hibernate: insert into slot (created_date, modified_date, game_ppp, head_count, team1_id, team2_id, time, type) values (?, ?, ?, ?, ?, ?, ?, ?)
Hibernate: insert into slot (created_date, modified_date, game_ppp, head_count, team1_id, team2_id, time, type) values (?, ?, ?, ?, ?, ?, ?, ?)
Hibernate: insert into slot (created_date, modified_date, game_ppp, head_count, team1_id, team2_id, time, type) values (?, ?, ?, ?, ?, ?, ?, ?)
Hibernate: insert into slot (created_date, modified_date, game_ppp, head_count, team1_id, team2_id, time, type) values (?, ?, ?, ?, ?, ?, ?, ?)
Hibernate: insert into slot (created_date, modified_date, game_ppp, head_count, team1_id, team2_id, time, type) values (?, ?, ?, ?, ?, ?, ?, ?)
Hibernate: insert into slot (created_date, modified_date, game_ppp, head_count, team1_id, team2_id, time, type) values (?, ?, ?, ?, ?, ?, ?, ?)
Hibernate: insert into slot (created_date, modified_date, game_ppp, head_count, team1_id, team2_id, time, type) values (?, ?, ?, ?, ?, ?, ?, ?)
Hibernate: insert into slot (created_date, modified_date, game_ppp, head_count, team1_id, team2_id, time, type) values (?, ?, ?, ?, ?, ?, ?, ?)
Hibernate: insert into slot (created_date, modified_date, game_ppp, head_count, team1_id, team2_id, time, type) values (?, ?, ?, ?, ?, ?, ?, ?)
Hibernate: insert into slot (created_date, modified_date, game_ppp, head_count, team1_id, team2_id, time, type) values (?, ?, ?, ?, ?, ?, ?, ?)
Hibernate: insert into slot (created_date, modified_date, game_ppp, head_count, team1_id, team2_id, time, type) values (?, ?, ?, ?, ?, ?, ?, ?)
Hibernate: insert into slot (created_date, modified_date, game_ppp, head_count, team1_id, team2_id, time, type) values (?, ?, ?, ?, ?, ?, ?, ?)
Hibernate: insert into slot (created_date, modified_date, game_ppp, head_count, team1_id, team2_id, time, type) values (?, ?, ?, ?, ?, ?, ?, ?)
Hibernate: insert into slot (created_date, modified_date, game_ppp, head_count, team1_id, team2_id, time, type) values (?, ?, ?, ?, ?, ?, ?, ?)
Hibernate: insert into slot (created_date, modified_date, game_ppp, head_count, team1_id, team2_id, time, type) values (?, ?, ?, ?, ?, ?, ?, ?)
Hibernate: insert into user (created_date, modified_date, intra_id, is_playing, ppp, racket_type, status_message, user_img_uri) values (?, ?, ?, ?, ?, ?, ?, ?)
Hibernate: insert into user (created_date, modified_date, intra_id, is_playing, ppp, racket_type, status_message, user_img_uri) values (?, ?, ?, ?, ?, ?, ?, ?)
Hibernate: insert into user (created_date, modified_date, intra_id, is_playing, ppp, racket_type, status_message, user_img_uri) values (?, ?, ?, ?, ?, ?, ?, ?)
Hibernate: insert into user (created_date, modified_date, intra_id, is_playing, ppp, racket_type, status_message, user_img_uri) values (?, ?, ?, ?, ?, ?, ?, ?)
Hibernate: select user0_.id as id1_5_, user0_.created_date as created_2_5_, user0_.modified_date as modified3_5_, user0_.intra_id as intra_id4_5_, user0_.is_playing as is_playi5_5_, user0_.ppp as ppp6_5_, user0_.racket_type as racket_t7_5_, user0_.status_message as status_m8_5_, user0_.user_img_uri as user_img9_5_ from user user0_ where user0_.intra_id=?
Hibernate: select user0_.id as id1_5_, user0_.created_date as created_2_5_, user0_.modified_date as modified3_5_, user0_.intra_id as intra_id4_5_, user0_.is_playing as is_playi5_5_, user0_.ppp as ppp6_5_, user0_.racket_type as racket_t7_5_, user0_.status_message as status_m8_5_, user0_.user_img_uri as user_img9_5_ from user user0_ where user0_.intra_id=?
Hibernate: select user0_.id as id1_5_, user0_.created_date as created_2_5_, user0_.modified_date as modified3_5_, user0_.intra_id as intra_id4_5_, user0_.is_playing as is_playi5_5_, user0_.ppp as ppp6_5_, user0_.racket_type as racket_t7_5_, user0_.status_message as status_m8_5_, user0_.user_img_uri as user_img9_5_ from user user0_ where user0_.intra_id=?
Hibernate: select user0_.id as id1_5_, user0_.created_date as created_2_5_, user0_.modified_date as modified3_5_, user0_.intra_id as intra_id4_5_, user0_.is_playing as is_playi5_5_, user0_.ppp as ppp6_5_, user0_.racket_type as racket_t7_5_, user0_.status_message as status_m8_5_, user0_.user_img_uri as user_img9_5_ from user user0_ where user0_.intra_id=?
Hibernate: select slot0_.id as id1_3_, slot0_.created_date as created_2_3_, slot0_.modified_date as modified3_3_, slot0_.game_ppp as game_ppp4_3_, slot0_.head_count as head_cou5_3_, slot0_.team1_id as team6_3_, slot0_.team2_id as team7_3_, slot0_.time as time8_3_, slot0_.type as type9_3_ from slot slot0_
Hibernate: select slot0_.id as id1_3_0_, slot0_.created_date as created_2_3_0_, slot0_.modified_date as modified3_3_0_, slot0_.game_ppp as game_ppp4_3_0_, slot0_.head_count as head_cou5_3_0_, slot0_.team1_id as team6_3_0_, slot0_.team2_id as team7_3_0_, slot0_.time as time8_3_0_, slot0_.type as type9_3_0_ from slot slot0_ where slot0_.id=?
Hibernate: select slot0_.id as id1_3_, slot0_.created_date as created_2_3_, slot0_.modified_date as modified3_3_, slot0_.game_ppp as game_ppp4_3_, slot0_.head_count as head_cou5_3_, slot0_.team1_id as team6_3_, slot0_.team2_id as team7_3_, slot0_.time as time8_3_, slot0_.type as type9_3_ from slot slot0_
Hibernate: select slot0_.id as id1_3_0_, slot0_.created_date as created_2_3_0_, slot0_.modified_date as modified3_3_0_, slot0_.game_ppp as game_ppp4_3_0_, slot0_.head_count as head_cou5_3_0_, slot0_.team1_id as team6_3_0_, slot0_.team2_id as team7_3_0_, slot0_.time as time8_3_0_, slot0_.type as type9_3_0_ from slot slot0_ where slot0_.id=?
2022-06-08 19:55:19.887  INFO 70222 --- [    Test worker] o.s.t.c.transaction.TransactionContext   : Began transaction (1) for test context [DefaultTestContext@43d00636 testClass = GameControllerTest, testInstance = io.gg.arcade.domain.game.controller.GameControllerTest@3a72160a, testMethod = saveGameResult@GameControllerTest, testException = [null], mergedContextConfiguration = [WebMergedContextConfiguration@2a01c55 testClass = GameControllerTest, locations = '{}', classes = '{class io.gg.arcade.Application}', contextInitializerClasses = '[]', activeProfiles = '{}', propertySourceLocations = '{}', propertySourceProperties = '{org.springframework.boot.test.context.SpringBootTestContextBootstrapper=true}', contextCustomizers = set[org.springframework.boot.test.autoconfigure.actuate.metrics.MetricsExportContextCustomizerFactory$DisableMetricExportContextCustomizer@75459c75, org.springframework.boot.test.autoconfigure.properties.PropertyMappingContextCustomizer@63da79bb, org.springframework.boot.test.autoconfigure.web.servlet.WebDriverContextCustomizerFactory$Customizer@5f031ebd, [ImportsContextCustomizer@1560982f key = [@org.springframework.context.annotation.Import(value={org.springframework.boot.autoconfigure.ImportAutoConfigurationImportSelector.class}), @org.springframework.boot.test.autoconfigure.web.servlet.AutoConfigureMockMvc(webDriverEnabled=true, print=DEFAULT, webClientEnabled=true, printOnlyOnFailure=true, addFilters=true), @org.springframework.boot.autoconfigure.ImportAutoConfiguration(value={}, exclude={}, classes={}), @org.springframework.boot.test.autoconfigure.properties.PropertyMapping(value="spring.test.mockmvc", skip=NO), @org.springframework.boot.test.autoconfigure.restdocs.AutoConfigureRestDocs(uriScheme="http", outputDir="", uriPort=8080, value="", uriHost="localhost"), @org.springframework.boot.test.context.SpringBootTest(args={}, webEnvironment=MOCK, value={}, properties={}, classes={}), @org.springframework.test.context.BootstrapWith(value=org.springframework.boot.test.context.SpringBootTestContextBootstrapper.class), @org.springframework.context.annotation.Import(value={org.springframework.boot.test.autoconfigure.restdocs.RestDocumentationContextProviderRegistrar.class}), @org.springframework.context.annotation.Import(value={io.gg.arcade.RestDocsConfiguration.class}), @org.springframework.boot.test.autoconfigure.properties.PropertyMapping(value="spring.test.restdocs", skip=NO)]], org.springframework.boot.test.context.filter.ExcludeFilterContextCustomizer@53812a9b, org.springframework.boot.test.json.DuplicateJsonObjectContextCustomizerFactory$DuplicateJsonObjectContextCustomizer@422c3c7a, org.springframework.boot.test.mock.mockito.MockitoContextCustomizer@0, org.springframework.boot.test.web.client.TestRestTemplateContextCustomizer@7446d8d5, org.springframework.boot.test.context.SpringBootTestArgs@1, org.springframework.boot.test.context.SpringBootTestWebEnvironment@7068e664], resourceBasePath = 'src/main/webapp', contextLoader = 'org.springframework.boot.test.context.SpringBootContextLoader', parent = [null]], attributes = map['org.springframework.test.context.web.ServletTestExecutionListener.activateListener' -> true, 'org.springframework.test.context.web.ServletTestExecutionListener.populatedRequestContextHolder' -> true, 'org.springframework.test.context.web.ServletTestExecutionListener.resetRequestContextHolder' -> true, 'org.springframework.test.context.event.ApplicationEventsTestExecutionListener.recordApplicationEvents' -> false]]; transaction manager [org.springframework.orm.jpa.JpaTransactionManager@2eb27091]; rollback [true]
Hibernate: select slot0_.id as id1_3_0_, slot0_.created_date as created_2_3_0_, slot0_.modified_date as modified3_3_0_, slot0_.game_ppp as game_ppp4_3_0_, slot0_.head_count as head_cou5_3_0_, slot0_.team1_id as team6_3_0_, slot0_.team2_id as team7_3_0_, slot0_.time as time8_3_0_, slot0_.type as type9_3_0_ from slot slot0_ where slot0_.id=?
Hibernate: select user0_.id as id1_5_0_, user0_.created_date as created_2_5_0_, user0_.modified_date as modified3_5_0_, user0_.intra_id as intra_id4_5_0_, user0_.is_playing as is_playi5_5_0_, user0_.ppp as ppp6_5_0_, user0_.racket_type as racket_t7_5_0_, user0_.status_message as status_m8_5_0_, user0_.user_img_uri as user_img9_5_0_ from user user0_ where user0_.id=?
Hibernate: select team0_.id as id1_4_, team0_.team_id as team_id2_4_, team0_.user_id as user_id3_4_ from team team0_ where team0_.team_id=?
Hibernate: select team0_.id as id1_4_, team0_.team_id as team_id2_4_, team0_.user_id as user_id3_4_ from team team0_ where team0_.team_id=?
Hibernate: insert into team (team_id, user_id) values (?, ?)
Hibernate: select user0_.id as id1_5_0_, user0_.created_date as created_2_5_0_, user0_.modified_date as modified3_5_0_, user0_.intra_id as intra_id4_5_0_, user0_.is_playing as is_playi5_5_0_, user0_.ppp as ppp6_5_0_, user0_.racket_type as racket_t7_5_0_, user0_.status_message as status_m8_5_0_, user0_.user_img_uri as user_img9_5_0_ from user user0_ where user0_.id=?
Hibernate: select team0_.id as id1_4_, team0_.team_id as team_id2_4_, team0_.user_id as user_id3_4_ from team team0_ where team0_.team_id=?
Hibernate: select team0_.id as id1_4_, team0_.team_id as team_id2_4_, team0_.user_id as user_id3_4_ from team team0_ where team0_.team_id=?
Hibernate: insert into team (team_id, user_id) values (?, ?)
Hibernate: select next_val as id_val from hibernate_sequence for update
Hibernate: update hibernate_sequence set next_val= ? where next_val=?
Hibernate: select team0_.id as id1_4_, team0_.team_id as team_id2_4_, team0_.user_id as user_id3_4_ from team team0_ where team0_.team_id=?
Hibernate: select team0_.id as id1_4_, team0_.team_id as team_id2_4_, team0_.user_id as user_id3_4_ from team team0_ where team0_.team_id=?
Hibernate: insert into game (created_date, modified_date, status, team1_id, team1_score, team1_win, team2_id, team2_score, team2_win, id) values (?, ?, ?, ?, ?, ?, ?, ?, ?, ?)
Hibernate: insert into pchange (game_id, ppp_change, ppp_result, user_id) values (?, ?, ?, ?)
Hibernate: insert into pchange (game_id, ppp_change, ppp_result, user_id) values (?, ?, ?, ?)
2022-06-08 19:55:20.257  INFO 70222 --- [    Test worker] o.s.t.c.transaction.TransactionContext   : Rolled back transaction for test: [DefaultTestContext@43d00636 testClass = GameControllerTest, testInstance = io.gg.arcade.domain.game.controller.GameControllerTest@3a72160a, testMethod = saveGameResult@GameControllerTest, testException = [null], mergedContextConfiguration = [WebMergedContextConfiguration@2a01c55 testClass = GameControllerTest, locations = '{}', classes = '{class io.gg.arcade.Application}', contextInitializerClasses = '[]', activeProfiles = '{}', propertySourceLocations = '{}', propertySourceProperties = '{org.springframework.boot.test.context.SpringBootTestContextBootstrapper=true}', contextCustomizers = set[org.springframework.boot.test.autoconfigure.actuate.metrics.MetricsExportContextCustomizerFactory$DisableMetricExportContextCustomizer@75459c75, org.springframework.boot.test.autoconfigure.properties.PropertyMappingContextCustomizer@63da79bb, org.springframework.boot.test.autoconfigure.web.servlet.WebDriverContextCustomizerFactory$Customizer@5f031ebd, [ImportsContextCustomizer@1560982f key = [@org.springframework.context.annotation.Import(value={org.springframework.boot.autoconfigure.ImportAutoConfigurationImportSelector.class}), @org.springframework.boot.test.autoconfigure.web.servlet.AutoConfigureMockMvc(webDriverEnabled=true, print=DEFAULT, webClientEnabled=true, printOnlyOnFailure=true, addFilters=true), @org.springframework.boot.autoconfigure.ImportAutoConfiguration(value={}, exclude={}, classes={}), @org.springframework.boot.test.autoconfigure.properties.PropertyMapping(value="spring.test.mockmvc", skip=NO), @org.springframework.boot.test.autoconfigure.restdocs.AutoConfigureRestDocs(uriScheme="http", outputDir="", uriPort=8080, value="", uriHost="localhost"), @org.springframework.boot.test.context.SpringBootTest(args={}, webEnvironment=MOCK, value={}, properties={}, classes={}), @org.springframework.test.context.BootstrapWith(value=org.springframework.boot.test.context.SpringBootTestContextBootstrapper.class), @org.springframework.context.annotation.Import(value={org.springframework.boot.test.autoconfigure.restdocs.RestDocumentationContextProviderRegistrar.class}), @org.springframework.context.annotation.Import(value={io.gg.arcade.RestDocsConfiguration.class}), @org.springframework.boot.test.autoconfigure.properties.PropertyMapping(value="spring.test.restdocs", skip=NO)]], org.springframework.boot.test.context.filter.ExcludeFilterContextCustomizer@53812a9b, org.springframework.boot.test.json.DuplicateJsonObjectContextCustomizerFactory$DuplicateJsonObjectContextCustomizer@422c3c7a, org.springframework.boot.test.mock.mockito.MockitoContextCustomizer@0, org.springframework.boot.test.web.client.TestRestTemplateContextCustomizer@7446d8d5, org.springframework.boot.test.context.SpringBootTestArgs@1, org.springframework.boot.test.context.SpringBootTestWebEnvironment@7068e664], resourceBasePath = 'src/main/webapp', contextLoader = 'org.springframework.boot.test.context.SpringBootContextLoader', parent = [null]], attributes = map['org.springframework.test.context.web.ServletTestExecutionListener.activateListener' -> true, 'org.springframework.test.context.web.ServletTestExecutionListener.populatedRequestContextHolder' -> true, 'org.springframework.test.context.web.ServletTestExecutionListener.resetRequestContextHolder' -> true, 'org.springframework.test.context.event.ApplicationEventsTestExecutionListener.recordApplicationEvents' -> false]]
]]></system-out>
  <system-err><![CDATA[]]></system-err>
</testsuite>
