<?xml version="1.0" encoding="UTF-8"?>
<testsuite name="io.pp.arcade.domain.user.UserServiceTest" tests="1" skipped="0" failures="0" errors="0" timestamp="2022-06-10T04:58:56" hostname="jiyunui-MacBook-Pro.local" time="0.566">
  <properties/>
  <testcase name="findByIntraId()" classname="io.pp.arcade.domain.user.UserServiceTest" time="0.566"/>
  <system-out><![CDATA[13:58:47.077 [Test worker] DEBUG org.springframework.test.context.BootstrapUtils - Instantiating CacheAwareContextLoaderDelegate from class [org.springframework.test.context.cache.DefaultCacheAwareContextLoaderDelegate]
13:58:47.090 [Test worker] DEBUG org.springframework.test.context.BootstrapUtils - Instantiating BootstrapContext using constructor [public org.springframework.test.context.support.DefaultBootstrapContext(java.lang.Class,org.springframework.test.context.CacheAwareContextLoaderDelegate)]
13:58:47.140 [Test worker] DEBUG org.springframework.test.context.BootstrapUtils - Instantiating TestContextBootstrapper for test class [io.pp.arcade.domain.user.UserServiceTest] from class [org.springframework.boot.test.context.SpringBootTestContextBootstrapper]
13:58:47.162 [Test worker] INFO org.springframework.boot.test.context.SpringBootTestContextBootstrapper - Neither @ContextConfiguration nor @ContextHierarchy found for test class [io.pp.arcade.domain.user.UserServiceTest], using SpringBootContextLoader
13:58:47.167 [Test worker] DEBUG org.springframework.test.context.support.AbstractContextLoader - Did not detect default resource location for test class [io.pp.arcade.domain.user.UserServiceTest]: class path resource [io/pp/arcade/domain/user/UserServiceTest-context.xml] does not exist
13:58:47.168 [Test worker] DEBUG org.springframework.test.context.support.AbstractContextLoader - Did not detect default resource location for test class [io.pp.arcade.domain.user.UserServiceTest]: class path resource [io/pp/arcade/domain/user/UserServiceTestContext.groovy] does not exist
13:58:47.169 [Test worker] INFO org.springframework.test.context.support.AbstractContextLoader - Could not detect default resource locations for test class [io.pp.arcade.domain.user.UserServiceTest]: no resource found for suffixes {-context.xml, Context.groovy}.
13:58:47.170 [Test worker] INFO org.springframework.test.context.support.AnnotationConfigContextLoaderUtils - Could not detect default configuration classes for test class [io.pp.arcade.domain.user.UserServiceTest]: UserServiceTest does not declare any static, non-private, non-final, nested classes annotated with @Configuration.
13:58:47.262 [Test worker] DEBUG org.springframework.test.context.support.ActiveProfilesUtils - Could not find an 'annotation declaring class' for annotation type [org.springframework.test.context.ActiveProfiles] and class [io.pp.arcade.domain.user.UserServiceTest]
13:58:47.364 [Test worker] DEBUG org.springframework.context.annotation.ClassPathScanningCandidateComponentProvider - Identified candidate component class: file [/Users/jiyun/42pingpong/42pingpong_server/build/classes/java/main/io/pp/arcade/Application.class]
13:58:47.366 [Test worker] INFO org.springframework.boot.test.context.SpringBootTestContextBootstrapper - Found @SpringBootConfiguration io.pp.arcade.Application for test class io.pp.arcade.domain.user.UserServiceTest
13:58:47.526 [Test worker] DEBUG org.springframework.boot.test.context.SpringBootTestContextBootstrapper - @TestExecutionListeners is not present for class [io.pp.arcade.domain.user.UserServiceTest]: using defaults.
13:58:47.527 [Test worker] INFO org.springframework.boot.test.context.SpringBootTestContextBootstrapper - Loaded default TestExecutionListener class names from location [META-INF/spring.factories]: [org.springframework.boot.test.autoconfigure.restdocs.RestDocsTestExecutionListener, org.springframework.boot.test.autoconfigure.web.client.MockRestServiceServerResetTestExecutionListener, org.springframework.boot.test.autoconfigure.web.servlet.MockMvcPrintOnlyOnFailureTestExecutionListener, org.springframework.boot.test.autoconfigure.web.servlet.WebDriverTestExecutionListener, org.springframework.boot.test.autoconfigure.webservices.client.MockWebServiceServerTestExecutionListener, org.springframework.boot.test.mock.mockito.MockitoTestExecutionListener, org.springframework.boot.test.mock.mockito.ResetMocksTestExecutionListener, org.springframework.test.context.web.ServletTestExecutionListener, org.springframework.test.context.support.DirtiesContextBeforeModesTestExecutionListener, org.springframework.test.context.event.ApplicationEventsTestExecutionListener, org.springframework.test.context.support.DependencyInjectionTestExecutionListener, org.springframework.test.context.support.DirtiesContextTestExecutionListener, org.springframework.test.context.transaction.TransactionalTestExecutionListener, org.springframework.test.context.jdbc.SqlScriptsTestExecutionListener, org.springframework.test.context.event.EventPublishingTestExecutionListener]
13:58:47.561 [Test worker] INFO org.springframework.boot.test.context.SpringBootTestContextBootstrapper - Using TestExecutionListeners: [org.springframework.test.context.web.ServletTestExecutionListener@58783f6c, org.springframework.test.context.support.DirtiesContextBeforeModesTestExecutionListener@3a7b503d, org.springframework.test.context.event.ApplicationEventsTestExecutionListener@512d92b, org.springframework.boot.test.mock.mockito.MockitoTestExecutionListener@62c5bbdc, org.springframework.boot.test.autoconfigure.SpringBootDependencyInjectionTestExecutionListener@7bdf6bb7, org.springframework.test.context.support.DirtiesContextTestExecutionListener@1bc53649, org.springframework.test.context.transaction.TransactionalTestExecutionListener@88d6f9b, org.springframework.test.context.jdbc.SqlScriptsTestExecutionListener@47d93e0d, org.springframework.test.context.event.EventPublishingTestExecutionListener@475b7792, org.springframework.boot.test.autoconfigure.restdocs.RestDocsTestExecutionListener@751e664e, org.springframework.boot.test.autoconfigure.web.client.MockRestServiceServerResetTestExecutionListener@160c3ec1, org.springframework.boot.test.autoconfigure.web.servlet.MockMvcPrintOnlyOnFailureTestExecutionListener@182b435b, org.springframework.boot.test.autoconfigure.web.servlet.WebDriverTestExecutionListener@4d0402b, org.springframework.boot.test.autoconfigure.webservices.client.MockWebServiceServerTestExecutionListener@2fa7ae9, org.springframework.boot.test.mock.mockito.ResetMocksTestExecutionListener@7577b641]
13:58:47.567 [Test worker] DEBUG org.springframework.test.context.support.AbstractDirtiesContextTestExecutionListener - Before test class: context [DefaultTestContext@6831d8fd testClass = UserServiceTest, testInstance = [null], testMethod = [null], testException = [null], mergedContextConfiguration = [WebMergedContextConfiguration@27dc79f7 testClass = UserServiceTest, locations = '{}', classes = '{class io.pp.arcade.Application}', contextInitializerClasses = '[]', activeProfiles = '{}', propertySourceLocations = '{}', propertySourceProperties = '{org.springframework.boot.test.context.SpringBootTestContextBootstrapper=true}', contextCustomizers = set[org.springframework.boot.test.autoconfigure.actuate.metrics.MetricsExportContextCustomizerFactory$DisableMetricExportContextCustomizer@2262b621, org.springframework.boot.test.autoconfigure.properties.PropertyMappingContextCustomizer@0, org.springframework.boot.test.autoconfigure.web.servlet.WebDriverContextCustomizerFactory$Customizer@10993713, org.springframework.boot.test.context.filter.ExcludeFilterContextCustomizer@5f031ebd, org.springframework.boot.test.json.DuplicateJsonObjectContextCustomizerFactory$DuplicateJsonObjectContextCustomizer@41e350f1, org.springframework.boot.test.mock.mockito.MockitoContextCustomizer@0, org.springframework.boot.test.web.client.TestRestTemplateContextCustomizer@1ef3efa8, org.springframework.boot.test.context.SpringBootTestArgs@1, org.springframework.boot.test.context.SpringBootTestWebEnvironment@2bdd8394], resourceBasePath = 'src/main/webapp', contextLoader = 'org.springframework.boot.test.context.SpringBootContextLoader', parent = [null]], attributes = map['org.springframework.test.context.web.ServletTestExecutionListener.activateListener' -> true]], class annotated with @DirtiesContext [false] with mode [null].

  .   ____          _            __ _ _
 /\\ / ___'_ __ _ _(_)_ __  __ _ \ \ \ \
( ( )\___ | '_ | '_| | '_ \/ _` | \ \ \ \
 \\/  ___)| |_)| | | | | || (_| |  ) ) ) )
  '  |____| .__|_| |_|_| |_\__, | / / / /
 =========|_|==============|___/=/_/_/_/
 :: Spring Boot ::                (v2.7.0)

2022-06-10 13:58:48.285  INFO 88156 --- [    Test worker] i.pp.arcade.domain.user.UserServiceTest  : Starting UserServiceTest using Java 11.0.13 on jiyunui-MacBook-Pro.local with PID 88156 (started by jiyun in /Users/jiyun/42pingpong/42pingpong_server)
2022-06-10 13:58:48.287  INFO 88156 --- [    Test worker] i.pp.arcade.domain.user.UserServiceTest  : The following 1 profile is active: "local"
2022-06-10 13:58:49.840  INFO 88156 --- [    Test worker] .s.d.r.c.RepositoryConfigurationDelegate : Bootstrapping Spring Data JPA repositories in DEFAULT mode.
2022-06-10 13:58:49.932  INFO 88156 --- [    Test worker] .s.d.r.c.RepositoryConfigurationDelegate : Finished Spring Data repository scanning in 78 ms. Found 4 JPA repository interfaces.
2022-06-10 13:58:50.942  INFO 88156 --- [    Test worker] o.hibernate.jpa.internal.util.LogHelper  : HHH000204: Processing PersistenceUnitInfo [name: default]
2022-06-10 13:58:51.030  INFO 88156 --- [    Test worker] org.hibernate.Version                    : HHH000412: Hibernate ORM core version 5.6.9.Final
2022-06-10 13:58:51.317  INFO 88156 --- [    Test worker] o.hibernate.annotations.common.Version   : HCANN000001: Hibernate Commons Annotations {5.1.2.Final}
2022-06-10 13:58:51.457  INFO 88156 --- [    Test worker] com.zaxxer.hikari.HikariDataSource       : HikariPool-1 - Starting...
2022-06-10 13:58:52.130  INFO 88156 --- [    Test worker] com.zaxxer.hikari.HikariDataSource       : HikariPool-1 - Start completed.
2022-06-10 13:58:52.158  INFO 88156 --- [    Test worker] org.hibernate.dialect.Dialect            : HHH000400: Using dialect: org.hibernate.dialect.MySQL5InnoDBDialect
Hibernate: create table game (id integer not null auto_increment, season integer not null, status varchar(255) not null, time datetime not null, type varchar(255) not null, team1_id integer not null, team2_id integer not null, primary key (id)) engine=InnoDB
Hibernate: alter table game add constraint FKjnhlg2dqkrjvaai3e70ymw339 foreign key (team1_id) references team (id)
Hibernate: alter table game add constraint FKehwjicpbm71ks5yyuo7co77qj foreign key (team2_id) references team (id)
2022-06-10 13:58:53.703  INFO 88156 --- [    Test worker] o.h.e.t.j.p.i.JtaPlatformInitiator       : HHH000490: Using JtaPlatform implementation: [org.hibernate.engine.transaction.jta.platform.internal.NoJtaPlatform]
2022-06-10 13:58:53.719  INFO 88156 --- [    Test worker] j.LocalContainerEntityManagerFactoryBean : Initialized JPA EntityManagerFactory for persistence unit 'default'
2022-06-10 13:58:54.903  WARN 88156 --- [    Test worker] JpaBaseConfiguration$JpaWebConfiguration : spring.jpa.open-in-view is enabled by default. Therefore, database queries may be performed during view rendering. Explicitly configure spring.jpa.open-in-view to disable this warning
2022-06-10 13:58:55.738  WARN 88156 --- [    Test worker] ion$DefaultTemplateResolverConfiguration : Cannot find template location: classpath:templates/ (please add some templates or check your Thymeleaf configuration)
2022-06-10 13:58:56.068  WARN 88156 --- [    Test worker] .s.s.UserDetailsServiceAutoConfiguration : 

Using generated security password: add71dc0-a1ea-4ab9-8f98-fed34ddf8c86

This generated password is for development use only. Your security configuration must be updated before running your application in production.

2022-06-10 13:58:56.392  INFO 88156 --- [    Test worker] o.s.s.web.DefaultSecurityFilterChain     : Will secure any request with [org.springframework.security.web.session.DisableEncodeUrlFilter@5257123d, org.springframework.security.web.context.request.async.WebAsyncManagerIntegrationFilter@261c5d1f, org.springframework.security.web.context.SecurityContextPersistenceFilter@69fa5536, org.springframework.security.web.header.HeaderWriterFilter@31ecb361, org.springframework.security.web.csrf.CsrfFilter@7a8e484b, org.springframework.security.web.authentication.logout.LogoutFilter@78d49939, org.springframework.security.web.authentication.UsernamePasswordAuthenticationFilter@655d5285, org.springframework.security.web.authentication.ui.DefaultLoginPageGeneratingFilter@760ac834, org.springframework.security.web.authentication.ui.DefaultLogoutPageGeneratingFilter@570089c4, org.springframework.security.web.authentication.www.BasicAuthenticationFilter@b6fea12, org.springframework.security.web.savedrequest.RequestCacheAwareFilter@4cf46574, org.springframework.security.web.servletapi.SecurityContextHolderAwareRequestFilter@779cda39, org.springframework.security.web.authentication.AnonymousAuthenticationFilter@409df37d, org.springframework.security.web.session.SessionManagementFilter@6779959d, org.springframework.security.web.access.ExceptionTranslationFilter@22ea09b7, org.springframework.security.web.access.intercept.FilterSecurityInterceptor@735dc133]
2022-06-10 13:58:56.536  INFO 88156 --- [    Test worker] i.pp.arcade.domain.user.UserServiceTest  : Started UserServiceTest in 8.895 seconds (JVM running for 11.041)
2022-06-10 13:58:56.579  INFO 88156 --- [    Test worker] o.s.t.c.transaction.TransactionContext   : Began transaction (1) for test context [DefaultTestContext@6831d8fd testClass = UserServiceTest, testInstance = io.pp.arcade.domain.user.UserServiceTest@5e89e527, testMethod = findByIntraId@UserServiceTest, testException = [null], mergedContextConfiguration = [WebMergedContextConfiguration@27dc79f7 testClass = UserServiceTest, locations = '{}', classes = '{class io.pp.arcade.Application}', contextInitializerClasses = '[]', activeProfiles = '{}', propertySourceLocations = '{}', propertySourceProperties = '{org.springframework.boot.test.context.SpringBootTestContextBootstrapper=true}', contextCustomizers = set[org.springframework.boot.test.autoconfigure.actuate.metrics.MetricsExportContextCustomizerFactory$DisableMetricExportContextCustomizer@2262b621, org.springframework.boot.test.autoconfigure.properties.PropertyMappingContextCustomizer@0, org.springframework.boot.test.autoconfigure.web.servlet.WebDriverContextCustomizerFactory$Customizer@10993713, org.springframework.boot.test.context.filter.ExcludeFilterContextCustomizer@5f031ebd, org.springframework.boot.test.json.DuplicateJsonObjectContextCustomizerFactory$DuplicateJsonObjectContextCustomizer@41e350f1, org.springframework.boot.test.mock.mockito.MockitoContextCustomizer@0, org.springframework.boot.test.web.client.TestRestTemplateContextCustomizer@1ef3efa8, org.springframework.boot.test.context.SpringBootTestArgs@1, org.springframework.boot.test.context.SpringBootTestWebEnvironment@2bdd8394], resourceBasePath = 'src/main/webapp', contextLoader = 'org.springframework.boot.test.context.SpringBootContextLoader', parent = [null]], attributes = map['org.springframework.test.context.web.ServletTestExecutionListener.activateListener' -> true, 'org.springframework.test.context.web.ServletTestExecutionListener.populatedRequestContextHolder' -> true, 'org.springframework.test.context.web.ServletTestExecutionListener.resetRequestContextHolder' -> true, 'org.springframework.test.context.event.ApplicationEventsTestExecutionListener.recordApplicationEvents' -> false]]; transaction manager [org.springframework.orm.jpa.JpaTransactionManager@5e8bc83e]; rollback [true]
Hibernate: insert into user (image_uri, intra_id, ppp, racket_type, status_message) values (?, ?, ?, ?, ?)
Hibernate: select user0_.id as id1_3_, user0_.image_uri as image_ur2_3_, user0_.intra_id as intra_id3_3_, user0_.ppp as ppp4_3_, user0_.racket_type as racket_t5_3_, user0_.status_message as status_m6_3_ from user user0_ where user0_.intra_id=?
2022-06-10 13:58:57.119  INFO 88156 --- [    Test worker] o.s.t.c.transaction.TransactionContext   : Rolled back transaction for test: [DefaultTestContext@6831d8fd testClass = UserServiceTest, testInstance = io.pp.arcade.domain.user.UserServiceTest@5e89e527, testMethod = findByIntraId@UserServiceTest, testException = [null], mergedContextConfiguration = [WebMergedContextConfiguration@27dc79f7 testClass = UserServiceTest, locations = '{}', classes = '{class io.pp.arcade.Application}', contextInitializerClasses = '[]', activeProfiles = '{}', propertySourceLocations = '{}', propertySourceProperties = '{org.springframework.boot.test.context.SpringBootTestContextBootstrapper=true}', contextCustomizers = set[org.springframework.boot.test.autoconfigure.actuate.metrics.MetricsExportContextCustomizerFactory$DisableMetricExportContextCustomizer@2262b621, org.springframework.boot.test.autoconfigure.properties.PropertyMappingContextCustomizer@0, org.springframework.boot.test.autoconfigure.web.servlet.WebDriverContextCustomizerFactory$Customizer@10993713, org.springframework.boot.test.context.filter.ExcludeFilterContextCustomizer@5f031ebd, org.springframework.boot.test.json.DuplicateJsonObjectContextCustomizerFactory$DuplicateJsonObjectContextCustomizer@41e350f1, org.springframework.boot.test.mock.mockito.MockitoContextCustomizer@0, org.springframework.boot.test.web.client.TestRestTemplateContextCustomizer@1ef3efa8, org.springframework.boot.test.context.SpringBootTestArgs@1, org.springframework.boot.test.context.SpringBootTestWebEnvironment@2bdd8394], resourceBasePath = 'src/main/webapp', contextLoader = 'org.springframework.boot.test.context.SpringBootContextLoader', parent = [null]], attributes = map['org.springframework.test.context.web.ServletTestExecutionListener.activateListener' -> true, 'org.springframework.test.context.web.ServletTestExecutionListener.populatedRequestContextHolder' -> true, 'org.springframework.test.context.web.ServletTestExecutionListener.resetRequestContextHolder' -> true, 'org.springframework.test.context.event.ApplicationEventsTestExecutionListener.recordApplicationEvents' -> false]]
]]></system-out>
  <system-err><![CDATA[]]></system-err>
</testsuite>
